2023-07-20 09:52:02.107 +05 [17840] РЎРћРћР‘Р©Р•РќРР•:  РЅРµ СѓРґР°Р»РѕСЃСЊ РїРѕР»СѓС‡РёС‚СЊ РґР°РЅРЅС‹Рµ РѕС‚ РєР»РёРµРЅС‚Р°: An existing connection was forcibly closed by the remote host.
	
2023-07-20 10:02:06.878 +05 [8948] СООБЩЕНИЕ:  начата контрольная точка: time
2023-07-20 10:02:12.040 +05 [8948] СООБЩЕНИЕ:  контрольная точка завершена: записано буферов: 48 (0.3%); добавлено файлов WAL 0, удалено: 0, переработано: 0; запись=5.133 сек., синхр.=0.015 сек., всего=5.166 сек.; синхронизировано_файлов=24, самая_долгая_синхр.=0.002 сек., средняя=0.001 сек.; расстояние=273 kB, ожидалось=638 kB
2023-07-20 10:07:06.046 +05 [8948] СООБЩЕНИЕ:  начата контрольная точка: time
2023-07-20 10:07:43.882 +05 [8948] СООБЩЕНИЕ:  контрольная точка завершена: записано буферов: 347 (2.1%); добавлено файлов WAL 0, удалено: 0, переработано: 0; запись=37.776 сек., синхр.=0.033 сек., всего=37.837 сек.; синхронизировано_файлов=97, самая_долгая_синхр.=0.003 сек., средняя=0.001 сек.; расстояние=6528 kB, ожидалось=6528 kB
2023-07-20 10:21:39.309 +05 [2380] РЎРћРћР‘Р©Р•РќРР•:  РЅРµ СѓРґР°Р»РѕСЃСЊ РїРѕР»СѓС‡РёС‚СЊ РґР°РЅРЅС‹Рµ РѕС‚ РєР»РёРµРЅС‚Р°: An existing connection was forcibly closed by the remote host.
	
2023-07-20 10:21:45.858 +05 [10328] РћРЁРР‘РљРђ:  РїСѓСЃС‚РѕР№ РёРґРµРЅС‚РёС„РёРєР°С‚РѕСЂ РІ РєР°РІС‹С‡РєР°С… (РїСЂРёРјРµСЂРЅРѕРµ РїРѕР»РѕР¶РµРЅРёРµ: """") (СЃРёРјРІРѕР» 4536)
2023-07-20 10:21:45.858 +05 [10328] РћРџР•Р РђРўРћР :  SELECT "id", "tag", "name", "avar_parameter", "bitmask_protection_group_membership", "stop_type_NA", "pump_station_stop_type",
	                                                          
	                                                          "shutdown_PNS_a_time_delay_up_5s_after_turning", "auto_unlock_protection", "DisableMasking", 
	                                                          
	                                                          "closing_valves_inlet_RP", "closing_secant_valve_connection_unit__oil_production_oil", 
	                                                          "closing_valves_inlet_FGU", "closing_valves_inlet_SSVD", "closing_valves_outlet_RD", "closing_valves_inlet_RD", 
	                                                          "closing_valves_inlet_and_outlet_PNA", "closing_valves_inlet_and_outlet_MNA", "closing_valves_inlet_and_outlet_PNS", 
	                                                          "closing_valves_inlet_and_outlet_MNS", "closing_gate_valves_between_RP_and_PNS", "closing_gate_valves_between_PNS_and_MNS", 
	                                                          "closing_gate_valves_at_the_outlet_NPS", "closing_gate_valves_at_the_inlet_NPS", 
	                                                          
	                                                          "shutdown_of_water_cooling_fans_circulating_water_supply_system", "AVO_shutdown", "shutdown_of_art_well_pumps", 
	                                                          "shutdown_domestic_and_drinking_water_pumps", "disabling_pumps_for_pumping_oil_oil_products_through_BIC", 
	                                                          "shutdown_pumps_providing_oil", "shutdown_of_ED_air_compressors", "shutdown_of_retaining_fans_of_the_electrical_room", 
	                                                          "shutdown_of_booster_fans_ED", "switching_off_the_electric_room_fans", "shutdown_pumps_pumping_out_from_tanks_SSVD", 
	                                                          "shutdown_pumps_pumping_out_from_tanks_collection_of_leaks_PNS", "shutdown_pumps_pumping_out_from_tanks_collection_of_leaks_MNS", 
	                                                          "shutdown_circulating_water_pumps", "shutdown_oil_pumps_after_signal_stopped_NA", "shutdown_oil_pumps", 
	                                                          
	                                                          "switching_off_the_supply_fan_of_the_SIKN_room", "switching_off_the_supply_fan_of_the_BIK_room", 
	                                                          "switching_off_the_supply_fans_of_the_ED_air_compressor", "switching_off_the_supply_fan_of_the_SSVD_room", 
	                                                          "switching_off_the_supply_fan_of_the_RD_room", "switch_off_the_supply_fans_in_the_centralized_oil", 
	                                                          "switching_off_the_supply_fans_pumping_room_of_the_PNS", "switching_off_the_supply_fans_pumping_room_of_the_MNS", 
	                                                          "shutdown_of_the_roof_fans_of_the_PNS_pump_room", "shutdown_of_the_roof_fans_of_the_MNS_pump_room", 
	                                                          "shutdown_of_exhaust_fans_in_the_SSVD_room", "shutdown_of_exhaust_fans_in_the_RD_room", 
	                                                          "shutdown_of_exhaust_fans_oil_pit_in_the_electrical_room", "shutdown_of_exhaust_fans_in_the_centralized_oil_system_room", 
	                                                          "shutdown_of_exhaust_fans_of_the_pumping_room_PNS", "shutdown_exhaust_fans_of_the_pumping_room_of_the_MNS", 
	                                                          
	                                                          "fire_protection", "shutdown_of_anticondensation_electric_heaters_ED", "shutdown_of_pumping_pumps_from_leakage_collection_tanks", 
	                                                          "shutdown_of_pumps_for_pumping_oil_oil_products_through", "shutdown_of_locking_system_pumps", 
	                                                          "shutdown_of_the_external_cooling_circuit_ChRP_PNA", "shutdown_of_the_external_cooling_circuit_ChRP_MNA", 
	                                                          "shutdown_of_air_coolers_of_the_locking_system_disc_NA", "shutdown_of_air_coolers_of_the_locking_system_MNA", 
	                                                          shutdown_of_electric_heaters_of_the_SIKN_leak_collection_tank"", "shutdown_of_the_electric_heaters_of_the_leakage_collection_PNS", 
	                                                          "shutdown_of_the_electric_heaters_of_the_leakage_collection_MNS", "shutdown_of_electric_oil_heaters", 
	                                                          "closing_of_air_valves_louvered_grilles_of_the_compressor_room", "closing_the_air_valves_louvered_grilles_of_the_pump_room"
	                                                           FROM "ktpr" ORDER BY id
2023-07-20 10:21:52.045 +05 [10328] РЎРћРћР‘Р©Р•РќРР•:  РЅРµ СѓРґР°Р»РѕСЃСЊ РїРѕР»СѓС‡РёС‚СЊ РґР°РЅРЅС‹Рµ РѕС‚ РєР»РёРµРЅС‚Р°: An existing connection was forcibly closed by the remote host.
	
2023-07-20 10:22:06.906 +05 [8948] СООБЩЕНИЕ:  начата контрольная точка: time
2023-07-20 10:22:07.567 +05 [8948] СООБЩЕНИЕ:  контрольная точка завершена: записано буферов: 6 (0.0%); добавлено файлов WAL 0, удалено: 0, переработано: 0; запись=0.649 сек., синхр.=0.004 сек., всего=0.661 сек.; синхронизировано_файлов=1, самая_долгая_синхр.=0.004 сек., средняя=0.004 сек.; расстояние=24 kB, ожидалось=5878 kB
2023-07-20 10:22:08.245 +05 [1980] РћРЁРР‘РљРђ:  РїСѓСЃС‚РѕР№ РёРґРµРЅС‚РёС„РёРєР°С‚РѕСЂ РІ РєР°РІС‹С‡РєР°С… (РїСЂРёРјРµСЂРЅРѕРµ РїРѕР»РѕР¶РµРЅРёРµ: """") (СЃРёРјРІРѕР» 4536)
2023-07-20 10:22:08.245 +05 [1980] РћРџР•Р РђРўРћР :  SELECT "id", "tag", "name", "avar_parameter", "bitmask_protection_group_membership", "stop_type_NA", "pump_station_stop_type",
	                                                          
	                                                          "shutdown_PNS_a_time_delay_up_5s_after_turning", "auto_unlock_protection", "DisableMasking", 
	                                                          
	                                                          "closing_valves_inlet_RP", "closing_secant_valve_connection_unit__oil_production_oil", 
	                                                          "closing_valves_inlet_FGU", "closing_valves_inlet_SSVD", "closing_valves_outlet_RD", "closing_valves_inlet_RD", 
	                                                          "closing_valves_inlet_and_outlet_PNA", "closing_valves_inlet_and_outlet_MNA", "closing_valves_inlet_and_outlet_PNS", 
	                                                          "closing_valves_inlet_and_outlet_MNS", "closing_gate_valves_between_RP_and_PNS", "closing_gate_valves_between_PNS_and_MNS", 
	                                                          "closing_gate_valves_at_the_outlet_NPS", "closing_gate_valves_at_the_inlet_NPS", 
	                                                          
	                                                          "shutdown_of_water_cooling_fans_circulating_water_supply_system", "AVO_shutdown", "shutdown_of_art_well_pumps", 
	                                                          "shutdown_domestic_and_drinking_water_pumps", "disabling_pumps_for_pumping_oil_oil_products_through_BIC", 
	                                                          "shutdown_pumps_providing_oil", "shutdown_of_ED_air_compressors", "shutdown_of_retaining_fans_of_the_electrical_room", 
	                                                          "shutdown_of_booster_fans_ED", "switching_off_the_electric_room_fans", "shutdown_pumps_pumping_out_from_tanks_SSVD", 
	                                                          "shutdown_pumps_pumping_out_from_tanks_collection_of_leaks_PNS", "shutdown_pumps_pumping_out_from_tanks_collection_of_leaks_MNS", 
	                                                          "shutdown_circulating_water_pumps", "shutdown_oil_pumps_after_signal_stopped_NA", "shutdown_oil_pumps", 
	                                                          
	                                                          "switching_off_the_supply_fan_of_the_SIKN_room", "switching_off_the_supply_fan_of_the_BIK_room", 
	                                                          "switching_off_the_supply_fans_of_the_ED_air_compressor", "switching_off_the_supply_fan_of_the_SSVD_room", 
	                                                          "switching_off_the_supply_fan_of_the_RD_room", "switch_off_the_supply_fans_in_the_centralized_oil", 
	                                                          "switching_off_the_supply_fans_pumping_room_of_the_PNS", "switching_off_the_supply_fans_pumping_room_of_the_MNS", 
	                                                          "shutdown_of_the_roof_fans_of_the_PNS_pump_room", "shutdown_of_the_roof_fans_of_the_MNS_pump_room", 
	                                                          "shutdown_of_exhaust_fans_in_the_SSVD_room", "shutdown_of_exhaust_fans_in_the_RD_room", 
	                                                          "shutdown_of_exhaust_fans_oil_pit_in_the_electrical_room", "shutdown_of_exhaust_fans_in_the_centralized_oil_system_room", 
	                                                          "shutdown_of_exhaust_fans_of_the_pumping_room_PNS", "shutdown_exhaust_fans_of_the_pumping_room_of_the_MNS", 
	                                                          
	                                                          "fire_protection", "shutdown_of_anticondensation_electric_heaters_ED", "shutdown_of_pumping_pumps_from_leakage_collection_tanks", 
	                                                          "shutdown_of_pumps_for_pumping_oil_oil_products_through", "shutdown_of_locking_system_pumps", 
	                                                          "shutdown_of_the_external_cooling_circuit_ChRP_PNA", "shutdown_of_the_external_cooling_circuit_ChRP_MNA", 
	                                                          "shutdown_of_air_coolers_of_the_locking_system_disc_NA", "shutdown_of_air_coolers_of_the_locking_system_MNA", 
	                                                          shutdown_of_electric_heaters_of_the_SIKN_leak_collection_tank"", "shutdown_of_the_electric_heaters_of_the_leakage_collection_PNS", 
	                                                          "shutdown_of_the_electric_heaters_of_the_leakage_collection_MNS", "shutdown_of_electric_oil_heaters", 
	                                                          "closing_of_air_valves_louvered_grilles_of_the_compressor_room", "closing_the_air_valves_louvered_grilles_of_the_pump_room"
	                                                           FROM "ktpr" ORDER BY id
2023-07-20 10:22:19.013 +05 [1980] РЎРћРћР‘Р©Р•РќРР•:  РЅРµ СѓРґР°Р»РѕСЃСЊ РїРѕР»СѓС‡РёС‚СЊ РґР°РЅРЅС‹Рµ РѕС‚ РєР»РёРµРЅС‚Р°: An existing connection was forcibly closed by the remote host.
	
2023-07-20 10:22:48.253 +05 [17236] РћРЁРР‘РљРђ:  РїСѓСЃС‚РѕР№ РёРґРµРЅС‚РёС„РёРєР°С‚РѕСЂ РІ РєР°РІС‹С‡РєР°С… (РїСЂРёРјРµСЂРЅРѕРµ РїРѕР»РѕР¶РµРЅРёРµ: """") (СЃРёРјРІРѕР» 4536)
2023-07-20 10:22:48.253 +05 [17236] РћРџР•Р РђРўРћР :  SELECT "id", "tag", "name", "avar_parameter", "bitmask_protection_group_membership", "stop_type_NA", "pump_station_stop_type",
	                                                          
	                                                          "shutdown_PNS_a_time_delay_up_5s_after_turning", "auto_unlock_protection", "DisableMasking", 
	                                                          
	                                                          "closing_valves_inlet_RP", "closing_secant_valve_connection_unit__oil_production_oil", 
	                                                          "closing_valves_inlet_FGU", "closing_valves_inlet_SSVD", "closing_valves_outlet_RD", "closing_valves_inlet_RD", 
	                                                          "closing_valves_inlet_and_outlet_PNA", "closing_valves_inlet_and_outlet_MNA", "closing_valves_inlet_and_outlet_PNS", 
	                                                          "closing_valves_inlet_and_outlet_MNS", "closing_gate_valves_between_RP_and_PNS", "closing_gate_valves_between_PNS_and_MNS", 
	                                                          "closing_gate_valves_at_the_outlet_NPS", "closing_gate_valves_at_the_inlet_NPS", 
	                                                          
	                                                          "shutdown_of_water_cooling_fans_circulating_water_supply_system", "AVO_shutdown", "shutdown_of_art_well_pumps", 
	                                                          "shutdown_domestic_and_drinking_water_pumps", "disabling_pumps_for_pumping_oil_oil_products_through_BIC", 
	                                                          "shutdown_pumps_providing_oil", "shutdown_of_ED_air_compressors", "shutdown_of_retaining_fans_of_the_electrical_room", 
	                                                          "shutdown_of_booster_fans_ED", "switching_off_the_electric_room_fans", "shutdown_pumps_pumping_out_from_tanks_SSVD", 
	                                                          "shutdown_pumps_pumping_out_from_tanks_collection_of_leaks_PNS", "shutdown_pumps_pumping_out_from_tanks_collection_of_leaks_MNS", 
	                                                          "shutdown_circulating_water_pumps", "shutdown_oil_pumps_after_signal_stopped_NA", "shutdown_oil_pumps", 
	                                                          
	                                                          "switching_off_the_supply_fan_of_the_SIKN_room", "switching_off_the_supply_fan_of_the_BIK_room", 
	                                                          "switching_off_the_supply_fans_of_the_ED_air_compressor", "switching_off_the_supply_fan_of_the_SSVD_room", 
	                                                          "switching_off_the_supply_fan_of_the_RD_room", "switch_off_the_supply_fans_in_the_centralized_oil", 
	                                                          "switching_off_the_supply_fans_pumping_room_of_the_PNS", "switching_off_the_supply_fans_pumping_room_of_the_MNS", 
	                                                          "shutdown_of_the_roof_fans_of_the_PNS_pump_room", "shutdown_of_the_roof_fans_of_the_MNS_pump_room", 
	                                                          "shutdown_of_exhaust_fans_in_the_SSVD_room", "shutdown_of_exhaust_fans_in_the_RD_room", 
	                                                          "shutdown_of_exhaust_fans_oil_pit_in_the_electrical_room", "shutdown_of_exhaust_fans_in_the_centralized_oil_system_room", 
	                                                          "shutdown_of_exhaust_fans_of_the_pumping_room_PNS", "shutdown_exhaust_fans_of_the_pumping_room_of_the_MNS", 
	                                                          
	                                                          "fire_protection", "shutdown_of_anticondensation_electric_heaters_ED", "shutdown_of_pumping_pumps_from_leakage_collection_tanks", 
	                                                          "shutdown_of_pumps_for_pumping_oil_oil_products_through", "shutdown_of_locking_system_pumps", 
	                                                          "shutdown_of_the_external_cooling_circuit_ChRP_PNA", "shutdown_of_the_external_cooling_circuit_ChRP_MNA", 
	                                                          "shutdown_of_air_coolers_of_the_locking_system_disc_NA", "shutdown_of_air_coolers_of_the_locking_system_MNA", 
	                                                          shutdown_of_electric_heaters_of_the_SIKN_leak_collection_tank"", "shutdown_of_the_electric_heaters_of_the_leakage_collection_PNS", 
	                                                          "shutdown_of_the_electric_heaters_of_the_leakage_collection_MNS", "shutdown_of_electric_oil_heaters", 
	                                                          "closing_of_air_valves_louvered_grilles_of_the_compressor_room", "closing_the_air_valves_louvered_grilles_of_the_pump_room"
	                                                           FROM "ktpr" ORDER BY id
2023-07-20 10:23:10.013 +05 [17236] РЎРћРћР‘Р©Р•РќРР•:  РЅРµ СѓРґР°Р»РѕСЃСЊ РїРѕР»СѓС‡РёС‚СЊ РґР°РЅРЅС‹Рµ РѕС‚ РєР»РёРµРЅС‚Р°: An existing connection was forcibly closed by the remote host.
	
2023-07-20 10:25:33.644 +05 [14428] РЎРћРћР‘Р©Р•РќРР•:  РЅРµ СѓРґР°Р»РѕСЃСЊ РїРѕР»СѓС‡РёС‚СЊ РґР°РЅРЅС‹Рµ РѕС‚ РєР»РёРµРЅС‚Р°: An existing connection was forcibly closed by the remote host.
	
2023-07-20 11:32:06.651 +05 [8948] СООБЩЕНИЕ:  начата контрольная точка: time
2023-07-20 11:32:07.432 +05 [8948] СООБЩЕНИЕ:  контрольная точка завершена: записано буферов: 7 (0.0%); добавлено файлов WAL 0, удалено: 0, переработано: 0; запись=0.766 сек., синхр.=0.005 сек., всего=0.781 сек.; синхронизировано_файлов=2, самая_долгая_синхр.=0.004 сек., средняя=0.003 сек.; расстояние=21 kB, ожидалось=5292 kB
2023-07-20 13:43:22.967 +05 [16108] РЎРћРћР‘Р©Р•РќРР•:  РЅРµ СѓРґР°Р»РѕСЃСЊ РїРѕР»СѓС‡РёС‚СЊ РґР°РЅРЅС‹Рµ РѕС‚ РєР»РёРµРЅС‚Р°: An existing connection was forcibly closed by the remote host.
	
2023-07-20 13:43:22.969 +05 [18784] РЎРћРћР‘Р©Р•РќРР•:  РЅРµ СѓРґР°Р»РѕСЃСЊ РїРѕР»СѓС‡РёС‚СЊ РґР°РЅРЅС‹Рµ РѕС‚ РєР»РёРµРЅС‚Р°: An existing connection was forcibly closed by the remote host.
	
2023-07-20 13:43:22.969 +05 [18132] РЎРћРћР‘Р©Р•РќРР•:  РЅРµ СѓРґР°Р»РѕСЃСЊ РїРѕР»СѓС‡РёС‚СЊ РґР°РЅРЅС‹Рµ РѕС‚ РєР»РёРµРЅС‚Р°: An existing connection was forcibly closed by the remote host.
	
2023-07-20 14:06:13.699 +05 [8948] СООБЩЕНИЕ:  начата контрольная точка: time
2023-07-20 14:06:23.315 +05 [8948] СООБЩЕНИЕ:  контрольная точка завершена: записано буферов: 89 (0.5%); добавлено файлов WAL 0, удалено: 0, переработано: 1; запись=9.567 сек., синхр.=0.027 сек., всего=9.616 сек.; синхронизировано_файлов=43, самая_долгая_синхр.=0.004 сек., средняя=0.001 сек.; расстояние=456 kB, ожидалось=4809 kB
2023-07-20 14:11:13.324 +05 [8948] СООБЩЕНИЕ:  начата контрольная точка: time
2023-07-20 14:11:13.999 +05 [8948] СООБЩЕНИЕ:  контрольная точка завершена: записано буферов: 7 (0.0%); добавлено файлов WAL 0, удалено: 0, переработано: 0; запись=0.662 сек., синхр.=0.006 сек., всего=0.676 сек.; синхронизировано_файлов=6, самая_долгая_синхр.=0.003 сек., средняя=0.001 сек.; расстояние=8 kB, ожидалось=4329 kB
2023-07-20 14:36:14.047 +05 [8948] СООБЩЕНИЕ:  начата контрольная точка: time
2023-07-20 14:36:23.431 +05 [8948] СООБЩЕНИЕ:  контрольная точка завершена: записано буферов: 87 (0.5%); добавлено файлов WAL 0, удалено: 0, переработано: 0; запись=9.337 сек., синхр.=0.038 сек., всего=9.384 сек.; синхронизировано_файлов=45, самая_долгая_синхр.=0.004 сек., средняя=0.001 сек.; расстояние=446 kB, ожидалось=3940 kB
2023-07-20 14:45:36.938 +05 [14552] РЎРћРћР‘Р©Р•РќРР•:  РЅРµ СѓРґР°Р»РѕСЃСЊ РїРѕР»СѓС‡РёС‚СЊ РґР°РЅРЅС‹Рµ РѕС‚ РєР»РёРµРЅС‚Р°: An existing connection was forcibly closed by the remote host.
	
2023-07-20 14:45:36.938 +05 [14552] РЎРћРћР‘Р©Р•РќРР•:  РЅРµРѕР¶РёРґР°РЅРЅС‹Р№ РѕР±СЂС‹РІ СЃРѕРµРґРёРЅРµРЅРёСЏ СЃ РєР»РёРµРЅС‚РѕРј РїСЂРё РѕС‚РєСЂС‹С‚РѕР№ С‚СЂР°РЅР·Р°РєС†РёРё
2023-07-20 15:04:11.798 +05 [15044] РЎРћРћР‘Р©Р•РќРР•:  РЅРµ СѓРґР°Р»РѕСЃСЊ РїРѕР»СѓС‡РёС‚СЊ РґР°РЅРЅС‹Рµ РѕС‚ РєР»РёРµРЅС‚Р°: An existing connection was forcibly closed by the remote host.
	
2023-07-20 15:04:11.798 +05 [15044] РЎРћРћР‘Р©Р•РќРР•:  РЅРµРѕР¶РёРґР°РЅРЅС‹Р№ РѕР±СЂС‹РІ СЃРѕРµРґРёРЅРµРЅРёСЏ СЃ РєР»РёРµРЅС‚РѕРј РїСЂРё РѕС‚РєСЂС‹С‚РѕР№ С‚СЂР°РЅР·Р°РєС†РёРё
2023-07-20 15:13:22.264 +05 [12116] РЎРћРћР‘Р©Р•РќРР•:  РЅРµ СѓРґР°Р»РѕСЃСЊ РїРѕР»СѓС‡РёС‚СЊ РґР°РЅРЅС‹Рµ РѕС‚ РєР»РёРµРЅС‚Р°: An existing connection was forcibly closed by the remote host.
	
2023-07-20 15:13:22.264 +05 [12116] РЎРћРћР‘Р©Р•РќРР•:  РЅРµРѕР¶РёРґР°РЅРЅС‹Р№ РѕР±СЂС‹РІ СЃРѕРµРґРёРЅРµРЅРёСЏ СЃ РєР»РёРµРЅС‚РѕРј РїСЂРё РѕС‚РєСЂС‹С‚РѕР№ С‚СЂР°РЅР·Р°РєС†РёРё
2023-07-20 15:14:07.935 +05 [16848] РЎРћРћР‘Р©Р•РќРР•:  РЅРµ СѓРґР°Р»РѕСЃСЊ РїРѕР»СѓС‡РёС‚СЊ РґР°РЅРЅС‹Рµ РѕС‚ РєР»РёРµРЅС‚Р°: An existing connection was forcibly closed by the remote host.
	
2023-07-20 15:14:07.935 +05 [16848] РЎРћРћР‘Р©Р•РќРР•:  РЅРµРѕР¶РёРґР°РЅРЅС‹Р№ РѕР±СЂС‹РІ СЃРѕРµРґРёРЅРµРЅРёСЏ СЃ РєР»РёРµРЅС‚РѕРј РїСЂРё РѕС‚РєСЂС‹С‚РѕР№ С‚СЂР°РЅР·Р°РєС†РёРё
2023-07-20 15:14:53.240 +05 [1112] РЎРћРћР‘Р©Р•РќРР•:  РЅРµ СѓРґР°Р»РѕСЃСЊ РїРѕР»СѓС‡РёС‚СЊ РґР°РЅРЅС‹Рµ РѕС‚ РєР»РёРµРЅС‚Р°: An existing connection was forcibly closed by the remote host.
	
2023-07-20 15:14:53.240 +05 [1112] РЎРћРћР‘Р©Р•РќРР•:  РЅРµРѕР¶РёРґР°РЅРЅС‹Р№ РѕР±СЂС‹РІ СЃРѕРµРґРёРЅРµРЅРёСЏ СЃ РєР»РёРµРЅС‚РѕРј РїСЂРё РѕС‚РєСЂС‹С‚РѕР№ С‚СЂР°РЅР·Р°РєС†РёРё
2023-07-20 15:22:09.325 +05 [12208] РЎРћРћР‘Р©Р•РќРР•:  РЅРµ СѓРґР°Р»РѕСЃСЊ РїРѕР»СѓС‡РёС‚СЊ РґР°РЅРЅС‹Рµ РѕС‚ РєР»РёРµРЅС‚Р°: An existing connection was forcibly closed by the remote host.
	
2023-07-20 15:22:09.325 +05 [12208] РЎРћРћР‘Р©Р•РќРР•:  РЅРµРѕР¶РёРґР°РЅРЅС‹Р№ РѕР±СЂС‹РІ СЃРѕРµРґРёРЅРµРЅРёСЏ СЃ РєР»РёРµРЅС‚РѕРј РїСЂРё РѕС‚РєСЂС‹С‚РѕР№ С‚СЂР°РЅР·Р°РєС†РёРё
2023-07-20 15:24:46.737 +05 [2536] РЎРћРћР‘Р©Р•РќРР•:  РЅРµ СѓРґР°Р»РѕСЃСЊ РїРѕР»СѓС‡РёС‚СЊ РґР°РЅРЅС‹Рµ РѕС‚ РєР»РёРµРЅС‚Р°: An existing connection was forcibly closed by the remote host.
	
2023-07-20 15:24:46.737 +05 [2536] РЎРћРћР‘Р©Р•РќРР•:  РЅРµРѕР¶РёРґР°РЅРЅС‹Р№ РѕР±СЂС‹РІ СЃРѕРµРґРёРЅРµРЅРёСЏ СЃ РєР»РёРµРЅС‚РѕРј РїСЂРё РѕС‚РєСЂС‹С‚РѕР№ С‚СЂР°РЅР·Р°РєС†РёРё
2023-07-20 15:41:14.523 +05 [8948] СООБЩЕНИЕ:  начата контрольная точка: time
2023-07-20 15:41:14.748 +05 [8948] СООБЩЕНИЕ:  контрольная точка завершена: записано буферов: 2 (0.0%); добавлено файлов WAL 0, удалено: 0, переработано: 0; запись=0.210 сек., синхр.=0.005 сек., всего=0.225 сек.; синхронизировано_файлов=2, самая_долгая_синхр.=0.004 сек., средняя=0.003 сек.; расстояние=6 kB, ожидалось=3547 kB
