2023-07-02 14:12:13.622 +05 [25176] РЎРћРћР‘Р©Р•РќРР•:  РЅРµ СѓРґР°Р»РѕСЃСЊ РїРѕР»СѓС‡РёС‚СЊ РґР°РЅРЅС‹Рµ РѕС‚ РєР»РёРµРЅС‚Р°: An existing connection was forcibly closed by the remote host.
	
2023-07-02 14:12:13.922 +05 [19752] РЎРћРћР‘Р©Р•РќРР•:  РЅРµ СѓРґР°Р»РѕСЃСЊ РїРѕР»СѓС‡РёС‚СЊ РґР°РЅРЅС‹Рµ РѕС‚ РєР»РёРµРЅС‚Р°: An existing connection was forcibly closed by the remote host.
	
2023-07-02 14:12:13.922 +05 [14732] РЎРћРћР‘Р©Р•РќРР•:  РЅРµ СѓРґР°Р»РѕСЃСЊ РїРѕР»СѓС‡РёС‚СЊ РґР°РЅРЅС‹Рµ РѕС‚ РєР»РёРµРЅС‚Р°: An existing connection was forcibly closed by the remote host.
	
2023-07-02 14:12:13.922 +05 [5052] РЎРћРћР‘Р©Р•РќРР•:  РЅРµ СѓРґР°Р»РѕСЃСЊ РїРѕР»СѓС‡РёС‚СЊ РґР°РЅРЅС‹Рµ РѕС‚ РєР»РёРµРЅС‚Р°: An existing connection was forcibly closed by the remote host.
	
2023-07-02 14:19:43.474 +05 [17532] СООБЩЕНИЕ:  начата контрольная точка: time
2023-07-02 14:19:43.589 +05 [17532] СООБЩЕНИЕ:  контрольная точка завершена: записано буферов: 1 (0.0%); добавлено файлов WAL 0, удалено: 0, переработано: 0; запись=0.102 сек., синхр.=0.004 сек., всего=0.115 сек.; синхронизировано_файлов=1, самая_долгая_синхр.=0.004 сек., средняя=0.004 сек.; расстояние=8 kB, ожидалось=33899 kB
2023-07-02 15:40:15.571 +05 [5580] РЎРћРћР‘Р©Р•РќРР•:  РЅРµ СѓРґР°Р»РѕСЃСЊ РїРѕР»СѓС‡РёС‚СЊ РґР°РЅРЅС‹Рµ РѕС‚ РєР»РёРµРЅС‚Р°: An existing connection was forcibly closed by the remote host.
	
2023-07-02 15:40:15.571 +05 [16292] РЎРћРћР‘Р©Р•РќРР•:  РЅРµ СѓРґР°Р»РѕСЃСЊ РїРѕР»СѓС‡РёС‚СЊ РґР°РЅРЅС‹Рµ РѕС‚ РєР»РёРµРЅС‚Р°: An existing connection was forcibly closed by the remote host.
	
2023-07-02 15:43:06.842 +05 [6860] РЎРћРћР‘Р©Р•РќРР•:  РЅРµ СѓРґР°Р»РѕСЃСЊ РїРѕР»СѓС‡РёС‚СЊ РґР°РЅРЅС‹Рµ РѕС‚ РєР»РёРµРЅС‚Р°: An existing connection was forcibly closed by the remote host.
	
2023-07-02 15:43:06.842 +05 [23740] РЎРћРћР‘Р©Р•РќРР•:  РЅРµ СѓРґР°Р»РѕСЃСЊ РїРѕР»СѓС‡РёС‚СЊ РґР°РЅРЅС‹Рµ РѕС‚ РєР»РёРµРЅС‚Р°: An existing connection was forcibly closed by the remote host.
	
2023-07-02 15:44:43.709 +05 [17532] СООБЩЕНИЕ:  начата контрольная точка: time
2023-07-02 15:44:48.081 +05 [17532] СООБЩЕНИЕ:  контрольная точка завершена: записано буферов: 41 (0.3%); добавлено файлов WAL 0, удалено: 0, переработано: 0; запись=4.354 сек., синхр.=0.009 сек., всего=4.373 сек.; синхронизировано_файлов=10, самая_долгая_синхр.=0.004 сек., средняя=0.001 сек.; расстояние=341 kB, ожидалось=30544 kB
2023-07-02 15:59:43.106 +05 [17532] СООБЩЕНИЕ:  начата контрольная точка: time
2023-07-02 15:59:47.809 +05 [17532] СООБЩЕНИЕ:  контрольная точка завершена: записано буферов: 44 (0.3%); добавлено файлов WAL 0, удалено: 0, переработано: 0; запись=4.684 сек., синхр.=0.009 сек., всего=4.703 сек.; синхронизировано_файлов=10, самая_долгая_синхр.=0.004 сек., средняя=0.001 сек.; расстояние=357 kB, ожидалось=27525 kB
2023-07-02 16:10:01.157 +05 [15680] РћРЁРР‘РљРђ:  СЃС‚РѕР»Р±РµС† "name" РЅРµ СЃСѓС‰РµСЃС‚РІСѓРµС‚ (СЃРёРјРІРѕР» 12)
2023-07-02 16:10:01.157 +05 [15680] РџРћР”РЎРљРђР—РљРђ:  Р’РѕР·РјРѕР¶РЅРѕ, РїСЂРµРґРїРѕР»Р°РіР°Р»Р°СЃСЊ СЃСЃС‹Р»РєР° РЅР° СЃС‚РѕР»Р±РµС† "ai.Name".
2023-07-02 16:10:01.157 +05 [15680] РћРџР•Р РђРўРћР :  SELECT id, name 
	                                            FROM ai
	                                            WHERE name LIKE '%РІС‹С‚СЏР¶РЅРѕРј РІРµРЅС‚РёР»СЏС‚РѕСЂРµ Р’-1.1%'
2023-07-02 16:11:25.796 +05 [24328] РћРЁРР‘РљРђ:  СЃС‚РѕР»Р±РµС† "name" РЅРµ СЃСѓС‰РµСЃС‚РІСѓРµС‚ (СЃРёРјРІРѕР» 12)
2023-07-02 16:11:25.796 +05 [24328] РџРћР”РЎРљРђР—РљРђ:  Р’РѕР·РјРѕР¶РЅРѕ, РїСЂРµРґРїРѕР»Р°РіР°Р»Р°СЃСЊ СЃСЃС‹Р»РєР° РЅР° СЃС‚РѕР»Р±РµС† "ai.Name".
2023-07-02 16:11:25.796 +05 [24328] РћРџР•Р РђРўРћР :  SELECT id, name 
	                                            FROM ai
	                                            WHERE name LIKE '%РІС‹С‚СЏР¶РЅРѕРј РІРµРЅС‚РёР»СЏС‚РѕСЂРµ Р’-1.1%'
2023-07-02 16:14:43.816 +05 [17532] СООБЩЕНИЕ:  начата контрольная точка: time
2023-07-02 16:14:44.483 +05 [17532] СООБЩЕНИЕ:  контрольная точка завершена: записано буферов: 7 (0.0%); добавлено файлов WAL 0, удалено: 0, переработано: 0; запись=0.656 сек., синхр.=0.003 сек., всего=0.668 сек.; синхронизировано_файлов=5, самая_долгая_синхр.=0.001 сек., средняя=0.001 сек.; расстояние=14 kB, ожидалось=24774 kB
2023-07-02 16:15:40.682 +05 [18072] РћРЁРР‘РљРђ:  СЃС‚РѕР»Р±РµС† "name" РЅРµ СЃСѓС‰РµСЃС‚РІСѓРµС‚ (СЃРёРјРІРѕР» 18)
2023-07-02 16:15:40.682 +05 [18072] РџРћР”РЎРљРђР—РљРђ:  Р’РѕР·РјРѕР¶РЅРѕ, РїСЂРµРґРїРѕР»Р°РіР°Р»Р°СЃСЊ СЃСЃС‹Р»РєР° РЅР° СЃС‚РѕР»Р±РµС† "ai.Name".
2023-07-02 16:15:40.682 +05 [18072] РћРџР•Р РђРўРћР :  SELECT variable, Name
	                                            FROM ai
	                                            WHERE name LIKE '%РџРў.РЈРЎРћ.2%'
2023-07-02 16:16:15.671 +05 [21252] РћРЁРР‘РљРђ:  СЃС‚РѕР»Р±РµС† "name" РЅРµ СЃСѓС‰РµСЃС‚РІСѓРµС‚ (СЃРёРјРІРѕР» 18)
2023-07-02 16:16:15.671 +05 [21252] РџРћР”РЎРљРђР—РљРђ:  Р’РѕР·РјРѕР¶РЅРѕ, РїСЂРµРґРїРѕР»Р°РіР°Р»Р°СЃСЊ СЃСЃС‹Р»РєР° РЅР° СЃС‚РѕР»Р±РµС† "ai.Name".
2023-07-02 16:16:15.671 +05 [21252] РћРџР•Р РђРўРћР :  SELECT variable, Name
	                                            FROM ai
	                                            WHERE Name LIKE '%РџРў.РЈРЎРћ.2%'
2023-07-02 16:17:08.881 +05 [6904] РћРЁРР‘РљРђ:  СЃС‚РѕР»Р±РµС† "name" РЅРµ СЃСѓС‰РµСЃС‚РІСѓРµС‚ (СЃРёРјРІРѕР» 18)
2023-07-02 16:17:08.881 +05 [6904] РџРћР”РЎРљРђР—РљРђ:  Р’РѕР·РјРѕР¶РЅРѕ, РїСЂРµРґРїРѕР»Р°РіР°Р»Р°СЃСЊ СЃСЃС‹Р»РєР° РЅР° СЃС‚РѕР»Р±РµС† "ai.Name".
2023-07-02 16:17:08.881 +05 [6904] РћРџР•Р РђРўРћР :  SELECT variable, Name
	                                            FROM ai
	                                            WHERE Name LIKE '%РџРў.РЈРЎРћ.2%'
2023-07-02 16:18:30.191 +05 [18200] РћРЁРР‘РљРђ:  РІ РєРѕРЅСЃС‚СЂСѓРєС†РёРё UNION С‚РёРїС‹ "char" Рё text РЅРµ РёРјРµСЋС‚ РѕР±С‰РµРіРѕ (СЃРёРјРІРѕР» 768)
2023-07-02 16:18:30.191 +05 [18200] РћРџР•Р РђРўРћР :  select D.objoid id, C.relkind as kind, D.objsubid sub_id, D.description
	from pg_catalog.pg_description D
	  join pg_catalog.pg_class C on D.objoid = C.oid
	where C.relnamespace = $1::oid and C.relkind != 'c'
	and pg_catalog.age(D.xmin) <= coalesce(nullif(greatest(pg_catalog.age($2::varchar::xid), -1), -1), 2147483647)
	union all
	select T.oid id, 'T' as kind, D.objsubid sub_id, D.description
	from pg_catalog.pg_description D
	  join pg_catalog.pg_type T on T.oid = D.objoid or T.typrelid = D.objoid
	  left join pg_catalog.pg_class C on T.typrelid = C.oid
	where T.typnamespace = $3::oid and (C.relkind = 'c' or C.relkind is null)
	and pg_catalog.age(D.xmin) <= coalesce(nullif(greatest(pg_catalog.age($4::varchar::xid), -1), -1), 2147483647)
	union all
	select D.objoid id, pg_catalog.translate(C.contype, 'pufc', 'kkxz') as kind, D.objsubid sub_id, D.description
	from pg_catalog.pg_description D
	  join pg_catalog.pg_constraint C on D.objoid = C.oid
	where C.connamespace = $5::oid
	and pg_catalog.age(D.xmin) <= coalesce(nullif(greatest(pg_catalog.age($6::varchar::xid), -1), -1), 2147483647)
	union all
	select D.objoid id, 't' as kind, D.objsubid sub_id, D.description
	from pg_catalog.pg_description D
	  join pg_catalog.pg_trigger T on T.oid = D.objoid
	  join pg_catalog.pg_class C on C.oid = T.tgrelid
	where C.relnamespace = $7::oid
	and pg_catalog.age(D.xmin) <= coalesce(nullif(greatest(pg_catalog.age($8::varchar::xid), -1), -1), 2147483647)
	union all
	select D.objoid id, 'R' as kind, D.objsubid sub_id, D.description
	from pg_catalog.pg_description D
	  join pg_catalog.pg_rewrite R on R.oid = D.objoid
	  join pg_catalog.pg_class C on C.oid = R.ev_class
	where C.relnamespace = $9::oid
	and pg_catalog.age(D.xmin) <= coalesce(nullif(greatest(pg_catalog.age($10::varchar::xid), -1), -1), 2147483647)
	union all
	select D.objoid id, 'F' as kind, D.objsubid sub_id, D.description
	from pg_catalog.pg_description D
	  join pg_catalog.pg_proc P on P.oid = D.objoid
	where P.pronamespace = $11::oid
	and pg_catalog.age(D.xmin) <= coalesce(nullif(greatest(pg_catalog.age($12::varchar::xid), -1), -1), 2147483647)
	union all
	select D.objoid id, 'O' as kind, D.objsubid sub_id, D.description
	from pg_catalog.pg_description D
	  join pg_catalog.pg_operator O on O.oid = D.objoid
	where O.oprnamespace = $13::oid
	and pg_catalog.age(D.xmin) <= coalesce(nullif(greatest(pg_catalog.age($14::varchar::xid), -1), -1), 2147483647)
	union all
	select D.objoid id, 'f' as kind, D.objsubid sub_id, D.description
	from pg_catalog.pg_description D
	  join pg_catalog.pg_opfamily O on O.oid = D.objoid
	where O.opfnamespace = $15::oid
	and pg_catalog.age(D.xmin) <= coalesce(nullif(greatest(pg_catalog.age($16::varchar::xid), -1), -1), 2147483647)
	union all
	select D.objoid id, 'c' as kind, D.objsubid sub_id, D.description
	from pg_catalog.pg_description D
	  join pg_catalog.pg_opclass O on O.oid = D.objoid
	where O.opcnamespace = $17::oid
	and pg_catalog.age(D.xmin) <= coalesce(nullif(greatest(pg_catalog.age($18::varchar::xid), -1), -1), 2147483647)
	union all
	select D.objoid id, 'C' as kind, D.objsubid sub_id, D.description
	from pg_catalog.pg_description D
	  join pg_catalog.pg_collation C on C.oid = D.objoid
	where C.collnamespace = $19::oid
	and pg_catalog.age(D.xmin) <= coalesce(nullif(greatest(pg_catalog.age($20::varchar::xid), -1), -1), 2147483647)
	
2023-07-02 16:19:07.232 +05 [22872] РћРЁРР‘РљРђ:  РѕС‚РЅРѕС€РµРЅРёРµ "ai" РЅРµ СЃСѓС‰РµСЃС‚РІСѓРµС‚ (СЃРёРјРІРѕР» 23)
2023-07-02 16:19:07.232 +05 [22872] РћРџР•Р РђРўРћР :  SELECT COUNT (*) FROM "ai"
2023-07-02 16:19:43.489 +05 [17532] СООБЩЕНИЕ:  начата контрольная точка: time
2023-07-02 16:19:54.298 +05 [17532] СООБЩЕНИЕ:  контрольная точка завершена: записано буферов: 100 (0.6%); добавлено файлов WAL 0, удалено: 0, переработано: 0; запись=10.766 сек., синхр.=0.034 сек., всего=10.810 сек.; синхронизировано_файлов=39, самая_долгая_синхр.=0.004 сек., средняя=0.001 сек.; расстояние=610 kB, ожидалось=22357 kB
2023-07-02 16:21:03.166 +05 [17064] РћРЁРР‘РљРђ:  РѕС‚РЅРѕС€РµРЅРёРµ "ai" РЅРµ СЃСѓС‰РµСЃС‚РІСѓРµС‚ (СЃРёРјРІРѕР» 23)
2023-07-02 16:21:03.166 +05 [17064] РћРџР•Р РђРўРћР :  SELECT COUNT (*) FROM "ai"
2023-07-02 16:21:28.651 +05 [25096] РћРЁРР‘РљРђ:  СЃС‚РѕР»Р±РµС† "name" РЅРµ СЃСѓС‰РµСЃС‚РІСѓРµС‚ (СЃРёРјРІРѕР» 18)
2023-07-02 16:21:28.651 +05 [25096] РџРћР”РЎРљРђР—РљРђ:  Р’РѕР·РјРѕР¶РЅРѕ, РїСЂРµРґРїРѕР»Р°РіР°Р»Р°СЃСЊ СЃСЃС‹Р»РєР° РЅР° СЃС‚РѕР»Р±РµС† "ai.Name".
2023-07-02 16:21:28.651 +05 [25096] РћРџР•Р РђРўРћР :  SELECT variable, Name
	                                            FROM ai
	                                            WHERE Name LIKE '%РџРў.РЈРЎРћ.2%'
2023-07-02 16:22:02.158 +05 [24580] РћРЁРР‘РљРђ:  РІ РєРѕРЅСЃС‚СЂСѓРєС†РёРё UNION С‚РёРїС‹ "char" Рё text РЅРµ РёРјРµСЋС‚ РѕР±С‰РµРіРѕ (СЃРёРјРІРѕР» 768)
2023-07-02 16:22:02.158 +05 [24580] РћРџР•Р РђРўРћР :  select D.objoid id, C.relkind as kind, D.objsubid sub_id, D.description
	from pg_catalog.pg_description D
	  join pg_catalog.pg_class C on D.objoid = C.oid
	where C.relnamespace = $1::oid and C.relkind != 'c'
	and pg_catalog.age(D.xmin) <= coalesce(nullif(greatest(pg_catalog.age($2::varchar::xid), -1), -1), 2147483647)
	union all
	select T.oid id, 'T' as kind, D.objsubid sub_id, D.description
	from pg_catalog.pg_description D
	  join pg_catalog.pg_type T on T.oid = D.objoid or T.typrelid = D.objoid
	  left join pg_catalog.pg_class C on T.typrelid = C.oid
	where T.typnamespace = $3::oid and (C.relkind = 'c' or C.relkind is null)
	and pg_catalog.age(D.xmin) <= coalesce(nullif(greatest(pg_catalog.age($4::varchar::xid), -1), -1), 2147483647)
	union all
	select D.objoid id, pg_catalog.translate(C.contype, 'pufc', 'kkxz') as kind, D.objsubid sub_id, D.description
	from pg_catalog.pg_description D
	  join pg_catalog.pg_constraint C on D.objoid = C.oid
	where C.connamespace = $5::oid
	and pg_catalog.age(D.xmin) <= coalesce(nullif(greatest(pg_catalog.age($6::varchar::xid), -1), -1), 2147483647)
	union all
	select D.objoid id, 't' as kind, D.objsubid sub_id, D.description
	from pg_catalog.pg_description D
	  join pg_catalog.pg_trigger T on T.oid = D.objoid
	  join pg_catalog.pg_class C on C.oid = T.tgrelid
	where C.relnamespace = $7::oid
	and pg_catalog.age(D.xmin) <= coalesce(nullif(greatest(pg_catalog.age($8::varchar::xid), -1), -1), 2147483647)
	union all
	select D.objoid id, 'R' as kind, D.objsubid sub_id, D.description
	from pg_catalog.pg_description D
	  join pg_catalog.pg_rewrite R on R.oid = D.objoid
	  join pg_catalog.pg_class C on C.oid = R.ev_class
	where C.relnamespace = $9::oid
	and pg_catalog.age(D.xmin) <= coalesce(nullif(greatest(pg_catalog.age($10::varchar::xid), -1), -1), 2147483647)
	union all
	select D.objoid id, 'F' as kind, D.objsubid sub_id, D.description
	from pg_catalog.pg_description D
	  join pg_catalog.pg_proc P on P.oid = D.objoid
	where P.pronamespace = $11::oid
	and pg_catalog.age(D.xmin) <= coalesce(nullif(greatest(pg_catalog.age($12::varchar::xid), -1), -1), 2147483647)
	union all
	select D.objoid id, 'O' as kind, D.objsubid sub_id, D.description
	from pg_catalog.pg_description D
	  join pg_catalog.pg_operator O on O.oid = D.objoid
	where O.oprnamespace = $13::oid
	and pg_catalog.age(D.xmin) <= coalesce(nullif(greatest(pg_catalog.age($14::varchar::xid), -1), -1), 2147483647)
	union all
	select D.objoid id, 'f' as kind, D.objsubid sub_id, D.description
	from pg_catalog.pg_description D
	  join pg_catalog.pg_opfamily O on O.oid = D.objoid
	where O.opfnamespace = $15::oid
	and pg_catalog.age(D.xmin) <= coalesce(nullif(greatest(pg_catalog.age($16::varchar::xid), -1), -1), 2147483647)
	union all
	select D.objoid id, 'c' as kind, D.objsubid sub_id, D.description
	from pg_catalog.pg_description D
	  join pg_catalog.pg_opclass O on O.oid = D.objoid
	where O.opcnamespace = $17::oid
	and pg_catalog.age(D.xmin) <= coalesce(nullif(greatest(pg_catalog.age($18::varchar::xid), -1), -1), 2147483647)
	union all
	select D.objoid id, 'C' as kind, D.objsubid sub_id, D.description
	from pg_catalog.pg_description D
	  join pg_catalog.pg_collation C on C.oid = D.objoid
	where C.collnamespace = $19::oid
	and pg_catalog.age(D.xmin) <= coalesce(nullif(greatest(pg_catalog.age($20::varchar::xid), -1), -1), 2147483647)
	
2023-07-02 16:22:19.412 +05 [25096] РЎРћРћР‘Р©Р•РќРР•:  РЅРµ СѓРґР°Р»РѕСЃСЊ РїРѕР»СѓС‡РёС‚СЊ РґР°РЅРЅС‹Рµ РѕС‚ РєР»РёРµРЅС‚Р°: An existing connection was forcibly closed by the remote host.
	
2023-07-02 16:23:49.115 +05 [20300] РћРЁРР‘РљРђ:  СЃС‚РѕР»Р±РµС† "name" РЅРµ СЃСѓС‰РµСЃС‚РІСѓРµС‚ (СЃРёРјРІРѕР» 127)
2023-07-02 16:23:49.115 +05 [20300] РџРћР”РЎРљРђР—РљРђ:  Р’РѕР·РјРѕР¶РЅРѕ, РїСЂРµРґРїРѕР»Р°РіР°Р»Р°СЃСЊ СЃСЃС‹Р»РєР° РЅР° СЃС‚РѕР»Р±РµС† "ai.Name".
2023-07-02 16:23:49.115 +05 [20300] РћРџР•Р РђРўРћР :  SELECT variable, "Name"
	                                            FROM ai
	                                            WHERE Name LIKE '%РџРў.РЈРЎРћ.2%'
2023-07-02 16:24:43.305 +05 [17532] СООБЩЕНИЕ:  начата контрольная точка: time
2023-07-02 16:24:47.174 +05 [9516] РћРЁРР‘РљРђ:  СЃС‚РѕР»Р±РµС† "name" РЅРµ СЃСѓС‰РµСЃС‚РІСѓРµС‚ (СЃРёРјРІРѕР» 8)
2023-07-02 16:24:47.174 +05 [9516] РџРћР”РЎРљРђР—РљРђ:  Р’РѕР·РјРѕР¶РЅРѕ, РїСЂРµРґРїРѕР»Р°РіР°Р»Р°СЃСЊ СЃСЃС‹Р»РєР° РЅР° СЃС‚РѕР»Р±РµС† "ai.Name".
2023-07-02 16:24:47.174 +05 [9516] РћРџР•Р РђРўРћР :  SELECT name 
	                                    FROM "ai"
	                                    WHERE id = 428
2023-07-02 16:24:47.177 +05 [9516] РћРЁРР‘РљРђ:  СЃС‚РѕР»Р±РµС† "name" РЅРµ СЃСѓС‰РµСЃС‚РІСѓРµС‚ (СЃРёРјРІРѕР» 8)
2023-07-02 16:24:47.177 +05 [9516] РџРћР”РЎРљРђР—РљРђ:  Р’РѕР·РјРѕР¶РЅРѕ, РїСЂРµРґРїРѕР»Р°РіР°Р»Р°СЃСЊ СЃСЃС‹Р»РєР° РЅР° СЃС‚РѕР»Р±РµС† "ai.Name".
2023-07-02 16:24:47.177 +05 [9516] РћРџР•Р РђРўРћР :  SELECT name 
	                                    FROM "ai"
	                                    WHERE id = 269
2023-07-02 16:24:47.179 +05 [9516] РћРЁРР‘РљРђ:  СЃС‚РѕР»Р±РµС† "name" РЅРµ СЃСѓС‰РµСЃС‚РІСѓРµС‚ (СЃРёРјРІРѕР» 8)
2023-07-02 16:24:47.179 +05 [9516] РџРћР”РЎРљРђР—РљРђ:  Р’РѕР·РјРѕР¶РЅРѕ, РїСЂРµРґРїРѕР»Р°РіР°Р»Р°СЃСЊ СЃСЃС‹Р»РєР° РЅР° СЃС‚РѕР»Р±РµС† "ai.Name".
2023-07-02 16:24:47.179 +05 [9516] РћРџР•Р РђРўРћР :  SELECT name 
	                                    FROM "ai"
	                                    WHERE id = 380
2023-07-02 16:24:47.180 +05 [9516] РћРЁРР‘РљРђ:  СЃС‚РѕР»Р±РµС† "name" РЅРµ СЃСѓС‰РµСЃС‚РІСѓРµС‚ (СЃРёРјРІРѕР» 8)
2023-07-02 16:24:47.180 +05 [9516] РџРћР”РЎРљРђР—РљРђ:  Р’РѕР·РјРѕР¶РЅРѕ, РїСЂРµРґРїРѕР»Р°РіР°Р»Р°СЃСЊ СЃСЃС‹Р»РєР° РЅР° СЃС‚РѕР»Р±РµС† "ai.Name".
2023-07-02 16:24:47.180 +05 [9516] РћРџР•Р РђРўРћР :  SELECT name 
	                                    FROM "ai"
	                                    WHERE id = 1
2023-07-02 16:24:54.229 +05 [17532] СООБЩЕНИЕ:  контрольная точка завершена: записано буферов: 99 (0.6%); добавлено файлов WAL 0, удалено: 0, переработано: 0; запись=10.877 сек., синхр.=0.039 сек., всего=10.925 сек.; синхронизировано_файлов=44, самая_долгая_синхр.=0.004 сек., средняя=0.001 сек.; расстояние=515 kB, ожидалось=20173 kB
2023-07-02 16:26:57.498 +05 [1040] РћРЁРР‘РљРђ:  РІ РєРѕРЅСЃС‚СЂСѓРєС†РёРё SELECT DISTINCT РІС‹СЂР°Р¶РµРЅРёСЏ ORDER BY РґРѕР»Р¶РЅС‹ Р±С‹С‚СЊ РІ СЃРїРёСЃРєРµ РІС‹Р±РѕСЂРєРё (СЃРёРјРІРѕР» 124)
2023-07-02 16:26:57.498 +05 [1040] РћРџР•Р РђРўРћР :  SELECT DISTINCT uso 
	                                        FROM signals
	                                        ORDER BY id
2023-07-02 16:27:56.101 +05 [17460] РЎРћРћР‘Р©Р•РќРР•:  РЅРµ СѓРґР°Р»РѕСЃСЊ РїРѕР»СѓС‡РёС‚СЊ РґР°РЅРЅС‹Рµ РѕС‚ РєР»РёРµРЅС‚Р°: An existing connection was forcibly closed by the remote host.
	
2023-07-02 16:27:56.101 +05 [17460] РЎРћРћР‘Р©Р•РќРР•:  РЅРµРѕР¶РёРґР°РЅРЅС‹Р№ РѕР±СЂС‹РІ СЃРѕРµРґРёРЅРµРЅРёСЏ СЃ РєР»РёРµРЅС‚РѕРј РїСЂРё РѕС‚РєСЂС‹С‚РѕР№ С‚СЂР°РЅР·Р°РєС†РёРё
2023-07-02 16:28:18.617 +05 [14612] РћРЁРР‘РљРђ:  РІ РєРѕРЅСЃС‚СЂСѓРєС†РёРё SELECT DISTINCT РІС‹СЂР°Р¶РµРЅРёСЏ ORDER BY РґРѕР»Р¶РЅС‹ Р±С‹С‚СЊ РІ СЃРїРёСЃРєРµ РІС‹Р±РѕСЂРєРё (СЃРёРјРІРѕР» 44)
2023-07-02 16:28:18.617 +05 [14612] РћРџР•Р РђРўРћР :  SELECT DISTINCT uso  FROM signals ORDER BY id
2023-07-02 16:29:43.233 +05 [17532] СООБЩЕНИЕ:  начата контрольная точка: time
2023-07-02 16:29:43.570 +05 [17532] СООБЩЕНИЕ:  контрольная точка завершена: записано буферов: 4 (0.0%); добавлено файлов WAL 0, удалено: 0, переработано: 0; запись=0.322 сек., синхр.=0.006 сек., всего=0.337 сек.; синхронизировано_файлов=4, самая_долгая_синхр.=0.004 сек., средняя=0.002 сек.; расстояние=5 kB, ожидалось=18156 kB
2023-07-02 16:30:08.232 +05 [8288] РћРЁРР‘РљРђ:  СЃС‚РѕР»Р±РµС† "name" РЅРµ СЃСѓС‰РµСЃС‚РІСѓРµС‚ (СЃРёРјРІРѕР» 122)
2023-07-02 16:30:08.232 +05 [8288] РџРћР”РЎРљРђР—РљРђ:  Р’РѕР·РјРѕР¶РЅРѕ, РїСЂРµРґРїРѕР»Р°РіР°Р»Р°СЃСЊ СЃСЃС‹Р»РєР° РЅР° СЃС‚РѕР»Р±РµС† "ai.Name".
2023-07-02 16:30:08.232 +05 [8288] РћРџР•Р РђРўРћР :  SELECT Id, "Name" 
	                                            FROM ai
	                                            WHERE Name LIKE '%РІС‹С‚СЏР¶РЅРѕРј РІРµРЅС‚РёР»СЏС‚РѕСЂРµ Р’-1.1%'
2023-07-02 16:34:43.578 +05 [17532] СООБЩЕНИЕ:  начата контрольная точка: time
2023-07-02 16:34:56.002 +05 [17532] СООБЩЕНИЕ:  контрольная точка завершена: записано буферов: 115 (0.7%); добавлено файлов WAL 0, удалено: 0, переработано: 0; запись=12.397 сек., синхр.=0.019 сек., всего=12.425 сек.; синхронизировано_файлов=25, самая_долгая_синхр.=0.003 сек., средняя=0.001 сек.; расстояние=791 kB, ожидалось=16420 kB
2023-07-02 16:38:57.134 +05 [15032] РћРЁРР‘РљРђ:  РїРѕРІС‚РѕСЂСЏСЋС‰РµРµСЃСЏ Р·РЅР°С‡РµРЅРёРµ РєР»СЋС‡Р° РЅР°СЂСѓС€Р°РµС‚ РѕРіСЂР°РЅРёС‡РµРЅРёРµ СѓРЅРёРєР°Р»СЊРЅРѕСЃС‚Рё "signals_pkey"
2023-07-02 16:38:57.134 +05 [15032] РџРћР”Р РћР‘РќРћРЎРўР:  РљР»СЋС‡ "(id)=(1)" СѓР¶Рµ СЃСѓС‰РµСЃС‚РІСѓРµС‚.
2023-07-02 16:38:57.134 +05 [15032] РћРџР•Р РђРўРћР :  INSERT INTO "signals" ("id", "type_signal", "uso", "tag", "description", "schema", "klk", "contact", "basket", "module", "channel") VALUES (1, 'AI', 'РњРќРЎ-4.РЈРЎРћ.1(1)', 'TT601', 'РўРµРјРїРµСЂР°С‚СѓСЂР° РјР°СЃР»Р° Рє РїРѕРґС€РёРїРЅРёРєР°Рј РњРќРђ', 'AI12 (1)', '1XT1', '1,2,3,4', 1, 4, 1), (2, 'AI', 'РњРќРЎ-4.РЈРЎРћ.1(1)', 'TT602', 'РўРµРјРїРµСЂР°С‚СѓСЂР° РјР°СЃР»Р° РІ РјР°СЃР»РѕР±Р°РєРµ N1', 'AI12 (1)', '1XT1', '5,6,7,8', 1, 1, 0), (3, 'AI', 'РњРќРЎ-4.РЈРЎРћ.1(1)', 'LT601', 'РЈСЂРѕРІРµРЅСЊ РјР°СЃР»Р° РІ РјР°СЃР»РѕР±Р°РєРµ N1', 'AI23 (1)', '1XT2', '1.2', 1, 1, 1), (4, 'AI', 'РњРќРЎ-4.РЈРЎРћ.1(1)', 'LT651', 'РЈСЂРѕРІРµРЅСЊ РЅРµС„С‚Рё РІ РµРјРєРѕСЃС‚Рё РґР»СЏ Р°РІР°СЂРёР№РЅРѕРіРѕ СЃР±СЂРѕСЃР°, СЃР±РѕСЂР° СѓС‚РµС‡РµРє Рё РґСЂРµРЅР°Р¶Р° (025.4.1)', 'AI23 (1)', '1XT2', '3.4', 1, 1, 2), (5, 'AI', 'РњРќРЎ-4.РЈРЎРћ.1(1)', 'LT653', 'РЈСЂРѕРІРµРЅСЊ РЅРµС„С‚Рё РІ РµРјРєРѕСЃС‚Рё РґР»СЏ Р°РІР°СЂРёР№РЅРѕРіРѕ СЃР±СЂРѕСЃР°, СЃР±РѕСЂР° СѓС‚РµС‡РµРє Рё РґСЂРµРЅР°Р¶Р° (025.4.3)', 'AI23 (1)', '1XT2', '5.6', 1, 1, 3), (6, 'AI', 'РњРќРЎ-4.РЈРЎРћ.1(1)', 'LT0014', 'РђРІР°СЂРёР№РЅС‹Р№ РјР°РєСЃРёРјР°Р»СЊРЅС‹Р№ СѓСЂРѕРІРµРЅСЊ Р·Р°С‚РѕРїР»РµРЅРёСЏ РїРѕРјРµС‰РµРЅРёСЏ РЅР°СЃРѕСЃРЅРѕРіРѕ Р·Р°Р»Р° РњРќРЎ-4', 'AI32 (1)', '1XT3', '1.2', 1, 5, 1), (7, 'AI', 'РњРќРЎ-4.РЈРЎРћ.1(1)', 'LT6014', 'РђРІР°СЂРёР№РЅС‹Р№ РјР°РєСЃРёРјР°Р»СЊРЅС‹Р№ СѓСЂРѕРІРµРЅСЊ РјР°СЃР»Р° РІ РјР°СЃР»РѕР±Р°РєРµ N1', 'AI32 (1)', '1XT3', '3.4', 1, 1, 4), (8, 'AI', 'РњРќРЎ-4.РЈРЎРћ.1(1)', 'LT6031', 'РђРІР°СЂРёР№РЅС‹Р№ РјРёРЅРёРјР°Р»СЊРЅС‹Р№ СѓСЂРѕРІРµРЅСЊ РјР°СЃР»Р° РІ Р°РєРєСѓРјСѓР»РёСЂСѓСЋС‰РµРј РјР°СЃР»РѕР±Р°РєРµ', 'AI32 (1)', '1XT3', '5.6', 1, 5, 2), (9, 'AI', 'РњРќРЎ-4.РЈРЎРћ.1(1)', 'LT6514', 'РђРІР°СЂРёР№РЅС‹Р№ РјР°РєСЃРёРјР°Р»СЊРЅС‹Р№ СѓСЂРѕРІРµРЅСЊ РІ РµРјРєРѕСЃС‚Рё РґР»СЏ Р°РІР°СЂРёР№РЅРѕРіРѕ СЃР±СЂРѕСЃР°, СЃР±РѕСЂР° СѓС‚РµС‡РµРє Рё РґСЂРµРЅР°Р¶Р° (025.4.1)', 'AI32 (1)', '1XT3', '7.8', 1, 1, 5), (10, 'AI', 'РњРќРЎ-4.РЈРЎРћ.1(1)', 'LT6534', 'РђРІР°СЂРёР№РЅС‹Р№ РјР°РєСЃРёРјР°Р»СЊРЅС‹Р№ СѓСЂРѕРІРµРЅСЊ РІ РµРјРєРѕСЃС‚Рё РґР»СЏ Р°РІР°СЂРёР№РЅРѕРіРѕ СЃР±СЂРѕСЃР°, СЃР±РѕСЂР° СѓС‚РµС‡РµРє Рё РґСЂРµРЅР°Р¶Р° (025.4.3)', 'AI32 (1)', '1XT3', '9,10', 1, 1, 6), (11, 'DI', 'РњРќРЎ-4.РЈРЎРћ.1(1)', 'LC0013', 'РџСЂРµРґРµР»СЊРЅС‹Р№ РјР°РєСЃРёРјР°Р»СЊРЅС‹Р№ СѓСЂРѕРІРµРЅСЊ Р·Р°С‚РѕРїР»РµРЅРёСЏ
	РїРѕРјРµС‰РµРЅРёСЏ РЅР°СЃРѕСЃРЅРѕРіРѕ Р·Р°Р»Р° РњРќРЎ-4', 'DI05 (1)', '1XT4', '1.2', 1, 6, 16), (12, 'DI', 'РњРќРЎ-4.РЈРЎРћ.1(1)', 'LC6032', 'РџСЂРµРґРµР»СЊРЅС‹Р№ РјРёРЅРёРјР°Р»СЊРЅС‹Р№ СѓСЂРѕРІРµРЅСЊ РјР°СЃР»Р° РІ Р°РєРєСѓРјСѓР»РёСЂСѓСЋС‰РµРј РјР°СЃР»РѕР±Р°РєРµ', 'DI05 (1)', '1XT4', '3.4', 1, 6, 17), (13, 'DI', 'РњРќРЎ-4.РЈРЎРћ.1(1)', 'LC6033', 'РњР°РєСЃРёРјР°Р»СЊРЅС‹Р№ СѓСЂРѕРІРµРЅСЊ РјР°СЃР»Р° РІ Р°РєРєСѓРјСѓР»РёСЂСѓСЋС‰РµРј РјР°СЃР»РѕР±Р°РєРµ', 'DI05 (1)', '1XT4', '5.6', 1, 6, 18), (14, 'AI', 'РњРќРЎ-4.РЈРЎРћ.1(1)', 'PDT005', 'РџРµСЂРµРїР°Рґ РґР°РІР»РµРЅРёСЏ РЅРµС„С‚Рё РЅР° С„РёР»СЊС‚СЂР°С…-РіСЂСЏР·РµСѓР»РѕРІРёС‚РµР»СЏС…', 'AI22 (0)', '2XT1', '1.2', 1, 5, 3), (15, 'AI', 'РњРќРЎ-4.РЈРЎРћ.1(1)', 'CCT606', 'Р—Р°РіР°Р·РѕРІР°РЅРЅРѕСЃС‚СЊ РІ Р·РґР°РЅРёРё РјР°СЃР»РѕСЃРёСЃС‚РµРјС‹ (С‚РѕС‡РєР° 1)', 'AI21 (1)', '2XT1', '3.4', 1, 1, 7), (16, 'AI', 'РњРќРЎ-4.РЈРЎРћ.1(1)', 'PDT673', 'РџРµСЂРµРїР°Рґ РґР°РІР»РµРЅРёСЏ РЅРµС„С‚Рё РЅР° СѓР·Р»Рµ СЂРµРіСѓР»РёСЂРѕРІР°РЅРёСЏ', 'AI22 (0)', '2XT2', '1.2', 1, 5, 4), (17, 'AI', 'РњРќРЎ-4.РЈРЎРћ.1(1)', 'PT651', 'Р”Р°РІР»РµРЅРёРµ РЅР° РІС‹С…РѕРґРµ РїРѕРіСЂСѓР¶РЅРѕРіРѕ РЅР°СЃРѕСЃР° 036.4Рќ1', 'AI22 (0)', '2XT2', '3.4', 1, 2, 1), (18, 'AI', 'РњРќРЎ-4.РЈРЎРћ.1(1)', 'TT004', 'РўРµРјРїРµСЂР°С‚СѓСЂР° РІ С€РєР°С„Сѓ РїСЂРёР±РѕСЂРЅРѕРј N003.4.0', 'AI22 (0)', '2XT2', '5.6', 1, 4, 2), (19, 'AI', 'РњРќРЎ-4.РЈРЎРћ.1(1)', 'TT005', 'РўРµРјРїРµСЂР°С‚СѓСЂР° РІ С€РєР°С„Сѓ РїСЂРёР±РѕСЂРЅРѕРј N008.4.1', 'AI22 (0)', '2XT2', '7.8', 1, 4, 3), (20, 'AI', 'РњРќРЎ-4.РЈРЎРћ.1(1)', 'TT006', 'РўРµРјРїРµСЂР°С‚СѓСЂР° РІ С€РєР°С„Сѓ РїСЂРёР±РѕСЂРЅРѕРј N008.4.2', 'AI22 (0)', '2XT2', '9,10', 1, 4, 4), (21, 'AI', 'РњРќРЎ-4.РЈРЎРћ.1(1)', 'TT007', 'РўРµРјРїРµСЂР°С‚СѓСЂР° РІ С€РєР°С„Сѓ РїСЂРёР±РѕСЂРЅРѕРј N026.4.1', 'AI22 (0)', '2XT2', '11.12', 1, 4, 5), (22, 'AI', 'РњРќРЎ-4.РЈРЎРћ.1(1)', 'TT600', 'РўРµРјРїРµСЂР°С‚СѓСЂР° РЅР°СЂСѓР¶РЅРѕРіРѕ РІРѕР·РґСѓС…Р° Сѓ РњРќРЎ', 'AI22 (0)', ' 2XT2', '13.14', 1, 4, 6), (23, 'AI', 'РњРќРЎ-4.РЈРЎРћ.1(1)', 'TT651', 'РўРµРјРїРµСЂР°С‚СѓСЂР° РІ С€РєР°С„Сѓ РїСЂРёР±РѕСЂРЅРѕРј N036.4.1', 'AI22 (0)', '2XT2', '15.16', 1, 4, 7), (24, 'AI', 'РњРќРЎ-4.РЈРЎРћ.1(1)', 'PDT604', 'РџРµСЂРµРїР°Рґ РґР°РІР»РµРЅРёСЏ РЅР° РјР°СЃР»РѕС„РёР»СЊС‚СЂР°С…', 'AI22 (1)', '2XT2', '17.18', 1, 5, 5), (25, 'AI', 'РњРќРЎ-4.РЈРЎРћ.1(1)', 'PDT606', 'РџРµСЂРµРїР°Рґ РґР°РІР»РµРЅРёСЏ РЅР° РІС‹С‚СЏР¶РЅРѕРј РІРµРЅС‚РёР»СЏС‚РѕСЂРµ
	РјР°СЃР»РѕСЃРёСЃС‚РµРјС‹ 006.4Р’', 'AI22 (1)', '2XT2', '19,20', 1, 5, 6), (26, 'AI', 'РњРќРЎ-4.РЈРЎРћ.1(1)', 'PT601', 'Р”Р°РІР»РµРЅРёРµ РјР°СЃР»Р° РЅР° РІС‹С…РѕРґРµ РјР°СЃР»РѕРЅР°СЃРѕСЃР° N1', 'AI22 (1)', '2XT2', '21.22', 1, 2, 2), (27, 'AI', 'РњРќРЎ-4.РЈРЎРћ.1(1)', 'PDT621', 'РџРµСЂРµРїР°Рґ РґР°РІР»РµРЅРёСЏ РЅР° РїСЂРёС‚РѕС‡РЅРѕРј РІРµРЅС‚РёР»СЏС‚РѕСЂРµ РњРќРЎ N1', 'AI22 (1)', '2XT2', '23.24', 1, 2, 3), (28, 'AI', 'РњРќРЎ-4.РЈРЎРћ.1(1)', 'PDT623', 'РџРµСЂРµРїР°Рґ РґР°РІР»РµРЅРёСЏ РЅР° РІС‹С‚СЏР¶РЅРѕРј РІРµРЅС‚РёР»СЏС‚РѕСЂРµ РњРќРЎ N1', 'AI22 (1)', '2XT2', '25.26', 1, 2, 4), (29, 'AI', 'РњРќРЎ-4.РЈРЎРћ.1(1)', 'PDT625', 'РџРµСЂРµРїР°Рґ РґР°РІР»РµРЅРёСЏ РЅР° РїРѕРґРїРѕСЂРЅРѕРј РІРµРЅС‚РёР»СЏС‚РѕСЂРµ РњРќРђ N1', 'AI22 (1)', '2XT2', '27.28', 1, 2, 5), (30, 'AI', 'РњРќРЎ-4.РЈРЎРћ.1(1)', 'TT001', 'РўРµРјРїРµСЂР°С‚СѓСЂР° РІРѕР·РґСѓС…Р° РІ РЅР°СЃРѕСЃРЅРѕРј Р·Р°Р»Рµ РњРќРЎ', 'AI22 (1)', '2XT2', '29,30', 1, 3, 5), (31, 'AI', 'РњРќРЎ-4.РЈРЎРћ.1(1)', 'TT606', 'РўРµРјРїРµСЂР°С‚СѓСЂР° РІРѕР·РґСѓС…Р° РІ Р·РґР°РЅРёРё РјР°СЃР»РѕСЃРёСЃС‚РµРјС‹', 'AI22 (1)', '2XT2', '31,32', 1, 3, 6), (32, 'AI', 'РњРќРЎ-4.РЈРЎРћ.1(1)', 'TT621', 'РўРµРјРїРµСЂР°С‚СѓСЂР° РІРѕР·РґСѓС…Р° РІ РїРѕРјРµС‰РµРЅРёРё РїСЂРёС‚РѕС‡РЅРѕР№ Рё РїРѕРґРїРѕСЂРЅРѕР№ РІРµРЅС‚РёР»СЏС†РёРё', 'AI22 (1)', '2XT2', '33,34', 1, 3, 7), (33, 'AI', 'РњРќРЎ-4.РЈРЎРћ.1(1)', 'PT001.1', 'Р”Р°РІР»РµРЅРёРµ РЅРµС„С‚Рё РЅР° РїСЂРёРµРјРµ РњРќРЎ-4 (С‚РѕС‡РєР° 1)', 'AI28Рї (0)', '2XT3', '1.2', 1, 3, 1), (34, 'AI', 'РњРќРЎ-4.РЈРЎРћ.1(1)', 'PT002.1', 'Р”Р°РІР»РµРЅРёРµ РЅРµС„С‚Рё РІ РєРѕР»Р»РµРєС‚РѕСЂРµ РњРќРЎ-4 (С‚РѕС‡РєР° 1) (РґРѕ СѓР·Р»Р° СЂРµРіСѓР»РёСЂРѕРІР°РЅРёСЏ)', 'AI28Рї (0)', '2XT3', '3.4', 1, 3, 2), (35, 'AI', 'РњРќРЎ-4.РЈРЎРћ.1(1)', 'PT003.1', 'Р”Р°РІР»РµРЅРёРµ РЅРµС„С‚Рё РЅР° РІС‹С…РѕРґРµ РќРџРЎ (С‚РѕС‡РєР° 1)', 'AI28Рї (0)', '2XT3', '5.6', 1, 3, 3), (36, 'AI', 'РњРќРЎ-4.РЈРЎРћ.1(1)', 'LT6044', 'РђРІР°СЂРёР№РЅС‹Р№ РјР°РєСЃРёРјР°Р»СЊРЅС‹Р№ СѓСЂРѕРІРµРЅСЊ Р·Р°С‚РѕРїР»РµРЅРёСЏ РїРѕРјРµС‰РµРЅРёСЏ РјР°СЃР»РѕСЃРёСЃС‚РµРјС‹', 'AI30 (1)', '2XT4', '1.2', 1, 5, 7), (37, 'DI', 'РњРќРЎ-4.РЈРЎРћ.1(1)', 'LC0113', 'Р—Р°С‚РѕРїР»РµРЅРёРµ РєРѕР»РѕРґС†Р° 1Рљ', 'DI01 (0)', '3XT1', '1.2', 1, 6, 19), (38, 'DI', 'РњРќРЎ-4.РЈРЎРћ.1(1)', 'LC6043', 'РџСЂРµРґРµР»СЊРЅС‹Р№ РјР°РєСЃРёРјР°Р»СЊРЅС‹Р№ СѓСЂРѕРІРµРЅСЊ РїРѕРјРµС‰РµРЅРёСЏ РјР°СЃР»РѕСЃРёСЃС‚РµРјС‹', 'DI01 (1)', '3XT1', '3.4', 1, 6, 20), (39, 'DI', 'РњРќРЎ-4.РЈРЎРћ.1(1)', 'MBC101-1', 'Р’Р’ РњРќРђ1 РІРєР»СЋС‡РµРЅ (СЃРёРіРЅР°Р» 1)', 'DI06 (1)', '3XT2', '1.2', 1, 6, 21), (40, 'DI', 'РњРќРЎ-4.РЈРЎРћ.1(1)', 'MBC102-1', 'Р’Р’ РњРќРђ1 РѕС‚РєР»СЋС‡РµРЅ (СЃРёРіРЅР°Р» 1)', 'DI06 (1)', '3XT2', '3.4', 1, 6, 22), (41, 'DI', 'РњРќРЎ-4.РЈРЎРћ.1(1)', NULL, 'Р РµР·РµСЂРІ', 'DI01 (0)', '3XT3', '1.2', 1, 6, 27), (42, 'DI', 'РњРќРЎ-4.РЈРЎРћ.1(1)', NULL, 'Р РµР·РµСЂРІ', 'DI01 (0)', '3XT4', '1.2', 1, 6, 28), (43, 'DO', 'РњРќРЎ-4.РЈРЎРћ.1(1)', 'BB001Р·', 'Р’РєР»СЋС‡РµРЅРёРµ Р·РІРѕРЅРєР° "РђРІР°СЂРёСЏ" РЅР° РќРџРЎ-4.Р‘Р РЈ', 'DO04 (1)', '3XT5', '1.2', 1, 7, 3), (44, 'DO', 'РњРќРЎ-4.РЈРЎРћ.1(1)', 'BB621', ' CРёСЂРµРЅС‹ Сѓ РІС…РѕРґР° 1 Р·РґР°РЅРёСЏ РњРќРЎ - РІРєР»СЋС‡РёС‚СЊ', 'DO04 (1)', '3XT5', '3.4', 1, 7, 1), (45, 'DO', 'РњРќРЎ-4.РЈРЎРћ.1(1)', 'BB623', 'РўР°Р±Р»Рѕ "Р“Р°Р·" Сѓ РІС…РѕРґР° 1 Р·РґР°РЅРёСЏ РњРќРЎ - РІРєР»СЋС‡РёС‚СЊ', 'DO04 (1)', '3XT5', '5.6', 1, 7, 2), (46, 'DI', 'РњРќРЎ-4.РЈРЎРћ.1(1)', 'KKC102', 'РњРќРђ1. РђРІР°СЂРёР№РЅРѕРµ РѕС‚РєР»СЋС‡РµРЅРёРµ Р°РіСЂРµРіР°С‚Р° РєРЅРѕРїРєРѕР№ "РЎС‚РѕРї" РїРѕ РјРµСЃС‚Сѓ', 'DI03 (1)', '4XT1', '1.2', 1, 6, 23), (47, 'DI', 'РњРќРЎ-4.РЈРЎРћ.1(1)', 'KKC101', 'РњРќРђ1. РђРІР°СЂРёР№РЅРѕРµ РѕС‚РєР»СЋС‡РµРЅРёРµ Р°РіСЂРµРіР°С‚Р° РєРЅРѕРїРєРѕР№ "РЎС‚РѕРї" СЃ Р‘Р РЈ', 'DI03 (2)', '4XT2', '1.2', 1, 6, 24), (48, 'DO', 'РњРќРЎ-4.РЈРЎРћ.1(1)', 'ABO101-1', 'РћС‚РєР»СЋС‡РёС‚СЊ Р’Р’ РњРќРђ1 (РєРѕРјР°РЅРґР° 1)', 'DO06 (1)', '4XT3', '1.2', 1, 7, 0), (49, 'DI', 'РњРќРЎ-4.РЈРЎРћ.1(1)', 'EC108', 'РљРѕРЅС‚СЂРѕР»СЊ РЅР°Р»РёС‡РёСЏ РЅР°РїСЂСЏР¶РµРЅРёСЏ РІ С†РµРїСЏС… РѕРїРµСЂР°С‚РёРІРЅРѕРіРѕ С‚РѕРєР° РњРќРђ1', 'DI03-V', NULL, NULL, 1, 6, 25), (50, 'DI', 'РњРќРЎ-4.РЈРЎРћ.1(1)', 'ECO101-1', 'РСЃРїСЂР°РІРЅРѕСЃС‚СЊ С†РµРїРµР№ РѕС‚РєР»СЋС‡РµРЅРёСЏ Р’Р’ РњРќРђ1 (СЃРёРіРЅР°Р» 1)', 'DI03-V', NULL, NULL, 1, 6, 26), (51, 'DI', 'РњРќРЎ-4.РЈРЎРћ.1(1)', 'LC661.1', 'РЎСЂР°Р±Р°С‚С‹РІР°РЅРёРµ СЃРёРіРЅР°Р»РёР·Р°С‚РѕСЂР° РєРѕРЅС‚СЂРѕР»СЏ РіРµСЂРјРµС‚РёС‡РЅРѕСЃС‚Рё РЅР° С‚СЂСѓР±РѕРїСЂРѕРІРѕРґРµ РєР»Р°РїР°РЅР° Рљ1', 'DI01-V', NULL, NULL, 1, 6, 7), (52, 'DI', 'РњРќРЎ-4.РЈРЎРћ.1(1)', 'LC661.2', 'РЎСЂР°Р±Р°С‚С‹РІР°РЅРёРµ СЃРёРіРЅР°Р»РёР·Р°С‚РѕСЂР° РєРѕРЅС‚СЂРѕР»СЏ РіРµСЂРјРµС‚РёС‡РЅРѕСЃС‚Рё РЅР° С‚СЂСѓР±РѕРїСЂРѕРІРѕРґРµ РєР»Р°РїР°РЅР° Рљ2', 'DI01-V', NULL, NULL, 1, 6, 8), (53, 'DI', 'РњРќРЎ-4.РЈРЎРћ.1(1)', 'LC661.3', 'РЎСЂР°Р±Р°С‚С‹РІР°РЅРёРµ СЃРёРіРЅР°Р»РёР·Р°С‚РѕСЂР° РєРѕРЅС‚СЂРѕР»СЏ РіРµСЂРјРµС‚РёС‡РЅРѕСЃС‚Рё РЅР° С‚СЂСѓР±РѕРїСЂРѕРІРѕРґРµ РєР»Р°РїР°РЅР° Рљ3', 'DI01-V', NULL, NULL, 1, 6, 9), (54, 'DI', 'РњРќРЎ-4.РЈРЎРћ.1(1)', 'OPC661.1', 'РќРµРёСЃРїСЂР°РІРЅРѕСЃС‚СЊ СЃРёРіРЅР°Р»РёР·Р°С‚РѕСЂР° РєРѕРЅС‚СЂРѕР»СЏ РіРµСЂРјРµС‚РёС‡РЅРѕСЃС‚Рё РЅР° С‚СЂСѓР±РѕРїСЂРѕРІРѕРґРµ РєР»Р°РїР°РЅР° Рљ1', 'DI01-V', NULL, NULL, 1, 6, 10), (55, 'DI', 'РњРќРЎ-4.РЈРЎРћ.1(1)', 'OPC661.2', 'РќРµРёСЃРїСЂР°РІРЅРѕСЃС‚СЊ СЃРёРіРЅР°Р»РёР·Р°С‚РѕСЂР° РєРѕРЅС‚СЂРѕР»СЏ РіРµСЂРјРµС‚РёС‡РЅРѕСЃС‚Рё РЅР° С‚СЂСѓР±РѕРїСЂРѕРІРѕРґРµ РєР»Р°РїР°РЅР° Рљ2', 'DI01-V', NULL, NULL, 1, 6, 11), (56, 'DI', 'РњРќРЎ-4.РЈРЎРћ.1(1)', 'OPC661.3', 'РќРµРёСЃРїСЂР°РІРЅРѕСЃС‚СЊ СЃРёРіРЅР°Р»РёР·Р°С‚РѕСЂР° РєРѕРЅС‚СЂРѕР»СЏ РіРµСЂРјРµС‚РёС‡РЅРѕСЃС‚Рё РЅР° С‚СЂСѓР±РѕРїСЂРѕРІРѕРґРµ РєР»Р°РїР°РЅР° Рљ3', 'DI01-V', NULL, NULL, 1, 6, 12), (57, 'AI', 'РњРќРЎ-4.РЈРЎРћ.1(1)', 'TT603', 'РўРµРјРїРµСЂР°С‚СѓСЂР° РјР°СЃР»Р° РІ РјР°СЃР»РѕР±Р°РєРµ N2', 'AI12 (1)', '1XT5', '1,2,3,4', 2, 1, 0), (58, 'AI', 'РњРќРЎ-4.РЈРЎРћ.1(1)', 'LT602', 'РЈСЂРѕРІРµРЅСЊ РјР°СЃР»Р° РІ РјР°СЃР»РѕР±Р°РєРµ N2', 'AI23 (1)', '1XT6', '1.2', 2, 1, 1), (59, 'AI', 'РњРќРЎ-4.РЈРЎРћ.1(1)', 'LT652', 'РЈСЂРѕРІРµРЅСЊ РЅРµС„С‚Рё РІ РµРјРєРѕСЃС‚Рё РґР»СЏ Р°РІР°СЂРёР№РЅРѕРіРѕ СЃР±СЂРѕСЃР°, СЃР±РѕСЂР° СѓС‚РµС‡РµРє Рё РґСЂРµРЅР°Р¶Р° (025.4.2)', 'AI23 (1)', '1XT6', '3.4', 2, 1, 2), (60, 'AI', 'РњРќРЎ-4.РЈРЎРћ.1(1)', 'LT654', 'РЈСЂРѕРІРµРЅСЊ РЅРµС„С‚Рё РІ РµРјРєРѕСЃС‚Рё РґР»СЏ Р°РІР°СЂРёР№РЅРѕРіРѕ СЃР±СЂРѕСЃР°, СЃР±РѕСЂР° СѓС‚РµС‡РµРє Рё РґСЂРµРЅР°Р¶Р° (025.4.4)', 'AI23 (1)', '1XT6', '5.6', 2, 1, 3), (61, 'AI', 'РњРќРЎ-4.РЈРЎРћ.1(1)', 'LT6024', 'РђРІР°СЂРёР№РЅС‹Р№ РјР°РєСЃРёРјР°Р»СЊРЅС‹Р№ СѓСЂРѕРІРµРЅСЊ РјР°СЃР»Р° РІ РјР°СЃР»РѕР±Р°РєРµ N2', 'AI32 (1)', '1XT7', '1.2', 2, 1, 4), (62, 'AI', 'РњРќРЎ-4.РЈРЎРћ.1(1)', 'LT6524', 'РђРІР°СЂРёР№РЅС‹Р№ РјР°РєСЃРёРјР°Р»СЊРЅС‹Р№ СѓСЂРѕРІРµРЅСЊ РІ РµРјРєРѕСЃС‚Рё РґР»СЏ Р°РІР°СЂРёР№РЅРѕРіРѕ СЃР±СЂРѕСЃР°, СЃР±РѕСЂР° СѓС‚РµС‡РµРє Рё РґСЂРµРЅР°Р¶Р° (025.4.2)', 'AI32 (1)', '1XT7', '3.4', 2, 1, 5), (63, 'AI', 'РњРќРЎ-4.РЈРЎРћ.1(1)', 'LT6544', 'РђРІР°СЂРёР№РЅС‹Р№ РјР°РєСЃРёРјР°Р»СЊРЅС‹Р№ СѓСЂРѕРІРµРЅСЊ РІ РµРјРєРѕСЃС‚Рё РґР»СЏ Р°РІР°СЂРёР№РЅРѕРіРѕ СЃР±СЂРѕСЃР°, СЃР±РѕСЂР° СѓС‚РµС‡РµРє Рё РґСЂРµРЅР°Р¶Р° (025.4.4)', 'AI32 (1)', '1XT7', '5,6', 2, 1, 6), (64, 'AI', 'РњРќРЎ-4.РЈРЎРћ.1(1)', 'CCT607', 'Р—Р°РіР°Р·РѕРІР°РЅРЅРѕСЃС‚СЊ РІ Р·РґР°РЅРёРё РјР°СЃР»РѕСЃРёСЃС‚РµРјС‹ (С‚РѕС‡РєР° 2)', 'AI21 (1)', '2XT5', '1.2', 2, 1, 7), (65, 'AI', 'РњРќРЎ-4.РЈРЎРћ.1(1)', 'PT652', 'Р”Р°РІР»РµРЅРёРµ РЅР° РІС‹С…РѕРґРµ РїРѕРіСЂСѓР¶РЅРѕРіРѕ РЅР°СЃРѕСЃР° 036.4Рќ2', 'AI22 (0)', '2XT6', '1.2', 2, 2, 1), (66, 'AI', 'РњРќРЎ-4.РЈРЎРћ.1(1)', 'PT602', 'Р”Р°РІР»РµРЅРёРµ РјР°СЃР»Р° РЅР° РІС‹С…РѕРґРµ РјР°СЃР»РѕРЅР°СЃРѕСЃР° N2', 'AI22 (1)', '2XT6', '3.4', 2, 2, 2), (67, 'AI', 'РњРќРЎ-4.РЈРЎРћ.1(1)', 'PDT622', 'РџРµСЂРµРїР°Рґ РґР°РІР»РµРЅРёСЏ РЅР° РїСЂРёС‚РѕС‡РЅРѕРј РІРµРЅС‚РёР»СЏС‚РѕСЂРµ РњРќРЎ N2', 'AI22 (1)', '2XT6', '5.6', 2, 2, 3), (68, 'AI', 'РњРќРЎ-4.РЈРЎРћ.1(1)', 'PDT624', 'РџРµСЂРµРїР°Рґ РґР°РІР»РµРЅРёСЏ РЅР° РІС‹С‚СЏР¶РЅРѕРј РІРµРЅС‚РёР»СЏС‚РѕСЂРµ РњРќРЎ N2', 'AI22 (1)', '2XT6', '7.8', 2, 2, 4), (69, 'AI', 'РњРќРЎ-4.РЈРЎРћ.1(1)', 'PDT626', 'РџРµСЂРµРїР°Рґ РґР°РІР»РµРЅРёСЏ РЅР° РїРѕРґРїРѕСЂРЅРѕРј РІРµРЅС‚РёР»СЏС‚РѕСЂРµ РњРќРђ N2', 'AI22 (1)', '2XT6', '9,10', 2, 2, 5), (70, 'AO', 'РњРќРЎ-4.РЈРЎРћ.1(1)', 'AT901', 'Р Р°СЃС…РѕРґ РЅРµС„С‚Рё РЅР° РІС‹С…РѕРґРµ РќРџРЎ-4', 'AO01 (2)', '2XT7', '1.2', 2, 5, 0), (71, 'AO', 'РњРќРЎ-4.РЈРЎРћ.1(1)', 'PT901', 'Р”Р°РІР»РµРЅРёРµ РЅРµС„С‚Рё РЅР° РІС‹С…РѕРґРµ РќРџРЎ-4', 'AO01 (2)', '2XT7', '3.4', 2, 5, 1), (72, 'AO', 'РњРќРЎ-4.РЈРЎРћ.1(1)', 'TT902', 'РўРµРјРїРµСЂР°С‚СѓСЂР° РЅРµС„С‚Рё РЅР° РІС‹С…РѕРґРµ РќРџРЎ-4', 'AO01 (2)', '2XT7', '5.6', 2, 5, 2), (73, 'DI', 'РњРќРЎ-4.РЈРЎРћ.1(1)', 'MBC201-1', 'Р’Р’ РњРќРђ2 РІРєР»СЋС‡РµРЅ (СЃРёРіРЅР°Р» 1)', 'DI06 (1)', '3XT6', '1.2', 2, 6, 21), (74, 'DI', 'РњРќРЎ-4.РЈРЎРћ.1(1)', 'MBC202-1', 'Р’Р’ РњРќРђ2 РѕС‚РєР»СЋС‡РµРЅ (СЃРёРіРЅР°Р» 1)', 'DI06 (1)', '3XT6', '3.4', 2, 6, 22), (75, 'DI', 'РњРќРЎ-4.РЈРЎРћ.1(1)', NULL, 'Р РµР·РµСЂРІ', 'DI01 (0)', '3XT7', '1.2', 1, 6, 29), (76, 'DO', 'РњРќРЎ-4.РЈРЎРћ.1(1)', 'BB622', 'РЎРёСЂРµРЅС‹ Сѓ РІС…РѕРґР° 2 Р·РґР°РЅРёСЏ РњРќРЎ - РІРєР»СЋС‡РёС‚СЊ', 'DO04 (1)', '3XT8', '1.2', 2, 7, 1), (77, 'DO', 'РњРќРЎ-4.РЈРЎРћ.1(1)', 'BB624', 'РўР°Р±Р»Рѕ "Р“Р°Р·" Сѓ РІС…РѕРґР° 2 Р·РґР°РЅРёСЏ РњРќРЎ - РІРєР»СЋС‡РёС‚СЊ', 'DO04 (1)', '3XT8', '3.4', 2, 7, 2), (78, 'DI', 'РњРќРЎ-4.РЈРЎРћ.1(1)', 'KKC202', 'РњРќРђ2. РђРІР°СЂРёР№РЅРѕРµ РѕС‚РєР»СЋС‡РµРЅРёРµ Р°РіСЂРµРіР°С‚Р° РєРЅРѕРїРєРѕР№ "РЎС‚РѕРї" РїРѕ РјРµСЃС‚Сѓ', 'DI03 (1)', '4XT4', '1.2', 2, 6, 23), (79, 'DI', 'РњРќРЎ-4.РЈРЎРћ.1(1)', 'KKC201', 'РњРќРђ2. РђРІР°СЂРёР№РЅРѕРµ РѕС‚РєР»СЋС‡РµРЅРёРµ Р°РіСЂРµРіР°С‚Р° РєРЅРѕРїРєРѕР№ "РЎС‚РѕРї" СЃ Р‘Р РЈ', 'DI03 (2)', '4XT5', '1.2', 2, 6, 24), (80, 'DO', 'РњРќРЎ-4.РЈРЎРћ.1(1)', 'ABO201-1', 'РћС‚РєР»СЋС‡РёС‚СЊ Р’Р’ РњРќРђ2 (РєРѕРјР°РЅРґР° 1)', 'DO06 (1)', '4XT6', '1.2', 2, 7, 0), (81, 'DI', 'РњРќРЎ-4.РЈРЎРћ.1(1)', 'EC208', 'РљРѕРЅС‚СЂРѕР»СЊ РЅР°Р»РёС‡РёСЏ РЅР°РїСЂСЏР¶РµРЅРёСЏ РІ С†РµРїСЏС… РѕРїРµСЂР°С‚РёРІРЅРѕРіРѕ С‚РѕРєР° РњРќРђ2', 'DI03-V', NULL, NULL, 2, 6, 25), (82, 'DI', 'РњРќРЎ-4.РЈРЎРћ.1(1)', 'ECO201-1', 'РСЃРїСЂР°РІРЅРѕСЃС‚СЊ С†РµРїРµР№ РѕС‚РєР»СЋС‡РµРЅРёСЏ Р’Р’ РњРќРђ2 (СЃРёРіРЅР°Р» 1)', 'DI03-V', NULL, NULL, 2, 6, 26), (83, 'DI', 'РњРќРЎ-4.РЈРЎРћ.1(1)', 'LC661.4', 'РЎСЂР°Р±Р°С‚С‹РІР°РЅРёРµ СЃРёРіРЅР°Р»РёР·Р°С‚РѕСЂР° РєРѕРЅС‚СЂРѕР»СЏ РіРµСЂРјРµС‚РёС‡РЅРѕСЃС‚Рё РЅР° С‚СЂСѓР±РѕРїСЂРѕРІРѕРґРµ РєР»Р°РїР°РЅР° Рљ4', 'DI01-V', NULL, NULL, 2, 6, 7), (84, 'DI', 'РњРќРЎ-4.РЈРЎРћ.1(1)', 'LC661.5', 'РЎСЂР°Р±Р°С‚С‹РІР°РЅРёРµ СЃРёРіРЅР°Р»РёР·Р°С‚РѕСЂР° РєРѕРЅС‚СЂРѕР»СЏ РіРµСЂРјРµС‚РёС‡РЅРѕСЃС‚Рё РЅР° С‚СЂСѓР±РѕРїСЂРѕРІРѕРґРµ РєР»Р°РїР°РЅР° Рљ5', 'DI01-V', NULL, NULL, 2, 6, 8), (85, 'DI', 'РњРќРЎ-4.РЈРЎРћ.1(1)', 'LC661.6', 'РЎСЂР°Р±Р°С‚С‹РІР°РЅРёРµ СЃРёРіРЅР°Р»РёР·Р°С‚РѕСЂР° РєРѕРЅС‚СЂРѕР»СЏ РіРµСЂРјРµС‚РёС‡РЅРѕСЃС‚Рё РЅР° С‚СЂСѓР±РѕРїСЂРѕРІРѕРґРµ РєР»Р°РїР°РЅР° Рљ6', 'DI01-V', NULL, NULL, 2, 6, 9), (86, 'DI', 'РњРќРЎ-4.РЈРЎРћ.1(1)', 'OPC661.4', 'РќРµРёСЃРїСЂР°РІРЅРѕСЃС‚СЊ СЃРёРіРЅР°Р»РёР·Р°С‚РѕСЂР° РєРѕРЅС‚СЂРѕР»СЏ РіРµСЂРјРµС‚РёС‡РЅРѕСЃС‚Рё РЅР° С‚СЂСѓР±РѕРїСЂРѕРІРѕРґРµ РєР»Р°РїР°РЅР° Рљ4', 'DI01-V', NULL, NULL, 2, 6, 10), (87, 'DI', 'РњРќРЎ-4.РЈРЎРћ.1(1)', 'OPC661.5', 'РќРµРёСЃРїСЂР°РІРЅРѕСЃС‚СЊ СЃРёРіРЅР°Р»РёР·Р°С‚РѕСЂР° РєРѕРЅС‚СЂРѕР»СЏ РіРµСЂРјРµС‚РёС‡РЅРѕСЃС‚Рё РЅР° С‚СЂСѓР±РѕРїСЂРѕРІРѕРґРµ РєР»Р°РїР°РЅР° Рљ5', 'DI01-V', NULL, NULL, 2, 6, 11), (88, 'DI', 'РњРќРЎ-4.РЈРЎРћ.1(1)', 'OPC661.6', 'РќРµРёСЃРїСЂР°РІРЅРѕСЃС‚СЊ СЃРёРіРЅР°Р»РёР·Р°С‚РѕСЂР° РєРѕРЅС‚СЂРѕР»СЏ РіРµСЂРјРµС‚РёС‡РЅРѕСЃС‚Рё РЅР° С‚СЂСѓР±РѕРїСЂРѕРІРѕРґРµ РєР»Р°РїР°РЅР° Рљ6', 'DI01-V', NULL, NULL, 2, 6, 12), (89, 'DI', 'РњРќРЎ-4.РЈРЎРћ.1(1)', 'MBC301-1', 'Р’Р’ РњРќРђ3 РІРєР»СЋС‡РµРЅ (СЃРёРіРЅР°Р» 1)', 'DI06 (1)', '3XT9', '1.2', 3, 1, 0), (90, 'DI', 'РњРќРЎ-4.РЈРЎРћ.1(1)', 'MBC302-1', 'Р’Р’ РњРќРђ3 РѕС‚РєР»СЋС‡РµРЅ (СЃРёРіРЅР°Р» 1)', 'DI06 (1)', '3XT9', '3.4', 3, 1, 1), (91, 'DI', 'РњРќРЎ-4.РЈРЎРћ.1(1)', 'KKC302', 'РњРќРђ3. РђРІР°СЂРёР№РЅРѕРµ РѕС‚РєР»СЋС‡РµРЅРёРµ Р°РіСЂРµРіР°С‚Р° РєРЅРѕРїРєРѕР№ "РЎС‚РѕРї" РїРѕ РјРµСЃС‚Сѓ', 'DI03 (1)', '4XT7', '1.2', 3, 1, 2), (92, 'DI', 'РњРќРЎ-4.РЈРЎРћ.1(1)', 'KKC301', 'РњРќРђ3. РђРІР°СЂРёР№РЅРѕРµ РѕС‚РєР»СЋС‡РµРЅРёРµ Р°РіСЂРµРіР°С‚Р° РєРЅРѕРїРєРѕР№ "РЎС‚РѕРї" СЃ Р‘Р РЈ', 'DI03 (2)', '4XT8', '1.2', 3, 1, 3), (93, 'DO', 'РњРќРЎ-4.РЈРЎРћ.1(1)', 'ABO301-1', 'РћС‚РєР»СЋС‡РёС‚СЊ Р’Р’ РњРќРђ3 (РєРѕРјР°РЅРґР° 1)', 'DO06 (1)', '4XT9', '1.2', 3, 2, 0), (94, 'DI', 'РњРќРЎ-4.РЈРЎРћ.1(1)', 'EC308', 'РљРѕРЅС‚СЂРѕР»СЊ РЅР°Р»РёС‡РёСЏ РЅР°РїСЂСЏР¶РµРЅРёСЏ РІ С†РµРїСЏС… РѕРїРµСЂР°С‚РёРІРЅРѕРіРѕ С‚РѕРєР° РњРќРђ3', 'DI03-V', NULL, NULL, 3, 1, 4), (95, 'DI', 'РњРќРЎ-4.РЈРЎРћ.1(1)', 'ECO301-1', 'РСЃРїСЂР°РІРЅРѕСЃС‚СЊ С†РµРїРµР№ РѕС‚РєР»СЋС‡РµРЅРёСЏ Р’Р’ РњРќРђ3 (СЃРёРіРЅР°Р» 1)', 'DI03-V', NULL, NULL, 3, 1, 5), (96, 'DI', 'РњРќРЎ-4.РЈРЎРћ.1(1)', 'MBC401-1', 'Р’Р’ РњРќРђ4 РІРєР»СЋС‡РµРЅ (СЃРёРіРЅР°Р» 1)', 'DI06 (1)', '3XT10', '1.2', 4, 1, 0), (97, 'DI', 'РњРќРЎ-4.РЈРЎРћ.1(1)', 'MBC402-1', 'Р’Р’ РњРќРђ4 РѕС‚РєР»СЋС‡РµРЅ (СЃРёРіРЅР°Р» 1)', 'DI06 (1)', '3XT10', '3.4', 4, 1, 1), (98, 'DI', 'РњРќРЎ-4.РЈРЎРћ.1(1)', 'KKC402', 'РњРќРђ4. РђРІР°СЂРёР№РЅРѕРµ РѕС‚РєР»СЋС‡РµРЅРёРµ Р°РіСЂРµРіР°С‚Р° РєРЅРѕРїРєРѕР№ "РЎС‚РѕРї" РїРѕ РјРµСЃС‚Сѓ', 'DI03 (1)', '4XT10', '1.2', 4, 1, 2), (99, 'DI', 'РњРќРЎ-4.РЈРЎРћ.1(1)', 'KKC401', 'РњРќРђ4. РђРІР°СЂРёР№РЅРѕРµ РѕС‚РєР»СЋС‡РµРЅРёРµ Р°РіСЂРµРіР°С‚Р° РєРЅРѕРїРєРѕР№ "РЎС‚РѕРї" СЃ Р‘Р РЈ', 'DI03 (2)', '4XT11', '1.2', 4, 1, 3), (100, 'DO', 'РњРќРЎ-4.РЈРЎРћ.1(1)', 'ABO401-1', 'РћС‚РєР»СЋС‡РёС‚СЊ Р’Р’ РњРќРђ4 (РєРѕРјР°РЅРґР° 1)', 'DO06 (1)', '4XT12', '1.2', 4, 2, 0), (101, 'DO', 'РњРќРЎ-4.РЈРЎРћ.1(1)', NULL, 'Р РµР·РµСЂРІ', 'DO06 (1)', '4XT14', '1.2', 4, 2, 1), (102, 'DI', 'РњРќРЎ-4.РЈРЎРћ.1(1)', NULL, 'Р РµР·РµСЂРІ', 'DI03-V', NULL, NULL, 4, 1, 6), (103, 'DI', 'РњРќРЎ-4.РЈРЎРћ.1(1)', 'EC408', 'РљРѕРЅС‚СЂРѕР»СЊ РЅР°Р»РёС‡РёСЏ РЅР°РїСЂСЏР¶РµРЅРёСЏ РІ С†РµРїСЏС… РѕРїРµСЂР°С‚РёРІРЅРѕРіРѕ С‚РѕРєР° РњРќРђ4', 'DI03-V', NULL, NULL, 4, 1, 4), (104, 'DI', 'РњРќРЎ-4.РЈРЎРћ.1(1)', 'ECO401-1', 'РСЃРїСЂР°РІРЅРѕСЃС‚СЊ С†РµРїРµР№ РѕС‚РєР»СЋС‡РµРЅРёСЏ Р’Р’ РњРќРђ4 (СЃРёРіРЅР°Р» 1)', 'DI03-V', NULL, NULL, 4, 1, 5), (105, 'AI', 'РњРќРЎ-4.РЈРЎРћ.1(1)', 'KKC104', 'РђРІР°СЂРёР№РЅРѕРµ РѕС‚РєР»СЋС‡РµРЅРёРµ РњРќРЎ РєРЅРѕРїРєРѕР№ "РЎС‚РѕРї РњРќРЎ" Сѓ РІС‹С…РѕРґР° в„–1', 'AI30 (0)', '2XT12', '1.2', 1, 2, 0), (106, 'AI', 'РњРќРЎ-4.РЈРЎРћ.1(1)', 'KKC103', 'РђРІР°СЂРёР№РЅРѕРµ РѕС‚РєР»СЋС‡РµРЅРёРµ РњРќРЎ-4 СЃ Р‘Р РЈ "РЎС‚РѕРї РњРќРЎ"', 'AI30 (2)', '2XT14', '1.2', 1, 3, 0), (107, 'AI', 'РњРќРЎ-4.РЈРЎРћ.1(1)', 'KKC105', 'РђРІР°СЂРёР№РЅРѕРµ РѕС‚РєР»СЋС‡РµРЅРёРµ РњРќРЎ РєРЅРѕРїРєРѕР№ "РЎС‚РѕРї РњРќРЎ" Сѓ РІС‹С…РѕРґР° в„–2', 'AI30 (0)', '2XT13', '1.2', 2, 2, 0), (108, 'AI', 'РњРќРЎ-4.РЈРЎРћ.1(1)', NULL, 'Р РµР·РµСЂРІ', 'AI30 (0)', '2XT13', '3.4', 2, 2, 6), (109, 'AI', 'РњРќРЎ-4.РЈРЎРћ.1(1)', NULL, 'Р РµР·РµСЂРІ', 'AI12 (1)', '1XT8', '1,2,3,4', 2, 4, 2), (110, 'AI', 'РњРќРЎ-4.РЈРЎРћ.1(1)', NULL, 'Р РµР·РµСЂРІ', 'AI23 (1)', '1XT9', '1.2', 2, 4, 3), (111, 'AI', 'РњРќРЎ-4.РЈРЎРћ.1(1)', NULL, 'Р РµР·РµСЂРІ', 'AI32 (1)', '1XT10', '1.2', 2, 4, 4), (112, 'AI', 'РњРќРЎ-4.РЈРЎРћ.1(1)', NULL, 'Р РµР·РµСЂРІ', 'AI32 (1)', '1XT10', '3.4', 2, 4, 5), (113, 'DI', 'РњРќРЎ-4.РЈРЎРћ.1(1)', NULL, 'Р РµР·РµСЂРІ', 'DI05 (1)', '1XT11', '1.2', 2, 6, 16), (114, 'AI', 'РњРќРЎ-4.РЈРЎРћ.1(1)', NULL, 'Р РµР·РµСЂРІ', 'AI28Рї (0)', '2XT15', '1.2', 2, 3, 4), (115, 'AI', 'РњРќРЎ-4.РЈРЎРћ.1(1)', NULL, 'Р РµР·РµСЂРІ', 'AI28Рї (0)', '2XT15', '3.4', 1, 3, 4), (116, 'AI', 'РњРќРЎ-4.РЈРЎРћ.1(1)', 'PT001.2', 'Р”Р°РІР»РµРЅРёРµ РЅРµС„С‚Рё РЅР° РїСЂРёРµРјРµ РњРќРЎ-4 (С‚РѕС‡РєР° 2)', 'AI21 (2)', '2XT8', '1.2', 2, 3, 1), (117, 'AI', 'РњРќРЎ-4.РЈРЎРћ.1(1)', 'PT002.2', 'Р”Р°РІР»РµРЅРёРµ РЅРµС„С‚Рё РІ РєРѕР»Р»РµРєС‚РѕСЂРµ РњРќРЎ-4 (С‚РѕС‡РєР° 2) (РґРѕ СѓР·Р»Р° СЂРµРіСѓР»РёСЂРѕРІР°РЅРёСЏ)', 'AI21 (2)', '2XT8', '3.4', 2, 3, 2), (118, 'AI', 'РњРќРЎ-4.РЈРЎРћ.1(1)', 'PT003.2', 'Р”Р°РІР»РµРЅРёРµ РЅРµС„С‚Рё РЅР° РІС‹С…РѕРґРµ РќРџРЎ (С‚РѕС‡РєР° 2)', 'AI21 (2)', '2XT8', '5.6', 2, 3, 3), (119, 'AI', 'РњРќРЎ-4.РЈРЎРћ.1(1)', NULL, 'Р РµР·РµСЂРІ', 'AI21 (2)', '2XT8', '7.8', 2, 3, 5), (120, 'AI', 'РњРќРЎ-4.РЈРЎРћ.1(1)', NULL, 'Р РµР·РµСЂРІ', 'AI22 (0)', '2XT9', '1.2', 2, 3, 6), (121, 'AI', 'РњРќРЎ-4.РЈРЎРћ.1(1)', NULL, 'Р РµР·РµСЂРІ', 'AI22 (0)', '2XT9', '3.4', 2, 3, 7), (122, 'AI', 'РњРќРЎ-4.РЈРЎРћ.1(1)', NULL, 'Р РµР·РµСЂРІ', 'AI22 (0)', '2XT9', '5.6', 2, 4, 6), (123, 'AI', 'РњРќРЎ-4.РЈРЎРћ.1(1)', NULL, 'Р РµР·РµСЂРІ', 'AI22 (0)', '2XT9', '7.8', 2, 4, 7), (124, 'AI', 'РњРќРЎ-4.РЈРЎРћ.1(1)', 'DT703.1', 'РџРѕР¶Р°СЂ РІ Р·РґР°РЅРёРё РњРќРЎ-4 (003.4)', 'AI30 (2)', '2XT10', '1.2', 2, 2, 7), (125, 'AI', 'РњРќРЎ-4.РЈРЎРћ.1(1)', 'DT704.1', 'РџРѕР¶Р°СЂ РІ Р·РґР°РЅРёРё РјР°СЃР»РѕСЃРёСЃС‚РµРјС‹ (006.4)', 'AI30 (2)', '2XT10', '3.4', 2, 3, 0), (126, 'AI', 'РњРќРЎ-4.РЈРЎРћ.1(1)', 'DT705.1', 'РџРѕР¶Р°СЂ РІ Р±Р»РѕРєРµ РЎРЎР’Р” (051.4)', 'AI30 (2)', '2XT10', '5.6', 1, 4, 0), (127, 'AI', 'РњРќРЎ-4.РЈРЎРћ.1(1)', 'DT706.1', 'РџРѕР¶Р°СЂ РІ РїРѕРјРµС‰РµРЅРёРё Р—Р РЈ Р·РґР°РЅРёСЏ РѕРїРµСЂР°С‚РѕСЂРЅРѕР№, Р—Р РЈ, РљРўРџ (214.4)', 'AI30 (2)', '2XT10', '7.8', 2, 4, 0), (128, 'AI', 'РњРќРЎ-4.РЈРЎРћ.1(1)', 'DT707.1', 'РџРѕР¶Р°СЂ РІ РїРѕРјРµС‰РµРЅРёРё Р°РїРїР°СЂР°С‚РЅРѕР№ Р·РґР°РЅРёСЏ РѕРїРµСЂР°С‚РѕСЂРЅРѕР№, Р—Р РЈ, РљРўРџ (214.4)', 'AI30 (2)', '2XT10', '9,10', 1, 2, 6), (129, 'AI', 'РњРќРЎ-4.РЈРЎРћ.1(1)', NULL, 'Р РµР·РµСЂРІ', 'AI30 (2)', '2XT10', '11,12', 2, 4, 1), (130, 'AO', 'РњРќРЎ-4.РЈРЎРћ.1(1)', NULL, 'Р РµР·РµСЂРІ', 'AO01 (2)', '2XT11', '1.2', 2, 5, 3), (131, 'DI', 'РњРќРЎ-4.РЈРЎРћ.1(1)', NULL, 'Р РµР·РµСЂРІ', 'DI01 (0)', '3XT11', '1.2', 2, 6, 17), (132, 'DI', 'РњРќРЎ-4.РЈРЎРћ.1(1)', NULL, 'Р РµР·РµСЂРІ', 'DI06 (1)', '3XT12', '1.2', 2, 6, 18), (133, 'DI', 'РњРќРЎ-4.РЈРЎРћ.1(1)', NULL, 'Р РµР·РµСЂРІ', 'DI06 (1)', '3XT12', '3.4', 2, 6, 19), (134, 'DI', 'РњРќРЎ-4.РЈРЎРћ.1(1)', NULL, 'Р РµР·РµСЂРІ', 'DI01 (0)', '3XT13', '1.2', 2, 6, 20), (135, 'DO', 'РњРќРЎ-4.РЈРЎРћ.1(1)', 'BB601', 'Р’РєР»СЋС‡РµРЅРёРµ С‚Р°Р±Р»Рѕ "Р“Р°Р·" Р·РґР°РЅРёСЏ РјР°СЃР»РѕСЃРёСЃС‚РµРјС‹', 'DO04 (1)', '3XT14', '1.2', 3, 2, 1), (136, 'DO', 'РњРќРЎ-4.РЈРЎРћ.1(1)', 'BB602', 'Р’РєР»СЋС‡РµРЅРёРµ СЃРёСЂРµРЅС‹ Р·РґР°РЅРёСЏ РјР°СЃР»РѕСЃРёСЃС‚РµРјС‹', 'DO04 (1)', '3XT14', '3.4', 3, 2, 2), (137, 'DO', 'РњРќРЎ-4.РЈРЎРћ.1(1)', NULL, 'Р РµР·РµСЂРІ', 'DO04 (1)', '3XT14', '5.6', 4, 2, 2), (138, 'DO', 'РњРќРЎ-4.РЈРЎРћ.1(1)', NULL, 'Р РµР·РµСЂРІ', 'DO04 (1)', '3XT14', '7.8', 4, 2, 3), (139, 'DI', 'РњРќРЎ-4.РЈРЎРћ.1(1)', NULL, 'Р РµР·РµСЂРІ', 'DI03 (1)', '4XT13', '1.2', 2, 6, 27), (140, 'DI', 'РњРќРЎ-4.РЈРЎРћ.1(1)', NULL, 'Р РµР·РµСЂРІ', 'DI03 (1)', '4XT13', '3.4', 2, 6, 28), (141, 'AI', 'РњРќРЎ-4.РЈРЎРћ.1(1)', 'CST01-11', 'РўРµРјРїРµСЂР°С‚СѓСЂР° РІРѕР·РґСѓС…Р° РІ С€РєР°С„Сѓ РњРќРЎ-4.РЈРЎРћ.1(1)', 'AI22-V', NULL, NULL, 1, 5, 0), (142, 'DI', 'РњРќРЎ-4.РЈРЎРћ.1(1)', 'CSC01-11', 'РќРµРёСЃРїСЂР°РІРЅРѕСЃС‚СЊ РѕР±РѕСЂСѓРґРѕРІР°РЅРёСЏ РїРёС‚Р°РЅРёСЏ РѕСЃРЅРѕРІРЅРѕРіРѕ РєР°РЅР°Р»Р° С€РєР°С„Р° РњРќРЎ-4.РЈРЎРћ.1(1)', 'DI01-V', NULL, NULL, 1, 6, 0), (143, 'DI', 'РњРќРЎ-4.РЈРЎРћ.1(1)', 'CSC02-11', 'РќРµРёСЃРїСЂР°РІРЅРѕСЃС‚СЊ РѕР±РѕСЂСѓРґРѕРІР°РЅРёСЏ РїРёС‚Р°РЅРёСЏ СЂРµР·РµСЂРІРЅРѕРіРѕ РєР°РЅР°Р»Р° С€РєР°С„Р° РњРќРЎ-4.РЈРЎРћ.1(1)', 'DI01-V', NULL, NULL, 2, 6, 0), (144, 'DI', 'РњРќРЎ-4.РЈРЎРћ.1(1)', 'CSC03(1)-11', 'РћР±С‰Р°СЏ РЅРµРёСЃРїСЂР°РІРЅРѕСЃС‚СЊ СЃРёСЃС‚РµРјС‹ РїРёС‚Р°РЅРёСЏ С€РєР°С„Р° РњРќРЎ-4.РЈРЎРћ.1(1)', 'DI01-V', NULL, NULL, 1, 6, 1), (145, 'DI', 'РњРќРЎ-4.РЈРЎРћ.1(1)', 'CSC03(2)-11', 'РћР±С‰Р°СЏ РЅРµРёСЃРїСЂР°РІРЅРѕСЃС‚СЊ СЃРёСЃС‚РµРјС‹ РїРёС‚Р°РЅРёСЏ С€РєР°С„Р° РњРќРЎ-4.РЈРЎРћ.1(1)', 'DI01-V', NULL, NULL, 2, 6, 1), (146, 'DI', 'РњРќРЎ-4.РЈРЎРћ.1(1)', 'CSC04-11', 'Р”РІРµСЂРё С€РєР°С„Р° РњРќРЎ-4.РЈРЎРћ.1(1) РѕС‚РєСЂС‹С‚С‹', 'DI01-V', '', NULL, 1, 6, 6), (147, 'DI', 'РњРќРЎ-4.РЈРЎРћ.1(1)', 'CSC05-11', 'РќР°Р»РёС‡РёРµ РЅР°РїСЂСЏР¶РµРЅРёСЏ РЅР° РІРІРѕРґРµ 1 С€РєР°С„Р° РњРќРЎ-4.РЈРЎРћ.1(1)', 'DI02-V', NULL, NULL, 1, 6, 2), (148, 'DI', 'РњРќРЎ-4.РЈРЎРћ.1(1)', 'CSC06-11', 'РќР°Р»РёС‡РёРµ РЅР°РїСЂСЏР¶РµРЅРёСЏ РЅР° РІРІРѕРґРµ 2 С€РєР°С„Р° РњРќРЎ-4.РЈРЎРћ.1(1)', 'DI02-V', NULL, NULL, 2, 6, 2), (149, 'DI', 'РњРќРЎ-4.РЈРЎРћ.1(1)', 'CSC07(1)-11', 'РСЃРїСЂР°РІРЅРѕСЃС‚СЊ РЈР—РРџ РЅР° РІРІРѕРґРµ 1 С€РєР°С„Р° РњРќРЎ-4.РЈРЎРћ.1(1)', 'DI02-V', NULL, NULL, 1, 6, 3), (150, 'DI', 'РњРќРЎ-4.РЈРЎРћ.1(1)', 'CSC07(2)-11', 'РСЃРїСЂР°РІРЅРѕСЃС‚СЊ РЈР—РРџ РЅР° РІРІРѕРґРµ 2 С€РєР°С„Р° РњРќРЎ-4.РЈРЎРћ.1(1)', 'DI02-V', NULL, NULL, 2, 6, 3), (151, 'DI', 'РњРќРЎ-4.РЈРЎРћ.1(1)', 'CSC08-11', 'РђРІР°СЂРёСЏ РР‘Рџ=24Р’. РћСЃРЅРѕРІРЅРѕР№ РєР°РЅР°Р» РїРёС‚Р°РЅРёСЏ С€РєР°С„Р° РњРќРЎ-4.РЈРЎРћ.1(1)', 'DI01-V', NULL, NULL, 1, 6, 4), (152, 'DI', 'РњРќРЎ-4.РЈРЎРћ.1(1)', 'CSC09-11', 'РђРІР°СЂРёСЏ РР‘Рџ=24Р’.Р РµР·РµСЂРІРЅС‹Р№ РєР°РЅР°Р» РїРёС‚Р°РЅРёСЏ С€РєР°С„Р° РњРќРЎ-4.РЈРЎРћ.1(1)', 'DI01-V', NULL, NULL, 2, 6, 4), (153, 'DI', 'РњРќРЎ-4.РЈРЎРћ.1(1)', 'CSC10-11', 'РџРµСЂРµС…РѕРґ РЅР° Р±Р°С‚Р°СЂРµСЋ РР‘Рџ =24Р’. РћСЃРЅРѕРІРЅРѕР№ РєР°РЅР°Р» РїРёС‚Р°РЅРёСЏ С€РєР°С„Р° РњРќРЎ-4.РЈРЎРћ.1(1)', 'DI01-V', NULL, NULL, 1, 6, 5), (154, 'DI', 'РњРќРЎ-4.РЈРЎРћ.1(1)', 'CSC11-11', 'РџРµСЂРµС…РѕРґ РЅР° Р±Р°С‚Р°СЂРµСЋ РР‘Рџ =24Р’. Р РµР·РµСЂРІРЅС‹Р№ РєР°РЅР°Р» РїРёС‚Р°РЅРёСЏ С€РєР°С„Р° РњРќРЎ-4.РЈРЎРћ.1(1)', 'DI01-V', NULL, NULL, 2, 6, 5), (155, 'DI', 'РњРќРЎ-4.РЈРЎРћ.1(1)', 'CSC12-11', 'РџРљРЎР PR1 С€РєР°С„Р° РњРќРЎ-4.РЈРЎРћ.1(1). РќРёР·РєРѕРµ СЃРѕРїСЂРѕС‚РёРІР»РµРЅРёРµ РёР·РѕР»СЏС†РёРё', 'DI01-V', '', NULL, 2, 6, 6), (156, 'DI', 'РњРќРЎ-4.РЈРЎРћ.1(1)', 'KKCC1', 'Р—Р°РґРІРёР¶РєР° в„– 1 - Р·Р°РєСЂС‹С‚Р° СЃ Р‘Р РЈ', 'DI02 (2)', '4XT15', '1.2', 3, 1, 6), (157, 'DI', 'РњРќРЎ-4.РЈРЎРћ.1(1)', 'KKCC10Рџ', 'Р—Р°РґРІРёР¶РєР° в„– 10Рџ - Р·Р°РєСЂС‹С‚Р° СЃ Р‘Р РЈ', 'DI02 (2)', '4XT15', '3.4', 3, 1, 7), (158, 'DI', 'РњРќРЎ-4.РЈРЎРћ.1(1)', 'KKCC2', 'Р—Р°РґРІРёР¶РєР° в„– 2 - Р·Р°РєСЂС‹С‚Р° СЃ Р‘Р РЈ', 'DI02 (2)', '4XT15', '5.6', 3, 1, 8), (159, 'DI', 'РњРќРЎ-4.РЈРЎРћ.1(1)', 'KKCC9Рџ', 'Р—Р°РґРІРёР¶РєР° в„– 9Рџ - Р·Р°РєСЂС‹С‚Р° СЃ Р‘Р РЈ', 'DI02 (2)', '4XT15', '7.8', 3, 1, 9), (160, 'DI', 'РњРќРЎ-4.РЈРЎРћ.1(1)', NULL, 'Р РµР·РµСЂРІ', 'DI02 (2)', '4XT15', '9,10', 3, 1, 10), (161, 'DI', 'РњРќРЎ-4.РЈРЎРћ.1(1)', 'KKCS1', 'Р—Р°РґРІРёР¶РєР° в„– 1 - РѕСЃС‚Р°РЅРѕРІР»РµРЅР° СЃ Р‘Р РЈ', 'DI02 (2)', '4XT15', '11.12', 3, 1, 11), (162, 'DI', 'РњРќРЎ-4.РЈРЎРћ.1(1)', 'KKCS10Рџ', 'Р—Р°РґРІРёР¶РєР° в„– 10Рџ - РѕСЃС‚Р°РЅРѕРІР»РµРЅР° СЃ Р‘Р РЈ', 'DI02 (2)', '4XT15', '13.14', 3, 1, 12), (163, 'DI', 'РњРќРЎ-4.РЈРЎРћ.1(1)', 'KKCS2', 'Р—Р°РґРІРёР¶РєР° в„– 2 - РѕСЃС‚Р°РЅРѕРІР»РµРЅР° СЃ Р‘Р РЈ', 'DI02 (2)', '4XT15', '15.16', 3, 1, 13), (164, 'DI', 'РњРќРЎ-4.РЈРЎРћ.1(1)', 'KKCS9Рџ', 'Р—Р°РґРІРёР¶РєР° в„– 9Рџ - РѕСЃС‚Р°РЅРѕРІР»РµРЅР° СЃ Р‘Р РЈ', 'DI02 (2)', '4XT15', '17.18', 3, 1, 14), (165, 'DI', 'РњРќРЎ-4.РЈРЎРћ.1(1)', NULL, 'Р РµР·РµСЂРІ', 'DI02 (2)', '4XT15', '19.2', 3, 1, 15) RETURNING "signals"."id"
2023-07-02 16:39:44.000 +05 [17532] СООБЩЕНИЕ:  начата контрольная точка: time
2023-07-02 16:39:56.447 +05 [17532] СООБЩЕНИЕ:  контрольная точка завершена: записано буферов: 117 (0.7%); добавлено файлов WAL 0, удалено: 0, переработано: 0; запись=12.420 сек., синхр.=0.018 сек., всего=12.447 сек.; синхронизировано_файлов=20, самая_долгая_синхр.=0.004 сек., средняя=0.001 сек.; расстояние=956 kB, ожидалось=14873 kB
2023-07-02 16:46:21.601 +05 [11356] РЎРћРћР‘Р©Р•РќРР•:  РЅРµ СѓРґР°Р»РѕСЃСЊ РїРѕР»СѓС‡РёС‚СЊ РґР°РЅРЅС‹Рµ РѕС‚ РєР»РёРµРЅС‚Р°: An existing connection was forcibly closed by the remote host.
	
2023-07-02 16:49:44.465 +05 [17532] СООБЩЕНИЕ:  начата контрольная точка: time
2023-07-02 16:49:51.489 +05 [17532] СООБЩЕНИЕ:  контрольная точка завершена: записано буферов: 65 (0.4%); добавлено файлов WAL 0, удалено: 0, переработано: 0; запись=7.003 сек., синхр.=0.015 сек., всего=7.025 сек.; синхронизировано_файлов=13, самая_долгая_синхр.=0.003 сек., средняя=0.002 сек.; расстояние=490 kB, ожидалось=13435 kB
2023-07-02 16:52:55.274 +05 [20896] РћРЁРР‘РљРђ:  РѕС‚РЅРѕС€РµРЅРёРµ "signals" РЅРµ СЃСѓС‰РµСЃС‚РІСѓРµС‚ (СЃРёРјРІРѕР» 22)
2023-07-02 16:52:55.274 +05 [20896] РћРџР•Р РђРўРћР :  SELECT COUNT(*) FROM signals
2023-07-02 16:53:53.043 +05 [8872] РћРЁРР‘РљРђ:  РІ РєРѕРЅСЃС‚СЂСѓРєС†РёРё UNION С‚РёРїС‹ "char" Рё text РЅРµ РёРјРµСЋС‚ РѕР±С‰РµРіРѕ (СЃРёРјРІРѕР» 768)
2023-07-02 16:53:53.043 +05 [8872] РћРџР•Р РђРўРћР :  select D.objoid id, C.relkind as kind, D.objsubid sub_id, D.description
	from pg_catalog.pg_description D
	  join pg_catalog.pg_class C on D.objoid = C.oid
	where C.relnamespace = $1::oid and C.relkind != 'c'
	and pg_catalog.age(D.xmin) <= coalesce(nullif(greatest(pg_catalog.age($2::varchar::xid), -1), -1), 2147483647)
	union all
	select T.oid id, 'T' as kind, D.objsubid sub_id, D.description
	from pg_catalog.pg_description D
	  join pg_catalog.pg_type T on T.oid = D.objoid or T.typrelid = D.objoid
	  left join pg_catalog.pg_class C on T.typrelid = C.oid
	where T.typnamespace = $3::oid and (C.relkind = 'c' or C.relkind is null)
	and pg_catalog.age(D.xmin) <= coalesce(nullif(greatest(pg_catalog.age($4::varchar::xid), -1), -1), 2147483647)
	union all
	select D.objoid id, pg_catalog.translate(C.contype, 'pufc', 'kkxz') as kind, D.objsubid sub_id, D.description
	from pg_catalog.pg_description D
	  join pg_catalog.pg_constraint C on D.objoid = C.oid
	where C.connamespace = $5::oid
	and pg_catalog.age(D.xmin) <= coalesce(nullif(greatest(pg_catalog.age($6::varchar::xid), -1), -1), 2147483647)
	union all
	select D.objoid id, 't' as kind, D.objsubid sub_id, D.description
	from pg_catalog.pg_description D
	  join pg_catalog.pg_trigger T on T.oid = D.objoid
	  join pg_catalog.pg_class C on C.oid = T.tgrelid
	where C.relnamespace = $7::oid
	and pg_catalog.age(D.xmin) <= coalesce(nullif(greatest(pg_catalog.age($8::varchar::xid), -1), -1), 2147483647)
	union all
	select D.objoid id, 'R' as kind, D.objsubid sub_id, D.description
	from pg_catalog.pg_description D
	  join pg_catalog.pg_rewrite R on R.oid = D.objoid
	  join pg_catalog.pg_class C on C.oid = R.ev_class
	where C.relnamespace = $9::oid
	and pg_catalog.age(D.xmin) <= coalesce(nullif(greatest(pg_catalog.age($10::varchar::xid), -1), -1), 2147483647)
	union all
	select D.objoid id, 'F' as kind, D.objsubid sub_id, D.description
	from pg_catalog.pg_description D
	  join pg_catalog.pg_proc P on P.oid = D.objoid
	where P.pronamespace = $11::oid
	and pg_catalog.age(D.xmin) <= coalesce(nullif(greatest(pg_catalog.age($12::varchar::xid), -1), -1), 2147483647)
	union all
	select D.objoid id, 'O' as kind, D.objsubid sub_id, D.description
	from pg_catalog.pg_description D
	  join pg_catalog.pg_operator O on O.oid = D.objoid
	where O.oprnamespace = $13::oid
	and pg_catalog.age(D.xmin) <= coalesce(nullif(greatest(pg_catalog.age($14::varchar::xid), -1), -1), 2147483647)
	union all
	select D.objoid id, 'f' as kind, D.objsubid sub_id, D.description
	from pg_catalog.pg_description D
	  join pg_catalog.pg_opfamily O on O.oid = D.objoid
	where O.opfnamespace = $15::oid
	and pg_catalog.age(D.xmin) <= coalesce(nullif(greatest(pg_catalog.age($16::varchar::xid), -1), -1), 2147483647)
	union all
	select D.objoid id, 'c' as kind, D.objsubid sub_id, D.description
	from pg_catalog.pg_description D
	  join pg_catalog.pg_opclass O on O.oid = D.objoid
	where O.opcnamespace = $17::oid
	and pg_catalog.age(D.xmin) <= coalesce(nullif(greatest(pg_catalog.age($18::varchar::xid), -1), -1), 2147483647)
	union all
	select D.objoid id, 'C' as kind, D.objsubid sub_id, D.description
	from pg_catalog.pg_description D
	  join pg_catalog.pg_collation C on C.oid = D.objoid
	where C.collnamespace = $19::oid
	and pg_catalog.age(D.xmin) <= coalesce(nullif(greatest(pg_catalog.age($20::varchar::xid), -1), -1), 2147483647)
	
2023-07-02 16:54:44.501 +05 [17532] СООБЩЕНИЕ:  начата контрольная точка: time
2023-07-02 16:54:55.299 +05 [17532] СООБЩЕНИЕ:  контрольная точка завершена: записано буферов: 100 (0.6%); добавлено файлов WAL 0, удалено: 0, переработано: 0; запись=10.752 сек., синхр.=0.036 сек., всего=10.799 сек.; синхронизировано_файлов=41, самая_долгая_синхр.=0.004 сек., средняя=0.001 сек.; расстояние=695 kB, ожидалось=12161 kB
2023-07-02 16:59:44.775 +05 [17532] СООБЩЕНИЕ:  начата контрольная точка: time
2023-07-02 16:59:46.326 +05 [17532] СООБЩЕНИЕ:  контрольная точка завершена: записано буферов: 14 (0.1%); добавлено файлов WAL 0, удалено: 0, переработано: 0; запись=1.537 сек., синхр.=0.005 сек., всего=1.551 сек.; синхронизировано_файлов=2, самая_долгая_синхр.=0.004 сек., средняя=0.003 сек.; расстояние=27 kB, ожидалось=10948 kB
2023-07-02 17:27:33.883 +05 [5488] РЎРћРћР‘Р©Р•РќРР•:  РЅРµ СѓРґР°Р»РѕСЃСЊ РїРѕР»СѓС‡РёС‚СЊ РґР°РЅРЅС‹Рµ РѕС‚ РєР»РёРµРЅС‚Р°: An existing connection was forcibly closed by the remote host.
	
2023-07-02 17:27:33.884 +05 [14612] РЎРћРћР‘Р©Р•РќРР•:  РЅРµ СѓРґР°Р»РѕСЃСЊ РїРѕР»СѓС‡РёС‚СЊ РґР°РЅРЅС‹Рµ РѕС‚ РєР»РёРµРЅС‚Р°: An existing connection was forcibly closed by the remote host.
	
2023-07-02 17:27:33.885 +05 [21228] РЎРћРћР‘Р©Р•РќРР•:  РЅРµ СѓРґР°Р»РѕСЃСЊ РїРѕР»СѓС‡РёС‚СЊ РґР°РЅРЅС‹Рµ РѕС‚ РєР»РёРµРЅС‚Р°: An existing connection was forcibly closed by the remote host.
	
2023-07-02 17:27:33.886 +05 [24464] РЎРћРћР‘Р©Р•РќРР•:  РЅРµ СѓРґР°Р»РѕСЃСЊ РїРѕР»СѓС‡РёС‚СЊ РґР°РЅРЅС‹Рµ РѕС‚ РєР»РёРµРЅС‚Р°: An existing connection was forcibly closed by the remote host.
	
2023-07-02 17:27:33.886 +05 [21364] РЎРћРћР‘Р©Р•РќРР•:  РЅРµ СѓРґР°Р»РѕСЃСЊ РїРѕР»СѓС‡РёС‚СЊ РґР°РЅРЅС‹Рµ РѕС‚ РєР»РёРµРЅС‚Р°: An existing connection was forcibly closed by the remote host.
	
2023-07-02 17:27:33.886 +05 [24232] РЎРћРћР‘Р©Р•РќРР•:  РЅРµ СѓРґР°Р»РѕСЃСЊ РїРѕР»СѓС‡РёС‚СЊ РґР°РЅРЅС‹Рµ РѕС‚ РєР»РёРµРЅС‚Р°: An existing connection was forcibly closed by the remote host.
	
2023-07-02 17:27:33.887 +05 [9524] РЎРћРћР‘Р©Р•РќРР•:  РЅРµ СѓРґР°Р»РѕСЃСЊ РїРѕР»СѓС‡РёС‚СЊ РґР°РЅРЅС‹Рµ РѕС‚ РєР»РёРµРЅС‚Р°: An existing connection was forcibly closed by the remote host.
	
2023-07-02 17:27:33.887 +05 [22532] РЎРћРћР‘Р©Р•РќРР•:  РЅРµ СѓРґР°Р»РѕСЃСЊ РїРѕР»СѓС‡РёС‚СЊ РґР°РЅРЅС‹Рµ РѕС‚ РєР»РёРµРЅС‚Р°: An existing connection was forcibly closed by the remote host.
	
2023-07-02 17:27:33.890 +05 [2024] РЎРћРћР‘Р©Р•РќРР•:  РЅРµ СѓРґР°Р»РѕСЃСЊ РїРѕР»СѓС‡РёС‚СЊ РґР°РЅРЅС‹Рµ РѕС‚ РєР»РёРµРЅС‚Р°: An existing connection was forcibly closed by the remote host.
	
2023-07-02 17:27:33.890 +05 [22644] РЎРћРћР‘Р©Р•РќРР•:  РЅРµ СѓРґР°Р»РѕСЃСЊ РїРѕР»СѓС‡РёС‚СЊ РґР°РЅРЅС‹Рµ РѕС‚ РєР»РёРµРЅС‚Р°: An existing connection was forcibly closed by the remote host.
	
2023-07-02 17:27:33.892 +05 [15776] РЎРћРћР‘Р©Р•РќРР•:  РЅРµ СѓРґР°Р»РѕСЃСЊ РїРѕР»СѓС‡РёС‚СЊ РґР°РЅРЅС‹Рµ РѕС‚ РєР»РёРµРЅС‚Р°: An existing connection was forcibly closed by the remote host.
	
2023-07-02 17:27:33.892 +05 [7336] РЎРћРћР‘Р©Р•РќРР•:  РЅРµ СѓРґР°Р»РѕСЃСЊ РїРѕР»СѓС‡РёС‚СЊ РґР°РЅРЅС‹Рµ РѕС‚ РєР»РёРµРЅС‚Р°: An existing connection was forcibly closed by the remote host.
	
