2023-06-25 10:21:24.756 +05 [17532] СООБЩЕНИЕ:  начата контрольная точка: time
2023-06-25 10:21:26.195 +05 [17532] СООБЩЕНИЕ:  контрольная точка завершена: записано буферов: 14 (0.1%); добавлено файлов WAL 0, удалено: 0, переработано: 0; запись=1.422 сек., синхр.=0.010 сек., всего=1.439 сек.; синхронизировано_файлов=11, самая_долгая_синхр.=0.003 сек., средняя=0.001 сек.; расстояние=81 kB, ожидалось=1907 kB
2023-06-25 10:26:24.204 +05 [17532] СООБЩЕНИЕ:  начата контрольная точка: time
2023-06-25 10:26:29.205 +05 [17532] СООБЩЕНИЕ:  контрольная точка завершена: записано буферов: 47 (0.3%); добавлено файлов WAL 0, удалено: 0, переработано: 0; запись=4.978 сек., синхр.=0.014 сек., всего=5.001 сек.; синхронизировано_файлов=16, самая_долгая_синхр.=0.004 сек., средняя=0.001 сек.; расстояние=421 kB, ожидалось=1759 kB
2023-06-25 10:27:17.014 +05 [20468] РћРЁРР‘РљРђ:  РІ РєРѕРЅСЃС‚СЂСѓРєС†РёРё UNION С‚РёРїС‹ "char" Рё text РЅРµ РёРјРµСЋС‚ РѕР±С‰РµРіРѕ (СЃРёРјРІРѕР» 768)
2023-06-25 10:27:17.014 +05 [20468] РћРџР•Р РђРўРћР :  select D.objoid id, C.relkind as kind, D.objsubid sub_id, D.description
	from pg_catalog.pg_description D
	  join pg_catalog.pg_class C on D.objoid = C.oid
	where C.relnamespace = $1::oid and C.relkind != 'c'
	and pg_catalog.age(D.xmin) <= coalesce(nullif(greatest(pg_catalog.age($2::varchar::xid), -1), -1), 2147483647)
	union all
	select T.oid id, 'T' as kind, D.objsubid sub_id, D.description
	from pg_catalog.pg_description D
	  join pg_catalog.pg_type T on T.oid = D.objoid or T.typrelid = D.objoid
	  left join pg_catalog.pg_class C on T.typrelid = C.oid
	where T.typnamespace = $3::oid and (C.relkind = 'c' or C.relkind is null)
	and pg_catalog.age(D.xmin) <= coalesce(nullif(greatest(pg_catalog.age($4::varchar::xid), -1), -1), 2147483647)
	union all
	select D.objoid id, pg_catalog.translate(C.contype, 'pufc', 'kkxz') as kind, D.objsubid sub_id, D.description
	from pg_catalog.pg_description D
	  join pg_catalog.pg_constraint C on D.objoid = C.oid
	where C.connamespace = $5::oid
	and pg_catalog.age(D.xmin) <= coalesce(nullif(greatest(pg_catalog.age($6::varchar::xid), -1), -1), 2147483647)
	union all
	select D.objoid id, 't' as kind, D.objsubid sub_id, D.description
	from pg_catalog.pg_description D
	  join pg_catalog.pg_trigger T on T.oid = D.objoid
	  join pg_catalog.pg_class C on C.oid = T.tgrelid
	where C.relnamespace = $7::oid
	and pg_catalog.age(D.xmin) <= coalesce(nullif(greatest(pg_catalog.age($8::varchar::xid), -1), -1), 2147483647)
	union all
	select D.objoid id, 'R' as kind, D.objsubid sub_id, D.description
	from pg_catalog.pg_description D
	  join pg_catalog.pg_rewrite R on R.oid = D.objoid
	  join pg_catalog.pg_class C on C.oid = R.ev_class
	where C.relnamespace = $9::oid
	and pg_catalog.age(D.xmin) <= coalesce(nullif(greatest(pg_catalog.age($10::varchar::xid), -1), -1), 2147483647)
	union all
	select D.objoid id, 'F' as kind, D.objsubid sub_id, D.description
	from pg_catalog.pg_description D
	  join pg_catalog.pg_proc P on P.oid = D.objoid
	where P.pronamespace = $11::oid
	and pg_catalog.age(D.xmin) <= coalesce(nullif(greatest(pg_catalog.age($12::varchar::xid), -1), -1), 2147483647)
	union all
	select D.objoid id, 'O' as kind, D.objsubid sub_id, D.description
	from pg_catalog.pg_description D
	  join pg_catalog.pg_operator O on O.oid = D.objoid
	where O.oprnamespace = $13::oid
	and pg_catalog.age(D.xmin) <= coalesce(nullif(greatest(pg_catalog.age($14::varchar::xid), -1), -1), 2147483647)
	union all
	select D.objoid id, 'f' as kind, D.objsubid sub_id, D.description
	from pg_catalog.pg_description D
	  join pg_catalog.pg_opfamily O on O.oid = D.objoid
	where O.opfnamespace = $15::oid
	and pg_catalog.age(D.xmin) <= coalesce(nullif(greatest(pg_catalog.age($16::varchar::xid), -1), -1), 2147483647)
	union all
	select D.objoid id, 'c' as kind, D.objsubid sub_id, D.description
	from pg_catalog.pg_description D
	  join pg_catalog.pg_opclass O on O.oid = D.objoid
	where O.opcnamespace = $17::oid
	and pg_catalog.age(D.xmin) <= coalesce(nullif(greatest(pg_catalog.age($18::varchar::xid), -1), -1), 2147483647)
	union all
	select D.objoid id, 'C' as kind, D.objsubid sub_id, D.description
	from pg_catalog.pg_description D
	  join pg_catalog.pg_collation C on C.oid = D.objoid
	where C.collnamespace = $19::oid
	and pg_catalog.age(D.xmin) <= coalesce(nullif(greatest(pg_catalog.age($20::varchar::xid), -1), -1), 2147483647)
	
2023-06-25 10:29:13.481 +05 [12592] РћРЁРР‘РљРђ:  РІ РєРѕРЅСЃС‚СЂСѓРєС†РёРё UNION С‚РёРїС‹ "char" Рё text РЅРµ РёРјРµСЋС‚ РѕР±С‰РµРіРѕ (СЃРёРјРІРѕР» 768)
2023-06-25 10:29:13.481 +05 [12592] РћРџР•Р РђРўРћР :  select D.objoid id, C.relkind as kind, D.objsubid sub_id, D.description
	from pg_catalog.pg_description D
	  join pg_catalog.pg_class C on D.objoid = C.oid
	where C.relnamespace = $1::oid and C.relkind != 'c'
	and pg_catalog.age(D.xmin) <= coalesce(nullif(greatest(pg_catalog.age($2::varchar::xid), -1), -1), 2147483647)
	union all
	select T.oid id, 'T' as kind, D.objsubid sub_id, D.description
	from pg_catalog.pg_description D
	  join pg_catalog.pg_type T on T.oid = D.objoid or T.typrelid = D.objoid
	  left join pg_catalog.pg_class C on T.typrelid = C.oid
	where T.typnamespace = $3::oid and (C.relkind = 'c' or C.relkind is null)
	and pg_catalog.age(D.xmin) <= coalesce(nullif(greatest(pg_catalog.age($4::varchar::xid), -1), -1), 2147483647)
	union all
	select D.objoid id, pg_catalog.translate(C.contype, 'pufc', 'kkxz') as kind, D.objsubid sub_id, D.description
	from pg_catalog.pg_description D
	  join pg_catalog.pg_constraint C on D.objoid = C.oid
	where C.connamespace = $5::oid
	and pg_catalog.age(D.xmin) <= coalesce(nullif(greatest(pg_catalog.age($6::varchar::xid), -1), -1), 2147483647)
	union all
	select D.objoid id, 't' as kind, D.objsubid sub_id, D.description
	from pg_catalog.pg_description D
	  join pg_catalog.pg_trigger T on T.oid = D.objoid
	  join pg_catalog.pg_class C on C.oid = T.tgrelid
	where C.relnamespace = $7::oid
	and pg_catalog.age(D.xmin) <= coalesce(nullif(greatest(pg_catalog.age($8::varchar::xid), -1), -1), 2147483647)
	union all
	select D.objoid id, 'R' as kind, D.objsubid sub_id, D.description
	from pg_catalog.pg_description D
	  join pg_catalog.pg_rewrite R on R.oid = D.objoid
	  join pg_catalog.pg_class C on C.oid = R.ev_class
	where C.relnamespace = $9::oid
	and pg_catalog.age(D.xmin) <= coalesce(nullif(greatest(pg_catalog.age($10::varchar::xid), -1), -1), 2147483647)
	union all
	select D.objoid id, 'F' as kind, D.objsubid sub_id, D.description
	from pg_catalog.pg_description D
	  join pg_catalog.pg_proc P on P.oid = D.objoid
	where P.pronamespace = $11::oid
	and pg_catalog.age(D.xmin) <= coalesce(nullif(greatest(pg_catalog.age($12::varchar::xid), -1), -1), 2147483647)
	union all
	select D.objoid id, 'O' as kind, D.objsubid sub_id, D.description
	from pg_catalog.pg_description D
	  join pg_catalog.pg_operator O on O.oid = D.objoid
	where O.oprnamespace = $13::oid
	and pg_catalog.age(D.xmin) <= coalesce(nullif(greatest(pg_catalog.age($14::varchar::xid), -1), -1), 2147483647)
	union all
	select D.objoid id, 'f' as kind, D.objsubid sub_id, D.description
	from pg_catalog.pg_description D
	  join pg_catalog.pg_opfamily O on O.oid = D.objoid
	where O.opfnamespace = $15::oid
	and pg_catalog.age(D.xmin) <= coalesce(nullif(greatest(pg_catalog.age($16::varchar::xid), -1), -1), 2147483647)
	union all
	select D.objoid id, 'c' as kind, D.objsubid sub_id, D.description
	from pg_catalog.pg_description D
	  join pg_catalog.pg_opclass O on O.oid = D.objoid
	where O.opcnamespace = $17::oid
	and pg_catalog.age(D.xmin) <= coalesce(nullif(greatest(pg_catalog.age($18::varchar::xid), -1), -1), 2147483647)
	union all
	select D.objoid id, 'C' as kind, D.objsubid sub_id, D.description
	from pg_catalog.pg_description D
	  join pg_catalog.pg_collation C on C.oid = D.objoid
	where C.collnamespace = $19::oid
	and pg_catalog.age(D.xmin) <= coalesce(nullif(greatest(pg_catalog.age($20::varchar::xid), -1), -1), 2147483647)
	
2023-06-25 10:31:24.208 +05 [17532] СООБЩЕНИЕ:  начата контрольная точка: time
2023-06-25 10:31:35.296 +05 [17532] СООБЩЕНИЕ:  контрольная точка завершена: записано буферов: 102 (0.6%); добавлено файлов WAL 0, удалено: 0, переработано: 0; запись=11.030 сек., синхр.=0.048 сек., всего=11.089 сек.; синхронизировано_файлов=44, самая_долгая_синхр.=0.012 сек., средняя=0.002 сек.; расстояние=626 kB, ожидалось=1645 kB
2023-06-25 10:37:24.868 +05 [17144] РћРЁРР‘РљРђ:  РІ РєРѕРЅСЃС‚СЂСѓРєС†РёРё UNION С‚РёРїС‹ "char" Рё text РЅРµ РёРјРµСЋС‚ РѕР±С‰РµРіРѕ (СЃРёРјРІРѕР» 768)
2023-06-25 10:37:24.868 +05 [17144] РћРџР•Р РђРўРћР :  select D.objoid id, C.relkind as kind, D.objsubid sub_id, D.description
	from pg_catalog.pg_description D
	  join pg_catalog.pg_class C on D.objoid = C.oid
	where C.relnamespace = $1::oid and C.relkind != 'c'
	and pg_catalog.age(D.xmin) <= coalesce(nullif(greatest(pg_catalog.age($2::varchar::xid), -1), -1), 2147483647)
	union all
	select T.oid id, 'T' as kind, D.objsubid sub_id, D.description
	from pg_catalog.pg_description D
	  join pg_catalog.pg_type T on T.oid = D.objoid or T.typrelid = D.objoid
	  left join pg_catalog.pg_class C on T.typrelid = C.oid
	where T.typnamespace = $3::oid and (C.relkind = 'c' or C.relkind is null)
	and pg_catalog.age(D.xmin) <= coalesce(nullif(greatest(pg_catalog.age($4::varchar::xid), -1), -1), 2147483647)
	union all
	select D.objoid id, pg_catalog.translate(C.contype, 'pufc', 'kkxz') as kind, D.objsubid sub_id, D.description
	from pg_catalog.pg_description D
	  join pg_catalog.pg_constraint C on D.objoid = C.oid
	where C.connamespace = $5::oid
	and pg_catalog.age(D.xmin) <= coalesce(nullif(greatest(pg_catalog.age($6::varchar::xid), -1), -1), 2147483647)
	union all
	select D.objoid id, 't' as kind, D.objsubid sub_id, D.description
	from pg_catalog.pg_description D
	  join pg_catalog.pg_trigger T on T.oid = D.objoid
	  join pg_catalog.pg_class C on C.oid = T.tgrelid
	where C.relnamespace = $7::oid
	and pg_catalog.age(D.xmin) <= coalesce(nullif(greatest(pg_catalog.age($8::varchar::xid), -1), -1), 2147483647)
	union all
	select D.objoid id, 'R' as kind, D.objsubid sub_id, D.description
	from pg_catalog.pg_description D
	  join pg_catalog.pg_rewrite R on R.oid = D.objoid
	  join pg_catalog.pg_class C on C.oid = R.ev_class
	where C.relnamespace = $9::oid
	and pg_catalog.age(D.xmin) <= coalesce(nullif(greatest(pg_catalog.age($10::varchar::xid), -1), -1), 2147483647)
	union all
	select D.objoid id, 'F' as kind, D.objsubid sub_id, D.description
	from pg_catalog.pg_description D
	  join pg_catalog.pg_proc P on P.oid = D.objoid
	where P.pronamespace = $11::oid
	and pg_catalog.age(D.xmin) <= coalesce(nullif(greatest(pg_catalog.age($12::varchar::xid), -1), -1), 2147483647)
	union all
	select D.objoid id, 'O' as kind, D.objsubid sub_id, D.description
	from pg_catalog.pg_description D
	  join pg_catalog.pg_operator O on O.oid = D.objoid
	where O.oprnamespace = $13::oid
	and pg_catalog.age(D.xmin) <= coalesce(nullif(greatest(pg_catalog.age($14::varchar::xid), -1), -1), 2147483647)
	union all
	select D.objoid id, 'f' as kind, D.objsubid sub_id, D.description
	from pg_catalog.pg_description D
	  join pg_catalog.pg_opfamily O on O.oid = D.objoid
	where O.opfnamespace = $15::oid
	and pg_catalog.age(D.xmin) <= coalesce(nullif(greatest(pg_catalog.age($16::varchar::xid), -1), -1), 2147483647)
	union all
	select D.objoid id, 'c' as kind, D.objsubid sub_id, D.description
	from pg_catalog.pg_description D
	  join pg_catalog.pg_opclass O on O.oid = D.objoid
	where O.opcnamespace = $17::oid
	and pg_catalog.age(D.xmin) <= coalesce(nullif(greatest(pg_catalog.age($18::varchar::xid), -1), -1), 2147483647)
	union all
	select D.objoid id, 'C' as kind, D.objsubid sub_id, D.description
	from pg_catalog.pg_description D
	  join pg_catalog.pg_collation C on C.oid = D.objoid
	where C.collnamespace = $19::oid
	and pg_catalog.age(D.xmin) <= coalesce(nullif(greatest(pg_catalog.age($20::varchar::xid), -1), -1), 2147483647)
	
2023-06-25 10:41:24.308 +05 [17532] СООБЩЕНИЕ:  начата контрольная точка: time
2023-06-25 10:41:43.395 +05 [17532] СООБЩЕНИЕ:  контрольная точка завершена: записано буферов: 175 (1.1%); добавлено файлов WAL 0, удалено: 0, переработано: 0; запись=19.037 сек., синхр.=0.038 сек., всего=19.087 сек.; синхронизировано_файлов=53, самая_долгая_синхр.=0.004 сек., средняя=0.001 сек.; расстояние=1032 kB, ожидалось=1584 kB
2023-06-25 11:47:22.278 +05 [17516] РћРЁРР‘РљРђ:  РѕС‚РЅРѕС€РµРЅРёРµ "public.tables" РЅРµ СЃСѓС‰РµСЃС‚РІСѓРµС‚ (СЃРёРјРІРѕР» 15)
2023-06-25 11:47:22.278 +05 [17516] РћРџР•Р РђРўРћР :  SELECT * FROM public.tables
2023-06-25 11:48:59.716 +05 [17532] СООБЩЕНИЕ:  начата контрольная точка: time
2023-06-25 11:48:59.940 +05 [17532] СООБЩЕНИЕ:  контрольная точка завершена: записано буферов: 2 (0.0%); добавлено файлов WAL 0, удалено: 0, переработано: 0; запись=0.211 сек., синхр.=0.004 сек., всего=0.224 сек.; синхронизировано_файлов=1, самая_долгая_синхр.=0.004 сек., средняя=0.004 сек.; расстояние=15 kB, ожидалось=1427 kB
2023-06-25 11:53:59.943 +05 [17532] СООБЩЕНИЕ:  начата контрольная точка: time
2023-06-25 11:54:03.466 +05 [17532] СООБЩЕНИЕ:  контрольная точка завершена: записано буферов: 33 (0.2%); добавлено файлов WAL 0, удалено: 0, переработано: 0; запись=3.503 сек., синхр.=0.010 сек., всего=3.523 сек.; синхронизировано_файлов=13, самая_долгая_синхр.=0.003 сек., средняя=0.001 сек.; расстояние=125 kB, ожидалось=1297 kB
2023-06-25 12:08:59.482 +05 [17532] СООБЩЕНИЕ:  начата контрольная точка: time
2023-06-25 12:09:01.235 +05 [17532] СООБЩЕНИЕ:  контрольная точка завершена: записано буферов: 17 (0.1%); добавлено файлов WAL 0, удалено: 0, переработано: 0; запись=1.730 сек., синхр.=0.011 сек., всего=1.753 сек.; синхронизировано_файлов=9, самая_долгая_синхр.=0.004 сек., средняя=0.002 сек.; расстояние=105 kB, ожидалось=1178 kB
2023-06-25 12:13:59.243 +05 [17532] СООБЩЕНИЕ:  начата контрольная точка: time
2023-06-25 12:14:05.653 +05 [17532] СООБЩЕНИЕ:  контрольная точка завершена: записано буферов: 60 (0.4%); добавлено файлов WAL 0, удалено: 0, переработано: 0; запись=6.386 сек., синхр.=0.014 сек., всего=6.410 сек.; синхронизировано_файлов=15, самая_долгая_синхр.=0.003 сек., средняя=0.001 сек.; расстояние=458 kB, ожидалось=1106 kB
2023-06-25 12:14:54.562 +05 [13148] РЎРћРћР‘Р©Р•РќРР•:  РЅРµ СѓРґР°Р»РѕСЃСЊ РїРѕР»СѓС‡РёС‚СЊ РґР°РЅРЅС‹Рµ РѕС‚ РєР»РёРµРЅС‚Р°: An existing connection was forcibly closed by the remote host.
	
2023-06-25 12:14:54.562 +05 [13148] РЎРћРћР‘Р©Р•РќРР•:  РЅРµРѕР¶РёРґР°РЅРЅС‹Р№ РѕР±СЂС‹РІ СЃРѕРµРґРёРЅРµРЅРёСЏ СЃ РєР»РёРµРЅС‚РѕРј РїСЂРё РѕС‚РєСЂС‹С‚РѕР№ С‚СЂР°РЅР·Р°РєС†РёРё
2023-06-25 12:18:59.657 +05 [17532] СООБЩЕНИЕ:  начата контрольная точка: time
2023-06-25 12:19:01.650 +05 [17532] СООБЩЕНИЕ:  контрольная точка завершена: записано буферов: 19 (0.1%); добавлено файлов WAL 0, удалено: 0, переработано: 0; запись=1.975 сек., синхр.=0.008 сек., всего=1.994 сек.; синхронизировано_файлов=10, самая_долгая_синхр.=0.003 сек., средняя=0.001 сек.; расстояние=86 kB, ожидалось=1004 kB
2023-06-25 12:23:59.642 +05 [17532] СООБЩЕНИЕ:  начата контрольная точка: time
2023-06-25 12:24:00.987 +05 [17532] СООБЩЕНИЕ:  контрольная точка завершена: записано буферов: 13 (0.1%); добавлено файлов WAL 0, удалено: 0, переработано: 0; запись=1.330 сек., синхр.=0.007 сек., всего=1.346 сек.; синхронизировано_файлов=5, самая_долгая_синхр.=0.003 сек., средняя=0.002 сек.; расстояние=23 kB, ожидалось=906 kB
2023-06-25 12:34:00.012 +05 [17532] СООБЩЕНИЕ:  начата контрольная точка: time
2023-06-25 12:34:03.415 +05 [17532] СООБЩЕНИЕ:  контрольная точка завершена: записано буферов: 32 (0.2%); добавлено файлов WAL 0, удалено: 0, переработано: 0; запись=3.381 сек., синхр.=0.015 сек., всего=3.404 сек.; синхронизировано_файлов=15, самая_долгая_синхр.=0.003 сек., средняя=0.001 сек.; расстояние=158 kB, ожидалось=831 kB
2023-06-25 12:39:00.420 +05 [17532] СООБЩЕНИЕ:  начата контрольная точка: time
2023-06-25 12:39:01.419 +05 [17532] СООБЩЕНИЕ:  контрольная точка завершена: записано буферов: 9 (0.1%); добавлено файлов WAL 0, удалено: 0, переработано: 0; запись=0.986 сек., синхр.=0.005 сек., всего=1.000 сек.; синхронизировано_файлов=2, самая_долгая_синхр.=0.004 сек., средняя=0.003 сек.; расстояние=9 kB, ожидалось=749 kB
2023-06-25 13:06:24.105 +05 [13948] РћРЁРР‘РљРђ:  РїРѕРІС‚РѕСЂСЏСЋС‰РµРµСЃСЏ Р·РЅР°С‡РµРЅРёРµ РєР»СЋС‡Р° РЅР°СЂСѓС€Р°РµС‚ РѕРіСЂР°РЅРёС‡РµРЅРёРµ СѓРЅРёРєР°Р»СЊРЅРѕСЃС‚Рё "umpna_tm_pkey"
2023-06-25 13:06:24.105 +05 [13948] РџРћР”Р РћР‘РќРћРЎРўР:  РљР»СЋС‡ "(id)=(1)" СѓР¶Рµ СЃСѓС‰РµСЃС‚РІСѓРµС‚.
2023-06-25 13:06:24.105 +05 [13948] РћРџР•Р РђРўРћР :  INSERT INTO "umpna_tm" ("id", "variable", "tag", "name", "unit", "used", "value_ust", "minimum", "maximum", "group_ust", "rule_map_ust") VALUES (1, '', 'HNA1_T1noCT', 'РњРќРђ 1. Р’СЂРµРјСЏ РЅР° РїСЂРѕРІРµСЂРєСѓ РєРѕСЂСЂРµРєС‚РЅРѕСЃС‚Рё СЃРѕСЃС‚РѕСЏРЅРёСЏ С†РµРїРµР№ РєРѕРЅС‚СЂРѕР»СЏ Р’Р’  (СЃ РѕС‚РєР»СЋС‡РµРЅРЅС‹Рј РєРѕРЅС‚СЂРѕР»РµРј РїРѕ С‚РѕРєСѓ)', 'СЃ', '1', '3', '0', '65535', 'Р’СЂРµРјРµРЅРЅС‹Рµ СѓСЃС‚Р°РІРєРё РњРќРђ', 'Р’СЂРµРјРµРЅРЅС‹Рµ СѓСЃС‚Р°РІРєРё'), (2, '', 'HNA1_T1CT', 'РњРќРђ 1. Р’СЂРµРјСЏ РЅР° РїСЂРѕРІРµСЂРєСѓ РєРѕСЂСЂРµРєС‚РЅРѕСЃС‚Рё СЃРѕСЃС‚РѕСЏРЅРёСЏ С†РµРїРµР№ РєРѕРЅС‚СЂРѕР»СЏ Р’Р’ (СЃ РІРєР»СЋС‡РµРЅРЅС‹Рј РєРѕРЅС‚СЂРѕР»РµРј РїРѕ С‚РѕРєСѓ)', 'СЃ', '1', '6', '0', '65535', 'Р’СЂРµРјРµРЅРЅС‹Рµ СѓСЃС‚Р°РІРєРё РњРќРђ', 'Р’СЂРµРјРµРЅРЅС‹Рµ СѓСЃС‚Р°РІРєРё'), (3, '', 'HNA1_T2', 'РњРќРђ 1. Р’СЂРµРјСЏ СѓРґРµСЂР¶Р°РЅРёСЏ РєРѕРјР°РЅРґС‹ "Р’РєР»СЋС‡РёС‚СЊ Р’Р’", РїРѕСЃР»Рµ РїРѕР»СѓС‡РµРЅРёСЏ РІРєР»СЋС‡РµРЅРЅРѕРіРѕ СЃРѕСЃС‚РѕСЏРЅРёСЏ Р’Р’', 'СЃ', '1', '1', '0', '65535', 'Р’СЂРµРјРµРЅРЅС‹Рµ СѓСЃС‚Р°РІРєРё РњРќРђ', 'Р’СЂРµРјРµРЅРЅС‹Рµ СѓСЃС‚Р°РІРєРё'), (4, '', 'HNA1_T3', 'РњРќРђ 1. РњР°РєСЃРёРјР°Р»СЊРЅРѕРµ РІСЂРµРјСЏ СѓРґРµСЂР¶Р°РЅРёСЏ РєРѕРјР°РЅРґС‹ "РћС‚РєР»СЋС‡РёС‚СЊ Р’Р’"', 'СЃ', '1', '1', '0', '65535', 'Р’СЂРµРјРµРЅРЅС‹Рµ СѓСЃС‚Р°РІРєРё РњРќРђ', 'Р’СЂРµРјРµРЅРЅС‹Рµ СѓСЃС‚Р°РІРєРё'), (5, '', 'HNA1_T4', 'РњРќРђ 1. Р’СЂРµРјСЏ РґРѕ РІС‹РґР°С‡Рё РєРѕРјР°РЅРґС‹ Р’РєР»СЋС‡РёС‚СЊ Р’Р’, РЅРµРѕР±С…РѕРґРёРјРѕРµ РґР»СЏ РѕС‚СЂР°Р±РѕС‚РєРё РЎРђР  РІРѕ РІСЂРµРјСЏ СЂР°РјРїРѕРІРѕР№ С„СѓРЅРєС†РёРё', 'СЃ', '1', '3', '0', '65535', 'Р’СЂРµРјРµРЅРЅС‹Рµ СѓСЃС‚Р°РІРєРё РњРќРђ', 'Р’СЂРµРјРµРЅРЅС‹Рµ СѓСЃС‚Р°РІРєРё'), (6, '', 'HNA1_T5', 'РњРќРђ 1. Р’СЂРµРјСЏ РЅР° РѕС‚РєСЂС‹С‚РёРµ РІС‹РєРёРґРЅРѕР№ Р·Р°РґРІРёР¶РєРё РїРµСЂРµРґ РІС‹РґР°С‡РµР№ РєРѕРјР°РЅРґС‹ РЅР° РІРєР»СЋС‡РµРЅРёРµ РќРђ РїРѕ РїСЂРѕРіСЂР°РјРјРµ Рџ2', 'СЃ', '1', '5', '0', '65535', 'Р’СЂРµРјРµРЅРЅС‹Рµ СѓСЃС‚Р°РІРєРё РњРќРђ', 'Р’СЂРµРјРµРЅРЅС‹Рµ СѓСЃС‚Р°РІРєРё'), (7, '', 'HNA1_T6', 'РњРќРђ 1. РљРѕРЅС‚СЂРѕР»СЊРЅРѕРµ РІСЂРµРјСЏ РІС‹РїРѕР»РЅРµРЅРёСЏ РїСЂРѕС†РµСЃСЃР° РѕС‚РєР»СЋС‡РµРЅРёСЏ Р’Р’ РќРђ', 'СЃ', '1', '4', '0', '65535', 'Р’СЂРµРјРµРЅРЅС‹Рµ СѓСЃС‚Р°РІРєРё РњРќРђ', 'Р’СЂРµРјРµРЅРЅС‹Рµ СѓСЃС‚Р°РІРєРё'), (8, '', 'HNA1_T7', 'РњРќРђ 1. Р’СЂРµРјСЏ РЅР° РїРѕРґСЉРµРј СЃРёР»С‹ С‚РѕРєР° Р­Р” РїРѕСЃР»Рµ РІРєР»СЋС‡РµРЅРёСЏ Р’Р’ РќРђ', 'СЃ', '1', '3', '0', '65535', 'Р’СЂРµРјРµРЅРЅС‹Рµ СѓСЃС‚Р°РІРєРё РњРќРђ', 'Р’СЂРµРјРµРЅРЅС‹Рµ СѓСЃС‚Р°РІРєРё'), (9, '', 'HNA1_T8', 'РњРќРђ 1. Р’СЂРµРјСЏ РїРѕР»РЅРѕРіРѕ С…РѕРґР° РІС‹РєРёРґРЅРѕР№ Р·Р°РґРІРёР¶РєРё (РёСЃРїРѕР»СЊР·СѓРµС‚СЃСЏ РІ Р°Р»РіРѕСЂРёС‚РјР°С… РїСЂРѕРіСЂР°РјРјС‹ РїСѓСЃРєР° Рџ2)', 'СЃ', '1', '600', '0', '65535', 'Р’СЂРµРјРµРЅРЅС‹Рµ СѓСЃС‚Р°РІРєРё РњРќРђ', 'Р’СЂРµРјРµРЅРЅС‹Рµ СѓСЃС‚Р°РІРєРё'), (10, '', 'HNA1_T9', 'РњРќРђ 1. Р’СЂРµРјСЏ РїСѓСЃРєРѕРІРѕРіРѕ СЂРµР¶РёРјР° СЂР°Р±РѕС‚С‹ Р­Р” РїСЂРё РїСѓСЃРєРµ', 'СЃ', '1', '30', '0', '65535', 'Р’СЂРµРјРµРЅРЅС‹Рµ СѓСЃС‚Р°РІРєРё РњРќРђ', 'Р’СЂРµРјРµРЅРЅС‹Рµ СѓСЃС‚Р°РІРєРё'), (11, '', 'HNA1_T10', 'РњРќРђ 1. Р’СЂРµРјСЏ РїРµСЂРµРґ РІС‹РґР°С‡РµР№ РєРѕРјР°РЅРґС‹ РїРѕРІС‚РѕСЂРѕРіРѕ РѕС‚РєР»СЋС‡РµРЅРёСЏ Р’Р’ РїСЂРё РЅРµРІС‹РїРѕР»РЅРµРЅРёРё РїСЂРѕРіСЂР°РјРјС‹ РѕСЃС‚Р°РЅРѕРІРєРё', 'СЃ', '1', '3', '0', '65535', 'Р’СЂРµРјРµРЅРЅС‹Рµ СѓСЃС‚Р°РІРєРё РњРќРђ', 'Р’СЂРµРјРµРЅРЅС‹Рµ СѓСЃС‚Р°РІРєРё'), (12, '', 'HNA1_T11', 'РњРќРђ 1. РљРѕРЅС‚СЂРѕР»СЊРЅРѕРµ РІСЂРµРјСЏ РІС‹РїРѕР»РЅРµРЅРёСЏ РїСЂРѕС†РµСЃСЃР° РІРєР»СЋС‡РµРЅРёСЏ Р’Р’ РќРђ', 'СЃ', '1', '4', '0', '65535', 'Р’СЂРµРјРµРЅРЅС‹Рµ СѓСЃС‚Р°РІРєРё РњРќРђ', 'Р’СЂРµРјРµРЅРЅС‹Рµ СѓСЃС‚Р°РІРєРё'), (13, '', 'HNA1_T12', 'РњРќРђ 1. Р’СЂРµРјСЏ СЃРЅРёР¶РµРЅРёСЏ СЃРёР»С‹ С‚РѕРєР° Р­Р” РїРѕСЃР»Рµ РѕС‚РєР»СЋС‡РµРЅРёСЏ Р’Р’ РќРђ', 'СЃ', '1', '3', '0', '65535', 'Р’СЂРµРјРµРЅРЅС‹Рµ СѓСЃС‚Р°РІРєРё РњРќРђ', 'Р’СЂРµРјРµРЅРЅС‹Рµ СѓСЃС‚Р°РІРєРё'), (14, '', 'HNA1_T13', 'РњРќРђ 1. Р’СЂРµРјСЏ С„РёР»СЊС‚СЂР°С†РёРё СЃРёРіРЅР°Р»РѕРІ С†РµРїРµР№ РІРєР»СЋС‡РµРЅРёСЏ/РѕС‚РєР»СЋС‡РµРЅРёСЏ', 'СЃ', '1', '3', '0', '65535', 'Р’СЂРµРјРµРЅРЅС‹Рµ СѓСЃС‚Р°РІРєРё РњРќРђ', 'Р’СЂРµРјРµРЅРЅС‹Рµ СѓСЃС‚Р°РІРєРё'), (15, '', 'HNA1_T14', 'РњРќРђ 1. Р’СЂРµРјСЏ РїСѓСЃРєРѕРІРѕРіРѕ СЂРµР¶РёРјР° СЂР°Р±РѕС‚С‹ РЅР°СЃРѕСЃР° РїСЂРё РїСѓСЃРєРµ', 'СЃ', '1', '300', '0', '65535', 'Р’СЂРµРјРµРЅРЅС‹Рµ СѓСЃС‚Р°РІРєРё РњРќРђ', 'Р’СЂРµРјРµРЅРЅС‹Рµ СѓСЃС‚Р°РІРєРё'), (16, '', 'HNA1_T15', 'РњРќРђ 1. Р”Р»РёС‚РµР»СЊРЅРѕСЃС‚СЊ РІС‹РґР°С‡Рё РєРѕРјР°РЅРґС‹ РІ РЎРђР  РґР»СЏ СЂР°РјРїРѕРІРѕР№ С„СѓРЅРєС†РёРё', 'СЃ', '1', '5', '0', '65535', 'Р’СЂРµРјРµРЅРЅС‹Рµ СѓСЃС‚Р°РІРєРё РњРќРђ', 'Р’СЂРµРјРµРЅРЅС‹Рµ СѓСЃС‚Р°РІРєРё'), (17, '', 'HNA1_T16', 'РњРќРђ 1. Р’СЂРµРјСЏ РЅР° РІС‹РїРѕР»РЅРµРЅРёРµ РђР’Р  РїСЂРё РїРѕР»СѓС‡РµРЅРёРё СЃРёРіРЅР°Р»Р° "Р­Р»РµРєС‚СЂРѕР·Р°С‰РёС‚Р°" РїРѕСЃР»Рµ РїРѕР»СѓС‡РµРЅРёСЏ СЃРѕСЃС‚РѕСЏРЅРёСЏ Р’Р’ РѕС‚РєР»СЋС‡РµРЅ', 'СЃ', '1', '3', '0', '65535', 'Р’СЂРµРјРµРЅРЅС‹Рµ СѓСЃС‚Р°РІРєРё РњРќРђ', 'Р’СЂРµРјРµРЅРЅС‹Рµ СѓСЃС‚Р°РІРєРё'), (18, '', 'HNA1_T17', 'РњРќРђ 1. Р’СЂРµРјСЏ, С‡РµСЂРµР· РєРѕС‚РѕСЂРѕРµ Р±СѓРґРµС‚ РІС‹РґР°РЅР° РєРѕРјР°РЅРґР° "РЎС‚РѕРї" РїСЂРё РѕС‚СЃСѓС‚СЃС‚РІРёРё СЌР»РµРєС‚СЂРѕР·Р°С‰РёС‚С‹', 'СЃ', '1', '3', '0', '65535', 'Р’СЂРµРјРµРЅРЅС‹Рµ СѓСЃС‚Р°РІРєРё РњРќРђ', 'Р’СЂРµРјРµРЅРЅС‹Рµ СѓСЃС‚Р°РІРєРё'), (19, '', 'HNA1_T18', 'РњРќРђ 1. Р РµР·РµСЂРІ', 'СЃ', '1', '0', '0', '65535', 'Р’СЂРµРјРµРЅРЅС‹Рµ СѓСЃС‚Р°РІРєРё РњРќРђ', 'Р’СЂРµРјРµРЅРЅС‹Рµ СѓСЃС‚Р°РІРєРё'), (20, '', 'HNA1_WheelSize', 'РњРќРђ 1. Р Р°Р·РјРµСЂ РєРѕР»РµСЃР° РЅР°СЃРѕСЃРЅРѕРіРѕ Р°РіСЂРµРіР°С‚Р°', 'СЃ', '1', '1', '0', '65535', 'Р’СЂРµРјРµРЅРЅС‹Рµ СѓСЃС‚Р°РІРєРё РњРќРђ', 'Р’СЂРµРјРµРЅРЅС‹Рµ СѓСЃС‚Р°РІРєРё'), (21, '', 'HNA2_T1noCT', 'РњРќРђ 2. Р’СЂРµРјСЏ РЅР° РїСЂРѕРІРµСЂРєСѓ РєРѕСЂСЂРµРєС‚РЅРѕСЃС‚Рё СЃРѕСЃС‚РѕСЏРЅРёСЏ С†РµРїРµР№ РєРѕРЅС‚СЂРѕР»СЏ Р’Р’  (СЃ РѕС‚РєР»СЋС‡РµРЅРЅС‹Рј РєРѕРЅС‚СЂРѕР»РµРј РїРѕ С‚РѕРєСѓ)', 'СЃ', '1', '3', '0', '65535', 'Р’СЂРµРјРµРЅРЅС‹Рµ СѓСЃС‚Р°РІРєРё РњРќРђ', 'Р’СЂРµРјРµРЅРЅС‹Рµ СѓСЃС‚Р°РІРєРё'), (22, '', 'HNA2_T1CT', 'РњРќРђ 2. Р’СЂРµРјСЏ РЅР° РїСЂРѕРІРµСЂРєСѓ РєРѕСЂСЂРµРєС‚РЅРѕСЃС‚Рё СЃРѕСЃС‚РѕСЏРЅРёСЏ С†РµРїРµР№ РєРѕРЅС‚СЂРѕР»СЏ Р’Р’ (СЃ РІРєР»СЋС‡РµРЅРЅС‹Рј РєРѕРЅС‚СЂРѕР»РµРј РїРѕ С‚РѕРєСѓ)', 'СЃ', '1', '6', '0', '65535', 'Р’СЂРµРјРµРЅРЅС‹Рµ СѓСЃС‚Р°РІРєРё РњРќРђ', 'Р’СЂРµРјРµРЅРЅС‹Рµ СѓСЃС‚Р°РІРєРё'), (23, '', 'HNA2_T2', 'РњРќРђ 2. Р’СЂРµРјСЏ СѓРґРµСЂР¶Р°РЅРёСЏ РєРѕРјР°РЅРґС‹ "Р’РєР»СЋС‡РёС‚СЊ Р’Р’", РїРѕСЃР»Рµ РїРѕР»СѓС‡РµРЅРёСЏ РІРєР»СЋС‡РµРЅРЅРѕРіРѕ СЃРѕСЃС‚РѕСЏРЅРёСЏ Р’Р’', 'СЃ', '1', '1', '0', '65535', 'Р’СЂРµРјРµРЅРЅС‹Рµ СѓСЃС‚Р°РІРєРё РњРќРђ', 'Р’СЂРµРјРµРЅРЅС‹Рµ СѓСЃС‚Р°РІРєРё'), (24, '', 'HNA2_T3', 'РњРќРђ 2. РњР°РєСЃРёРјР°Р»СЊРЅРѕРµ РІСЂРµРјСЏ СѓРґРµСЂР¶Р°РЅРёСЏ РєРѕРјР°РЅРґС‹ "РћС‚РєР»СЋС‡РёС‚СЊ Р’Р’"', 'СЃ', '1', '1', '0', '65535', 'Р’СЂРµРјРµРЅРЅС‹Рµ СѓСЃС‚Р°РІРєРё РњРќРђ', 'Р’СЂРµРјРµРЅРЅС‹Рµ СѓСЃС‚Р°РІРєРё'), (25, '', 'HNA2_T4', 'РњРќРђ 2. Р’СЂРµРјСЏ РґРѕ РІС‹РґР°С‡Рё РєРѕРјР°РЅРґС‹ Р’РєР»СЋС‡РёС‚СЊ Р’Р’, РЅРµРѕР±С…РѕРґРёРјРѕРµ РґР»СЏ РѕС‚СЂР°Р±РѕС‚РєРё РЎРђР  РІРѕ РІСЂРµРјСЏ СЂР°РјРїРѕРІРѕР№ С„СѓРЅРєС†РёРё', 'СЃ', '1', '3', '0', '65535', 'Р’СЂРµРјРµРЅРЅС‹Рµ СѓСЃС‚Р°РІРєРё РњРќРђ', 'Р’СЂРµРјРµРЅРЅС‹Рµ СѓСЃС‚Р°РІРєРё'), (26, '', 'HNA2_T5', 'РњРќРђ 2. Р’СЂРµРјСЏ РЅР° РѕС‚РєСЂС‹С‚РёРµ РІС‹РєРёРґРЅРѕР№ Р·Р°РґРІРёР¶РєРё РїРµСЂРµРґ РІС‹РґР°С‡РµР№ РєРѕРјР°РЅРґС‹ РЅР° РІРєР»СЋС‡РµРЅРёРµ РќРђ РїРѕ РїСЂРѕРіСЂР°РјРјРµ Рџ2', 'СЃ', '1', '5', '0', '65535', 'Р’СЂРµРјРµРЅРЅС‹Рµ СѓСЃС‚Р°РІРєРё РњРќРђ', 'Р’СЂРµРјРµРЅРЅС‹Рµ СѓСЃС‚Р°РІРєРё'), (27, '', 'HNA2_T6', 'РњРќРђ 2. РљРѕРЅС‚СЂРѕР»СЊРЅРѕРµ РІСЂРµРјСЏ РІС‹РїРѕР»РЅРµРЅРёСЏ РїСЂРѕС†РµСЃСЃР° РѕС‚РєР»СЋС‡РµРЅРёСЏ Р’Р’ РќРђ', 'СЃ', '1', '4', '0', '65535', 'Р’СЂРµРјРµРЅРЅС‹Рµ СѓСЃС‚Р°РІРєРё РњРќРђ', 'Р’СЂРµРјРµРЅРЅС‹Рµ СѓСЃС‚Р°РІРєРё'), (28, '', 'HNA2_T7', 'РњРќРђ 2. Р’СЂРµРјСЏ РЅР° РїРѕРґСЉРµРј СЃРёР»С‹ С‚РѕРєР° Р­Р” РїРѕСЃР»Рµ РІРєР»СЋС‡РµРЅРёСЏ Р’Р’ РќРђ', 'СЃ', '1', '3', '0', '65535', 'Р’СЂРµРјРµРЅРЅС‹Рµ СѓСЃС‚Р°РІРєРё РњРќРђ', 'Р’СЂРµРјРµРЅРЅС‹Рµ СѓСЃС‚Р°РІРєРё'), (29, '', 'HNA2_T8', 'РњРќРђ 2. Р’СЂРµРјСЏ РїРѕР»РЅРѕРіРѕ С…РѕРґР° РІС‹РєРёРґРЅРѕР№ Р·Р°РґРІРёР¶РєРё (РёСЃРїРѕР»СЊР·СѓРµС‚СЃСЏ РІ Р°Р»РіРѕСЂРёС‚РјР°С… РїСЂРѕРіСЂР°РјРјС‹ РїСѓСЃРєР° Рџ2)', 'СЃ', '1', '600', '0', '65535', 'Р’СЂРµРјРµРЅРЅС‹Рµ СѓСЃС‚Р°РІРєРё РњРќРђ', 'Р’СЂРµРјРµРЅРЅС‹Рµ СѓСЃС‚Р°РІРєРё'), (30, '', 'HNA2_T9', 'РњРќРђ 2. Р’СЂРµРјСЏ РїСѓСЃРєРѕРІРѕРіРѕ СЂРµР¶РёРјР° СЂР°Р±РѕС‚С‹ Р­Р” РїСЂРё РїСѓСЃРєРµ', 'СЃ', '1', '30', '0', '65535', 'Р’СЂРµРјРµРЅРЅС‹Рµ СѓСЃС‚Р°РІРєРё РњРќРђ', 'Р’СЂРµРјРµРЅРЅС‹Рµ СѓСЃС‚Р°РІРєРё'), (31, '', 'HNA2_T10', 'РњРќРђ 2. Р’СЂРµРјСЏ РїРµСЂРµРґ РІС‹РґР°С‡РµР№ РєРѕРјР°РЅРґС‹ РїРѕРІС‚РѕСЂРѕРіРѕ РѕС‚РєР»СЋС‡РµРЅРёСЏ Р’Р’ РїСЂРё РЅРµРІС‹РїРѕР»РЅРµРЅРёРё РїСЂРѕРіСЂР°РјРјС‹ РѕСЃС‚Р°РЅРѕРІРєРё', 'СЃ', '1', '3', '0', '65535', 'Р’СЂРµРјРµРЅРЅС‹Рµ СѓСЃС‚Р°РІРєРё РњРќРђ', 'Р’СЂРµРјРµРЅРЅС‹Рµ СѓСЃС‚Р°РІРєРё'), (32, '', 'HNA2_T11', 'РњРќРђ 2. РљРѕРЅС‚СЂРѕР»СЊРЅРѕРµ РІСЂРµРјСЏ РІС‹РїРѕР»РЅРµРЅРёСЏ РїСЂРѕС†РµСЃСЃР° РІРєР»СЋС‡РµРЅРёСЏ Р’Р’ РќРђ', 'СЃ', '1', '4', '0', '65535', 'Р’СЂРµРјРµРЅРЅС‹Рµ СѓСЃС‚Р°РІРєРё РњРќРђ', 'Р’СЂРµРјРµРЅРЅС‹Рµ СѓСЃС‚Р°РІРєРё'), (33, '', 'HNA2_T12', 'РњРќРђ 2. Р’СЂРµРјСЏ СЃРЅРёР¶РµРЅРёСЏ СЃРёР»С‹ С‚РѕРєР° Р­Р” РїРѕСЃР»Рµ РѕС‚РєР»СЋС‡РµРЅРёСЏ Р’Р’ РќРђ', 'СЃ', '1', '3', '0', '65535', 'Р’СЂРµРјРµРЅРЅС‹Рµ СѓСЃС‚Р°РІРєРё РњРќРђ', 'Р’СЂРµРјРµРЅРЅС‹Рµ СѓСЃС‚Р°РІРєРё'), (34, '', 'HNA2_T13', 'РњРќРђ 2. Р’СЂРµРјСЏ С„РёР»СЊС‚СЂР°С†РёРё СЃРёРіРЅР°Р»РѕРІ С†РµРїРµР№ РІРєР»СЋС‡РµРЅРёСЏ/РѕС‚РєР»СЋС‡РµРЅРёСЏ', 'СЃ', '1', '3', '0', '65535', 'Р’СЂРµРјРµРЅРЅС‹Рµ СѓСЃС‚Р°РІРєРё РњРќРђ', 'Р’СЂРµРјРµРЅРЅС‹Рµ СѓСЃС‚Р°РІРєРё'), (35, '', 'HNA2_T14', 'РњРќРђ 2. Р’СЂРµРјСЏ РїСѓСЃРєРѕРІРѕРіРѕ СЂРµР¶РёРјР° СЂР°Р±РѕС‚С‹ РЅР°СЃРѕСЃР° РїСЂРё РїСѓСЃРєРµ', 'СЃ', '1', '300', '0', '65535', 'Р’СЂРµРјРµРЅРЅС‹Рµ СѓСЃС‚Р°РІРєРё РњРќРђ', 'Р’СЂРµРјРµРЅРЅС‹Рµ СѓСЃС‚Р°РІРєРё'), (36, '', 'HNA2_T15', 'РњРќРђ 2. Р”Р»РёС‚РµР»СЊРЅРѕСЃС‚СЊ РІС‹РґР°С‡Рё РєРѕРјР°РЅРґС‹ РІ РЎРђР  РґР»СЏ СЂР°РјРїРѕРІРѕР№ С„СѓРЅРєС†РёРё', 'СЃ', '1', '5', '0', '65535', 'Р’СЂРµРјРµРЅРЅС‹Рµ СѓСЃС‚Р°РІРєРё РњРќРђ', 'Р’СЂРµРјРµРЅРЅС‹Рµ СѓСЃС‚Р°РІРєРё'), (37, '', 'HNA2_T16', 'РњРќРђ 2. Р’СЂРµРјСЏ РЅР° РІС‹РїРѕР»РЅРµРЅРёРµ РђР’Р  РїСЂРё РїРѕР»СѓС‡РµРЅРёРё СЃРёРіРЅР°Р»Р° "Р­Р»РµРєС‚СЂРѕР·Р°С‰РёС‚Р°" РїРѕСЃР»Рµ РїРѕР»СѓС‡РµРЅРёСЏ СЃРѕСЃС‚РѕСЏРЅРёСЏ Р’Р’ РѕС‚РєР»СЋС‡РµРЅ', 'СЃ', '1', '3', '0', '65535', 'Р’СЂРµРјРµРЅРЅС‹Рµ СѓСЃС‚Р°РІРєРё РњРќРђ', 'Р’СЂРµРјРµРЅРЅС‹Рµ СѓСЃС‚Р°РІРєРё'), (38, '', 'HNA2_T17', 'РњРќРђ 2. Р’СЂРµРјСЏ, С‡РµСЂРµР· РєРѕС‚РѕСЂРѕРµ Р±СѓРґРµС‚ РІС‹РґР°РЅР° РєРѕРјР°РЅРґР° "РЎС‚РѕРї" РїСЂРё РѕС‚СЃСѓС‚СЃС‚РІРёРё СЌР»РµРєС‚СЂРѕР·Р°С‰РёС‚С‹', 'СЃ', '1', '3', '0', '65535', 'Р’СЂРµРјРµРЅРЅС‹Рµ СѓСЃС‚Р°РІРєРё РњРќРђ', 'Р’СЂРµРјРµРЅРЅС‹Рµ СѓСЃС‚Р°РІРєРё'), (39, '', 'HNA2_T18', 'РњРќРђ 2. Р РµР·РµСЂРІ', 'СЃ', '1', '0', '0', '65535', 'Р’СЂРµРјРµРЅРЅС‹Рµ СѓСЃС‚Р°РІРєРё РњРќРђ', 'Р’СЂРµРјРµРЅРЅС‹Рµ СѓСЃС‚Р°РІРєРё'), (40, '', 'HNA2_WheelSize', 'РњРќРђ 2. Р Р°Р·РјРµСЂ РєРѕР»РµСЃР° РЅР°СЃРѕСЃРЅРѕРіРѕ Р°РіСЂРµРіР°С‚Р°', 'СЃ', '1', '1', '0', '65535', 'Р’СЂРµРјРµРЅРЅС‹Рµ СѓСЃС‚Р°РІРєРё РњРќРђ', 'Р’СЂРµРјРµРЅРЅС‹Рµ СѓСЃС‚Р°РІРєРё'), (41, '', 'HNA3_T1noCT', 'РњРќРђ 3. Р’СЂРµРјСЏ РЅР° РїСЂРѕРІРµСЂРєСѓ РєРѕСЂСЂРµРєС‚РЅРѕСЃС‚Рё СЃРѕСЃС‚РѕСЏРЅРёСЏ С†РµРїРµР№ РєРѕРЅС‚СЂРѕР»СЏ Р’Р’  (СЃ РѕС‚РєР»СЋС‡РµРЅРЅС‹Рј РєРѕРЅС‚СЂРѕР»РµРј РїРѕ С‚РѕРєСѓ)', 'СЃ', '1', '3', '0', '65535', 'Р’СЂРµРјРµРЅРЅС‹Рµ СѓСЃС‚Р°РІРєРё РњРќРђ', 'Р’СЂРµРјРµРЅРЅС‹Рµ СѓСЃС‚Р°РІРєРё'), (42, '', 'HNA3_T1CT', 'РњРќРђ 3. Р’СЂРµРјСЏ РЅР° РїСЂРѕРІРµСЂРєСѓ РєРѕСЂСЂРµРєС‚РЅРѕСЃС‚Рё СЃРѕСЃС‚РѕСЏРЅРёСЏ С†РµРїРµР№ РєРѕРЅС‚СЂРѕР»СЏ Р’Р’ (СЃ РІРєР»СЋС‡РµРЅРЅС‹Рј РєРѕРЅС‚СЂРѕР»РµРј РїРѕ С‚РѕРєСѓ)', 'СЃ', '1', '6', '0', '65535', 'Р’СЂРµРјРµРЅРЅС‹Рµ СѓСЃС‚Р°РІРєРё РњРќРђ', 'Р’СЂРµРјРµРЅРЅС‹Рµ СѓСЃС‚Р°РІРєРё'), (43, '', 'HNA3_T2', 'РњРќРђ 3. Р’СЂРµРјСЏ СѓРґРµСЂР¶Р°РЅРёСЏ РєРѕРјР°РЅРґС‹ "Р’РєР»СЋС‡РёС‚СЊ Р’Р’", РїРѕСЃР»Рµ РїРѕР»СѓС‡РµРЅРёСЏ РІРєР»СЋС‡РµРЅРЅРѕРіРѕ СЃРѕСЃС‚РѕСЏРЅРёСЏ Р’Р’', 'СЃ', '1', '1', '0', '65535', 'Р’СЂРµРјРµРЅРЅС‹Рµ СѓСЃС‚Р°РІРєРё РњРќРђ', 'Р’СЂРµРјРµРЅРЅС‹Рµ СѓСЃС‚Р°РІРєРё'), (44, '', 'HNA3_T3', 'РњРќРђ 3. РњР°РєСЃРёРјР°Р»СЊРЅРѕРµ РІСЂРµРјСЏ СѓРґРµСЂР¶Р°РЅРёСЏ РєРѕРјР°РЅРґС‹ "РћС‚РєР»СЋС‡РёС‚СЊ Р’Р’"', 'СЃ', '1', '1', '0', '65535', 'Р’СЂРµРјРµРЅРЅС‹Рµ СѓСЃС‚Р°РІРєРё РњРќРђ', 'Р’СЂРµРјРµРЅРЅС‹Рµ СѓСЃС‚Р°РІРєРё'), (45, '', 'HNA3_T4', 'РњРќРђ 3. Р’СЂРµРјСЏ РґРѕ РІС‹РґР°С‡Рё РєРѕРјР°РЅРґС‹ Р’РєР»СЋС‡РёС‚СЊ Р’Р’, РЅРµРѕР±С…РѕРґРёРјРѕРµ РґР»СЏ РѕС‚СЂР°Р±РѕС‚РєРё РЎРђР  РІРѕ РІСЂРµРјСЏ СЂР°РјРїРѕРІРѕР№ С„СѓРЅРєС†РёРё', 'СЃ', '1', '3', '0', '65535', 'Р’СЂРµРјРµРЅРЅС‹Рµ СѓСЃС‚Р°РІРєРё РњРќРђ', 'Р’СЂРµРјРµРЅРЅС‹Рµ СѓСЃС‚Р°РІРєРё'), (46, '', 'HNA3_T5', 'РњРќРђ 3. Р’СЂРµРјСЏ РЅР° РѕС‚РєСЂС‹С‚РёРµ РІС‹РєРёРґРЅРѕР№ Р·Р°РґРІРёР¶РєРё РїРµСЂРµРґ РІС‹РґР°С‡РµР№ РєРѕРјР°РЅРґС‹ РЅР° РІРєР»СЋС‡РµРЅРёРµ РќРђ РїРѕ РїСЂРѕРіСЂР°РјРјРµ Рџ2', 'СЃ', '1', '5', '0', '65535', 'Р’СЂРµРјРµРЅРЅС‹Рµ СѓСЃС‚Р°РІРєРё РњРќРђ', 'Р’СЂРµРјРµРЅРЅС‹Рµ СѓСЃС‚Р°РІРєРё'), (47, '', 'HNA3_T6', 'РњРќРђ 3. РљРѕРЅС‚СЂРѕР»СЊРЅРѕРµ РІСЂРµРјСЏ РІС‹РїРѕР»РЅРµРЅРёСЏ РїСЂРѕС†РµСЃСЃР° РѕС‚РєР»СЋС‡РµРЅРёСЏ Р’Р’ РќРђ', 'СЃ', '1', '4', '0', '65535', 'Р’СЂРµРјРµРЅРЅС‹Рµ СѓСЃС‚Р°РІРєРё РњРќРђ', 'Р’СЂРµРјРµРЅРЅС‹Рµ СѓСЃС‚Р°РІРєРё'), (48, '', 'HNA3_T7', 'РњРќРђ 3. Р’СЂРµРјСЏ РЅР° РїРѕРґСЉРµРј СЃРёР»С‹ С‚РѕРєР° Р­Р” РїРѕСЃР»Рµ РІРєР»СЋС‡РµРЅРёСЏ Р’Р’ РќРђ', 'СЃ', '1', '3', '0', '65535', 'Р’СЂРµРјРµРЅРЅС‹Рµ СѓСЃС‚Р°РІРєРё РњРќРђ', 'Р’СЂРµРјРµРЅРЅС‹Рµ СѓСЃС‚Р°РІРєРё'), (49, '', 'HNA3_T8', 'РњРќРђ 3. Р’СЂРµРјСЏ РїРѕР»РЅРѕРіРѕ С…РѕРґР° РІС‹РєРёРґРЅРѕР№ Р·Р°РґРІРёР¶РєРё (РёСЃРїРѕР»СЊР·СѓРµС‚СЃСЏ РІ Р°Р»РіРѕСЂРёС‚РјР°С… РїСЂРѕРіСЂР°РјРјС‹ РїСѓСЃРєР° Рџ2)', 'СЃ', '1', '600', '0', '65535', 'Р’СЂРµРјРµРЅРЅС‹Рµ СѓСЃС‚Р°РІРєРё РњРќРђ', 'Р’СЂРµРјРµРЅРЅС‹Рµ СѓСЃС‚Р°РІРєРё'), (50, '', 'HNA3_T9', 'РњРќРђ 3. Р’СЂРµРјСЏ РїСѓСЃРєРѕРІРѕРіРѕ СЂРµР¶РёРјР° СЂР°Р±РѕС‚С‹ Р­Р” РїСЂРё РїСѓСЃРєРµ', 'СЃ', '1', '30', '0', '65535', 'Р’СЂРµРјРµРЅРЅС‹Рµ СѓСЃС‚Р°РІРєРё РњРќРђ', 'Р’СЂРµРјРµРЅРЅС‹Рµ СѓСЃС‚Р°РІРєРё'), (51, '', 'HNA3_T10', 'РњРќРђ 3. Р’СЂРµРјСЏ РїРµСЂРµРґ РІС‹РґР°С‡РµР№ РєРѕРјР°РЅРґС‹ РїРѕРІС‚РѕСЂРѕРіРѕ РѕС‚РєР»СЋС‡РµРЅРёСЏ Р’Р’ РїСЂРё РЅРµРІС‹РїРѕР»РЅРµРЅРёРё РїСЂРѕРіСЂР°РјРјС‹ РѕСЃС‚Р°РЅРѕРІРєРё', 'СЃ', '1', '3', '0', '65535', 'Р’СЂРµРјРµРЅРЅС‹Рµ СѓСЃС‚Р°РІРєРё РњРќРђ', 'Р’СЂРµРјРµРЅРЅС‹Рµ СѓСЃС‚Р°РІРєРё'), (52, '', 'HNA3_T11', 'РњРќРђ 3. РљРѕРЅС‚СЂРѕР»СЊРЅРѕРµ РІСЂРµРјСЏ РІС‹РїРѕР»РЅРµРЅРёСЏ РїСЂРѕС†РµСЃСЃР° РІРєР»СЋС‡РµРЅРёСЏ Р’Р’ РќРђ', 'СЃ', '1', '4', '0', '65535', 'Р’СЂРµРјРµРЅРЅС‹Рµ СѓСЃС‚Р°РІРєРё РњРќРђ', 'Р’СЂРµРјРµРЅРЅС‹Рµ СѓСЃС‚Р°РІРєРё'), (53, '', 'HNA3_T12', 'РњРќРђ 3. Р’СЂРµРјСЏ СЃРЅРёР¶РµРЅРёСЏ СЃРёР»С‹ С‚РѕРєР° Р­Р” РїРѕСЃР»Рµ РѕС‚РєР»СЋС‡РµРЅРёСЏ Р’Р’ РќРђ', 'СЃ', '1', '3', '0', '65535', 'Р’СЂРµРјРµРЅРЅС‹Рµ СѓСЃС‚Р°РІРєРё РњРќРђ', 'Р’СЂРµРјРµРЅРЅС‹Рµ СѓСЃС‚Р°РІРєРё'), (54, '', 'HNA3_T13', 'РњРќРђ 3. Р’СЂРµРјСЏ С„РёР»СЊС‚СЂР°С†РёРё СЃРёРіРЅР°Р»РѕРІ С†РµРїРµР№ РІРєР»СЋС‡РµРЅРёСЏ/РѕС‚РєР»СЋС‡РµРЅРёСЏ', 'СЃ', '1', '3', '0', '65535', 'Р’СЂРµРјРµРЅРЅС‹Рµ СѓСЃС‚Р°РІРєРё РњРќРђ', 'Р’СЂРµРјРµРЅРЅС‹Рµ СѓСЃС‚Р°РІРєРё'), (55, '', 'HNA3_T14', 'РњРќРђ 3. Р’СЂРµРјСЏ РїСѓСЃРєРѕРІРѕРіРѕ СЂРµР¶РёРјР° СЂР°Р±РѕС‚С‹ РЅР°СЃРѕСЃР° РїСЂРё РїСѓСЃРєРµ', 'СЃ', '1', '300', '0', '65535', 'Р’СЂРµРјРµРЅРЅС‹Рµ СѓСЃС‚Р°РІРєРё РњРќРђ', 'Р’СЂРµРјРµРЅРЅС‹Рµ СѓСЃС‚Р°РІРєРё'), (56, '', 'HNA3_T15', 'РњРќРђ 3. Р”Р»РёС‚РµР»СЊРЅРѕСЃС‚СЊ РІС‹РґР°С‡Рё РєРѕРјР°РЅРґС‹ РІ РЎРђР  РґР»СЏ СЂР°РјРїРѕРІРѕР№ С„СѓРЅРєС†РёРё', 'СЃ', '1', '5', '0', '65535', 'Р’СЂРµРјРµРЅРЅС‹Рµ СѓСЃС‚Р°РІРєРё РњРќРђ', 'Р’СЂРµРјРµРЅРЅС‹Рµ СѓСЃС‚Р°РІРєРё'), (57, '', 'HNA3_T16', 'РњРќРђ 3. Р’СЂРµРјСЏ РЅР° РІС‹РїРѕР»РЅРµРЅРёРµ РђР’Р  РїСЂРё РїРѕР»СѓС‡РµРЅРёРё СЃРёРіРЅР°Р»Р° "Р­Р»РµРєС‚СЂРѕР·Р°С‰РёС‚Р°" РїРѕСЃР»Рµ РїРѕР»СѓС‡РµРЅРёСЏ СЃРѕСЃС‚РѕСЏРЅРёСЏ Р’Р’ РѕС‚РєР»СЋС‡РµРЅ', 'СЃ', '1', '3', '0', '65535', 'Р’СЂРµРјРµРЅРЅС‹Рµ СѓСЃС‚Р°РІРєРё РњРќРђ', 'Р’СЂРµРјРµРЅРЅС‹Рµ СѓСЃС‚Р°РІРєРё'), (58, '', 'HNA3_T17', 'РњРќРђ 3. Р’СЂРµРјСЏ, С‡РµСЂРµР· РєРѕС‚РѕСЂРѕРµ Р±СѓРґРµС‚ РІС‹РґР°РЅР° РєРѕРјР°РЅРґР° "РЎС‚РѕРї" РїСЂРё РѕС‚СЃСѓС‚СЃС‚РІРёРё СЌР»РµРєС‚СЂРѕР·Р°С‰РёС‚С‹', 'СЃ', '1', '3', '0', '65535', 'Р’СЂРµРјРµРЅРЅС‹Рµ СѓСЃС‚Р°РІРєРё РњРќРђ', 'Р’СЂРµРјРµРЅРЅС‹Рµ СѓСЃС‚Р°РІРєРё'), (59, '', 'HNA3_T18', 'РњРќРђ 3. Р РµР·РµСЂРІ', 'СЃ', '1', '0', '0', '65535', 'Р’СЂРµРјРµРЅРЅС‹Рµ СѓСЃС‚Р°РІРєРё РњРќРђ', 'Р’СЂРµРјРµРЅРЅС‹Рµ СѓСЃС‚Р°РІРєРё'), (60, '', 'HNA3_WheelSize', 'РњРќРђ 3. Р Р°Р·РјРµСЂ РєРѕР»РµСЃР° РЅР°СЃРѕСЃРЅРѕРіРѕ Р°РіСЂРµРіР°С‚Р°', 'СЃ', '1', '1', '0', '65535', 'Р’СЂРµРјРµРЅРЅС‹Рµ СѓСЃС‚Р°РІРєРё РњРќРђ', 'Р’СЂРµРјРµРЅРЅС‹Рµ СѓСЃС‚Р°РІРєРё'), (61, '', 'HNA4_T1noCT', 'РњРќРђ 4. Р’СЂРµРјСЏ РЅР° РїСЂРѕРІРµСЂРєСѓ РєРѕСЂСЂРµРєС‚РЅРѕСЃС‚Рё СЃРѕСЃС‚РѕСЏРЅРёСЏ С†РµРїРµР№ РєРѕРЅС‚СЂРѕР»СЏ Р’Р’  (СЃ РѕС‚РєР»СЋС‡РµРЅРЅС‹Рј РєРѕРЅС‚СЂРѕР»РµРј РїРѕ С‚РѕРєСѓ)', 'СЃ', '1', '3', '0', '65535', 'Р’СЂРµРјРµРЅРЅС‹Рµ СѓСЃС‚Р°РІРєРё РњРќРђ', 'Р’СЂРµРјРµРЅРЅС‹Рµ СѓСЃС‚Р°РІРєРё'), (62, '', 'HNA4_T1CT', 'РњРќРђ 4. Р’СЂРµРјСЏ РЅР° РїСЂРѕРІРµСЂРєСѓ РєРѕСЂСЂРµРєС‚РЅРѕСЃС‚Рё СЃРѕСЃС‚РѕСЏРЅРёСЏ С†РµРїРµР№ РєРѕРЅС‚СЂРѕР»СЏ Р’Р’ (СЃ РІРєР»СЋС‡РµРЅРЅС‹Рј РєРѕРЅС‚СЂРѕР»РµРј РїРѕ С‚РѕРєСѓ)', 'СЃ', '1', '6', '0', '65535', 'Р’СЂРµРјРµРЅРЅС‹Рµ СѓСЃС‚Р°РІРєРё РњРќРђ', 'Р’СЂРµРјРµРЅРЅС‹Рµ СѓСЃС‚Р°РІРєРё'), (63, '', 'HNA4_T2', 'РњРќРђ 4. Р’СЂРµРјСЏ СѓРґРµСЂР¶Р°РЅРёСЏ РєРѕРјР°РЅРґС‹ "Р’РєР»СЋС‡РёС‚СЊ Р’Р’", РїРѕСЃР»Рµ РїРѕР»СѓС‡РµРЅРёСЏ РІРєР»СЋС‡РµРЅРЅРѕРіРѕ СЃРѕСЃС‚РѕСЏРЅРёСЏ Р’Р’', 'СЃ', '1', '1', '0', '65535', 'Р’СЂРµРјРµРЅРЅС‹Рµ СѓСЃС‚Р°РІРєРё РњРќРђ', 'Р’СЂРµРјРµРЅРЅС‹Рµ СѓСЃС‚Р°РІРєРё'), (64, '', 'HNA4_T3', 'РњРќРђ 4. РњР°РєСЃРёРјР°Р»СЊРЅРѕРµ РІСЂРµРјСЏ СѓРґРµСЂР¶Р°РЅРёСЏ РєРѕРјР°РЅРґС‹ "РћС‚РєР»СЋС‡РёС‚СЊ Р’Р’"', 'СЃ', '1', '1', '0', '65535', 'Р’СЂРµРјРµРЅРЅС‹Рµ СѓСЃС‚Р°РІРєРё РњРќРђ', 'Р’СЂРµРјРµРЅРЅС‹Рµ СѓСЃС‚Р°РІРєРё'), (65, '', 'HNA4_T4', 'РњРќРђ 4. Р’СЂРµРјСЏ РґРѕ РІС‹РґР°С‡Рё РєРѕРјР°РЅРґС‹ Р’РєР»СЋС‡РёС‚СЊ Р’Р’, РЅРµРѕР±С…РѕРґРёРјРѕРµ РґР»СЏ РѕС‚СЂР°Р±РѕС‚РєРё РЎРђР  РІРѕ РІСЂРµРјСЏ СЂР°РјРїРѕРІРѕР№ С„СѓРЅРєС†РёРё', 'СЃ', '1', '3', '0', '65535', 'Р’СЂРµРјРµРЅРЅС‹Рµ СѓСЃС‚Р°РІРєРё РњРќРђ', 'Р’СЂРµРјРµРЅРЅС‹Рµ СѓСЃС‚Р°РІРєРё'), (66, '', 'HNA4_T5', 'РњРќРђ 4. Р’СЂРµРјСЏ РЅР° РѕС‚РєСЂС‹С‚РёРµ РІС‹РєРёРґРЅРѕР№ Р·Р°РґРІРёР¶РєРё РїРµСЂРµРґ РІС‹РґР°С‡РµР№ РєРѕРјР°РЅРґС‹ РЅР° РІРєР»СЋС‡РµРЅРёРµ РќРђ РїРѕ РїСЂРѕРіСЂР°РјРјРµ Рџ2', 'СЃ', '1', '5', '0', '65535', 'Р’СЂРµРјРµРЅРЅС‹Рµ СѓСЃС‚Р°РІРєРё РњРќРђ', 'Р’СЂРµРјРµРЅРЅС‹Рµ СѓСЃС‚Р°РІРєРё'), (67, '', 'HNA4_T6', 'РњРќРђ 4. РљРѕРЅС‚СЂРѕР»СЊРЅРѕРµ РІСЂРµРјСЏ РІС‹РїРѕР»РЅРµРЅРёСЏ РїСЂРѕС†РµСЃСЃР° РѕС‚РєР»СЋС‡РµРЅРёСЏ Р’Р’ РќРђ', 'СЃ', '1', '4', '0', '65535', 'Р’СЂРµРјРµРЅРЅС‹Рµ СѓСЃС‚Р°РІРєРё РњРќРђ', 'Р’СЂРµРјРµРЅРЅС‹Рµ СѓСЃС‚Р°РІРєРё'), (68, '', 'HNA4_T7', 'РњРќРђ 4. Р’СЂРµРјСЏ РЅР° РїРѕРґСЉРµРј СЃРёР»С‹ С‚РѕРєР° Р­Р” РїРѕСЃР»Рµ РІРєР»СЋС‡РµРЅРёСЏ Р’Р’ РќРђ', 'СЃ', '1', '3', '0', '65535', 'Р’СЂРµРјРµРЅРЅС‹Рµ СѓСЃС‚Р°РІРєРё РњРќРђ', 'Р’СЂРµРјРµРЅРЅС‹Рµ СѓСЃС‚Р°РІРєРё'), (69, '', 'HNA4_T8', 'РњРќРђ 4. Р’СЂРµРјСЏ РїРѕР»РЅРѕРіРѕ С…РѕРґР° РІС‹РєРёРґРЅРѕР№ Р·Р°РґРІРёР¶РєРё (РёСЃРїРѕР»СЊР·СѓРµС‚СЃСЏ РІ Р°Р»РіРѕСЂРёС‚РјР°С… РїСЂРѕРіСЂР°РјРјС‹ РїСѓСЃРєР° Рџ2)', 'СЃ', '1', '600', '0', '65535', 'Р’СЂРµРјРµРЅРЅС‹Рµ СѓСЃС‚Р°РІРєРё РњРќРђ', 'Р’СЂРµРјРµРЅРЅС‹Рµ СѓСЃС‚Р°РІРєРё'), (70, '', 'HNA4_T9', 'РњРќРђ 4. Р’СЂРµРјСЏ РїСѓСЃРєРѕРІРѕРіРѕ СЂРµР¶РёРјР° СЂР°Р±РѕС‚С‹ Р­Р” РїСЂРё РїСѓСЃРєРµ', 'СЃ', '1', '30', '0', '65535', 'Р’СЂРµРјРµРЅРЅС‹Рµ СѓСЃС‚Р°РІРєРё РњРќРђ', 'Р’СЂРµРјРµРЅРЅС‹Рµ СѓСЃС‚Р°РІРєРё'), (71, '', 'HNA4_T10', 'РњРќРђ 4. Р’СЂРµРјСЏ РїРµСЂРµРґ РІС‹РґР°С‡РµР№ РєРѕРјР°РЅРґС‹ РїРѕРІС‚РѕСЂРѕРіРѕ РѕС‚РєР»СЋС‡РµРЅРёСЏ Р’Р’ РїСЂРё РЅРµРІС‹РїРѕР»РЅРµРЅРёРё РїСЂРѕРіСЂР°РјРјС‹ РѕСЃС‚Р°РЅРѕРІРєРё', 'СЃ', '1', '3', '0', '65535', 'Р’СЂРµРјРµРЅРЅС‹Рµ СѓСЃС‚Р°РІРєРё РњРќРђ', 'Р’СЂРµРјРµРЅРЅС‹Рµ СѓСЃС‚Р°РІРєРё'), (72, '', 'HNA4_T11', 'РњРќРђ 4. РљРѕРЅС‚СЂРѕР»СЊРЅРѕРµ РІСЂРµРјСЏ РІС‹РїРѕР»РЅРµРЅРёСЏ РїСЂРѕС†РµСЃСЃР° РІРєР»СЋС‡РµРЅРёСЏ Р’Р’ РќРђ', 'СЃ', '1', '4', '0', '65535', 'Р’СЂРµРјРµРЅРЅС‹Рµ СѓСЃС‚Р°РІРєРё РњРќРђ', 'Р’СЂРµРјРµРЅРЅС‹Рµ СѓСЃС‚Р°РІРєРё'), (73, '', 'HNA4_T12', 'РњРќРђ 4. Р’СЂРµРјСЏ СЃРЅРёР¶РµРЅРёСЏ СЃРёР»С‹ С‚РѕРєР° Р­Р” РїРѕСЃР»Рµ РѕС‚РєР»СЋС‡РµРЅРёСЏ Р’Р’ РќРђ', 'СЃ', '1', '3', '0', '65535', 'Р’СЂРµРјРµРЅРЅС‹Рµ СѓСЃС‚Р°РІРєРё РњРќРђ', 'Р’СЂРµРјРµРЅРЅС‹Рµ СѓСЃС‚Р°РІРєРё'), (74, '', 'HNA4_T13', 'РњРќРђ 4. Р’СЂРµРјСЏ С„РёР»СЊС‚СЂР°С†РёРё СЃРёРіРЅР°Р»РѕРІ С†РµРїРµР№ РІРєР»СЋС‡РµРЅРёСЏ/РѕС‚РєР»СЋС‡РµРЅРёСЏ', 'СЃ', '1', '3', '0', '65535', 'Р’СЂРµРјРµРЅРЅС‹Рµ СѓСЃС‚Р°РІРєРё РњРќРђ', 'Р’СЂРµРјРµРЅРЅС‹Рµ СѓСЃС‚Р°РІРєРё'), (75, '', 'HNA4_T14', 'РњРќРђ 4. Р’СЂРµРјСЏ РїСѓСЃРєРѕРІРѕРіРѕ СЂРµР¶РёРјР° СЂР°Р±РѕС‚С‹ РЅР°СЃРѕСЃР° РїСЂРё РїСѓСЃРєРµ', 'СЃ', '1', '300', '0', '65535', 'Р’СЂРµРјРµРЅРЅС‹Рµ СѓСЃС‚Р°РІРєРё РњРќРђ', 'Р’СЂРµРјРµРЅРЅС‹Рµ СѓСЃС‚Р°РІРєРё'), (76, '', 'HNA4_T15', 'РњРќРђ 4. Р”Р»РёС‚РµР»СЊРЅРѕСЃС‚СЊ РІС‹РґР°С‡Рё РєРѕРјР°РЅРґС‹ РІ РЎРђР  РґР»СЏ СЂР°РјРїРѕРІРѕР№ С„СѓРЅРєС†РёРё', 'СЃ', '1', '5', '0', '65535', 'Р’СЂРµРјРµРЅРЅС‹Рµ СѓСЃС‚Р°РІРєРё РњРќРђ', 'Р’СЂРµРјРµРЅРЅС‹Рµ СѓСЃС‚Р°РІРєРё'), (77, '', 'HNA4_T16', 'РњРќРђ 4. Р’СЂРµРјСЏ РЅР° РІС‹РїРѕР»РЅРµРЅРёРµ РђР’Р  РїСЂРё РїРѕР»СѓС‡РµРЅРёРё СЃРёРіРЅР°Р»Р° "Р­Р»РµРєС‚СЂРѕР·Р°С‰РёС‚Р°" РїРѕСЃР»Рµ РїРѕР»СѓС‡РµРЅРёСЏ СЃРѕСЃС‚РѕСЏРЅРёСЏ Р’Р’ РѕС‚РєР»СЋС‡РµРЅ', 'СЃ', '1', '3', '0', '65535', 'Р’СЂРµРјРµРЅРЅС‹Рµ СѓСЃС‚Р°РІРєРё РњРќРђ', 'Р’СЂРµРјРµРЅРЅС‹Рµ СѓСЃС‚Р°РІРєРё'), (78, '', 'HNA4_T17', 'РњРќРђ 4. Р’СЂРµРјСЏ, С‡РµСЂРµР· РєРѕС‚РѕСЂРѕРµ Р±СѓРґРµС‚ РІС‹РґР°РЅР° РєРѕРјР°РЅРґР° "РЎС‚РѕРї" РїСЂРё РѕС‚СЃСѓС‚СЃС‚РІРёРё СЌР»РµРєС‚СЂРѕР·Р°С‰РёС‚С‹', 'СЃ', '1', '3', '0', '65535', 'Р’СЂРµРјРµРЅРЅС‹Рµ СѓСЃС‚Р°РІРєРё РњРќРђ', 'Р’СЂРµРјРµРЅРЅС‹Рµ СѓСЃС‚Р°РІРєРё'), (79, '', 'HNA4_T18', 'РњРќРђ 4. Р РµР·РµСЂРІ', 'СЃ', '1', '0', '0', '65535', 'Р’СЂРµРјРµРЅРЅС‹Рµ СѓСЃС‚Р°РІРєРё РњРќРђ', 'Р’СЂРµРјРµРЅРЅС‹Рµ СѓСЃС‚Р°РІРєРё'), (80, '', 'HNA4_WheelSize', 'РњРќРђ 4. Р Р°Р·РјРµСЂ РєРѕР»РµСЃР° РЅР°СЃРѕСЃРЅРѕРіРѕ Р°РіСЂРµРіР°С‚Р°', 'СЃ', '1', '1', '0', '65535', 'Р’СЂРµРјРµРЅРЅС‹Рµ СѓСЃС‚Р°РІРєРё РњРќРђ', 'Р’СЂРµРјРµРЅРЅС‹Рµ СѓСЃС‚Р°РІРєРё') RETURNING "umpna_tm"."id"
2023-06-25 13:09:00.441 +05 [17532] СООБЩЕНИЕ:  начата контрольная точка: time
2023-06-25 13:09:08.023 +05 [17532] СООБЩЕНИЕ:  контрольная точка завершена: записано буферов: 70 (0.4%); добавлено файлов WAL 0, удалено: 0, переработано: 0; запись=7.559 сек., синхр.=0.014 сек., всего=7.583 сек.; синхронизировано_файлов=16, самая_долгая_синхр.=0.003 сек., средняя=0.001 сек.; расстояние=498 kB, ожидалось=724 kB
2023-06-25 13:23:31.904 +05 [14260] РЎРћРћР‘Р©Р•РќРР•:  РЅРµ СѓРґР°Р»РѕСЃСЊ РїРѕР»СѓС‡РёС‚СЊ РґР°РЅРЅС‹Рµ РѕС‚ РєР»РёРµРЅС‚Р°: An existing connection was forcibly closed by the remote host.
	
2023-06-25 13:23:31.904 +05 [14260] РЎРћРћР‘Р©Р•РќРР•:  РЅРµРѕР¶РёРґР°РЅРЅС‹Р№ РѕР±СЂС‹РІ СЃРѕРµРґРёРЅРµРЅРёСЏ СЃ РєР»РёРµРЅС‚РѕРј РїСЂРё РѕС‚РєСЂС‹С‚РѕР№ С‚СЂР°РЅР·Р°РєС†РёРё
2023-06-25 13:24:00.034 +05 [17532] СООБЩЕНИЕ:  начата контрольная точка: time
2023-06-25 13:24:02.100 +05 [17532] СООБЩЕНИЕ:  контрольная точка завершена: записано буферов: 20 (0.1%); добавлено файлов WAL 0, удалено: 0, переработано: 0; запись=2.048 сек., синхр.=0.009 сек., всего=2.066 сек.; синхронизировано_файлов=8, самая_долгая_синхр.=0.004 сек., средняя=0.002 сек.; расстояние=122 kB, ожидалось=663 kB
2023-06-25 13:25:14.226 +05 [2232] РЎРћРћР‘Р©Р•РќРР•:  РЅРµ СѓРґР°Р»РѕСЃСЊ РїРѕР»СѓС‡РёС‚СЊ РґР°РЅРЅС‹Рµ РѕС‚ РєР»РёРµРЅС‚Р°: An existing connection was forcibly closed by the remote host.
	
2023-06-25 13:27:02.403 +05 [5168] РЎРћРћР‘Р©Р•РќРР•:  РЅРµ СѓРґР°Р»РѕСЃСЊ РїРѕР»СѓС‡РёС‚СЊ РґР°РЅРЅС‹Рµ РѕС‚ РєР»РёРµРЅС‚Р°: An existing connection was forcibly closed by the remote host.
	
2023-06-25 13:27:02.403 +05 [5168] РЎРћРћР‘Р©Р•РќРР•:  РЅРµРѕР¶РёРґР°РЅРЅС‹Р№ РѕР±СЂС‹РІ СЃРѕРµРґРёРЅРµРЅРёСЏ СЃ РєР»РёРµРЅС‚РѕРј РїСЂРё РѕС‚РєСЂС‹С‚РѕР№ С‚СЂР°РЅР·Р°РєС†РёРё
2023-06-25 13:31:28.864 +05 [20128] РЎРћРћР‘Р©Р•РќРР•:  РЅРµ СѓРґР°Р»РѕСЃСЊ РїРѕР»СѓС‡РёС‚СЊ РґР°РЅРЅС‹Рµ РѕС‚ РєР»РёРµРЅС‚Р°: An existing connection was forcibly closed by the remote host.
	
2023-06-25 13:31:58.823 +05 [3844] РЎРћРћР‘Р©Р•РќРР•:  РЅРµ СѓРґР°Р»РѕСЃСЊ РїРѕР»СѓС‡РёС‚СЊ РґР°РЅРЅС‹Рµ РѕС‚ РєР»РёРµРЅС‚Р°: An existing connection was forcibly closed by the remote host.
	
