2023-08-07 10:21:07.886 +05 [8416] –û–®–ò–ë–ö–ê:  –æ—Ç–Ω–æ—à–µ–Ω–∏–µ "tblpumptimesetpoints_pkey" —É–∂–µ —Å—É—â–µ—Å—Ç–≤—É–µ—Ç
2023-08-07 10:21:07.886 +05 [8416] –û–ü–ï–†–ê–¢–û–†:  	CREATE SCHEMA IF NOT EXISTS objects;
		CREATE TABLE IF NOT EXISTS objects.TblPumptimeSetpoints(
			Id INT NOT NULL,
			Prefix VARCHAR(1024),
			SetpointGroupId INT,
			Tag VARCHAR(1024),
			Name VARCHAR(1024),
			Source VARCHAR(1024),
			Value INT,
			Egu VARCHAR(1024),
			RuleName VARCHAR(1024),
			CONSTRAINT TblPumptimeSetpoints_pkey PRIMARY KEY (Id)
		);
			DELETE FROM objects.TblPumptimeSetpoints ;
	
2023-08-07 10:21:07.901 +05 [8416] –û–®–ò–ë–ö–ê:  –æ—Ç–Ω–æ—à–µ–Ω–∏–µ "tblpumptimesetpoints_pkey" —É–∂–µ —Å—É—â–µ—Å—Ç–≤—É–µ—Ç
2023-08-07 10:21:07.901 +05 [8416] –û–ü–ï–†–ê–¢–û–†:  	CREATE SCHEMA IF NOT EXISTS objects;
		CREATE TABLE IF NOT EXISTS objects.TblPumptimeSetpoints(
			Id INT NOT NULL,
			Prefix VARCHAR(1024),
			SetpointGroupId INT,
			Tag VARCHAR(1024),
			Name VARCHAR(1024),
			Source VARCHAR(1024),
			Value INT,
			Egu VARCHAR(1024),
			RuleName VARCHAR(1024),
			CONSTRAINT TblPumptimeSetpoints_pkey PRIMARY KEY (Id)
		);
			DELETE FROM objects.TblPumptimeSetpoints ;
	
2023-08-07 10:21:07.905 +05 [8416] –û–®–ò–ë–ö–ê:  –æ—Ç–Ω–æ—à–µ–Ω–∏–µ "tblpumptimesetpoints_pkey" —É–∂–µ —Å—É—â–µ—Å—Ç–≤—É–µ—Ç
2023-08-07 10:21:07.905 +05 [8416] –û–ü–ï–†–ê–¢–û–†:  	CREATE SCHEMA IF NOT EXISTS objects;
		CREATE TABLE IF NOT EXISTS objects.TblPumptimeSetpoints(
			Id INT NOT NULL,
			Prefix VARCHAR(1024),
			SetpointGroupId INT,
			Tag VARCHAR(1024),
			Name VARCHAR(1024),
			Source VARCHAR(1024),
			Value INT,
			Egu VARCHAR(1024),
			RuleName VARCHAR(1024),
			CONSTRAINT TblPumptimeSetpoints_pkey PRIMARY KEY (Id)
		);
			DELETE FROM objects.TblPumptimeSetpoints ;
	
2023-08-07 10:21:07.909 +05 [8416] –û–®–ò–ë–ö–ê:  –æ—Ç–Ω–æ—à–µ–Ω–∏–µ "tblpumptimesetpoints_pkey" —É–∂–µ —Å—É—â–µ—Å—Ç–≤—É–µ—Ç
2023-08-07 10:21:07.909 +05 [8416] –û–ü–ï–†–ê–¢–û–†:  	CREATE SCHEMA IF NOT EXISTS objects;
		CREATE TABLE IF NOT EXISTS objects.TblPumptimeSetpoints(
			Id INT NOT NULL,
			Prefix VARCHAR(1024),
			SetpointGroupId INT,
			Tag VARCHAR(1024),
			Name VARCHAR(1024),
			Source VARCHAR(1024),
			Value INT,
			Egu VARCHAR(1024),
			RuleName VARCHAR(1024),
			CONSTRAINT TblPumptimeSetpoints_pkey PRIMARY KEY (Id)
		);
			DELETE FROM objects.TblPumptimeSetpoints ;
	
2023-08-07 10:21:07.912 +05 [8416] –û–®–ò–ë–ö–ê:  –æ—Ç–Ω–æ—à–µ–Ω–∏–µ "tblpumptimesetpoints_pkey" —É–∂–µ —Å—É—â–µ—Å—Ç–≤—É–µ—Ç
2023-08-07 10:21:07.912 +05 [8416] –û–ü–ï–†–ê–¢–û–†:  	CREATE SCHEMA IF NOT EXISTS objects;
		CREATE TABLE IF NOT EXISTS objects.TblPumptimeSetpoints(
			Id INT NOT NULL,
			Prefix VARCHAR(1024),
			SetpointGroupId INT,
			Tag VARCHAR(1024),
			Name VARCHAR(1024),
			Source VARCHAR(1024),
			Value INT,
			Egu VARCHAR(1024),
			RuleName VARCHAR(1024),
			CONSTRAINT TblPumptimeSetpoints_pkey PRIMARY KEY (Id)
		);
			DELETE FROM objects.TblPumptimeSetpoints ;
	
2023-08-07 10:21:07.914 +05 [8416] –û–®–ò–ë–ö–ê:  –æ—Ç–Ω–æ—à–µ–Ω–∏–µ "tblpumptimesetpoints_pkey" —É–∂–µ —Å—É—â–µ—Å—Ç–≤—É–µ—Ç
2023-08-07 10:21:07.914 +05 [8416] –û–ü–ï–†–ê–¢–û–†:  	CREATE SCHEMA IF NOT EXISTS objects;
		CREATE TABLE IF NOT EXISTS objects.TblPumptimeSetpoints(
			Id INT NOT NULL,
			Prefix VARCHAR(1024),
			SetpointGroupId INT,
			Tag VARCHAR(1024),
			Name VARCHAR(1024),
			Source VARCHAR(1024),
			Value INT,
			Egu VARCHAR(1024),
			RuleName VARCHAR(1024),
			CONSTRAINT TblPumptimeSetpoints_pkey PRIMARY KEY (Id)
		);
			DELETE FROM objects.TblPumptimeSetpoints ;
	
2023-08-07 10:21:07.917 +05 [8416] –û–®–ò–ë–ö–ê:  –æ—Ç–Ω–æ—à–µ–Ω–∏–µ "tblpumptimesetpoints_pkey" —É–∂–µ —Å—É—â–µ—Å—Ç–≤—É–µ—Ç
2023-08-07 10:21:07.917 +05 [8416] –û–ü–ï–†–ê–¢–û–†:  	CREATE SCHEMA IF NOT EXISTS objects;
		CREATE TABLE IF NOT EXISTS objects.TblPumptimeSetpoints(
			Id INT NOT NULL,
			Prefix VARCHAR(1024),
			SetpointGroupId INT,
			Tag VARCHAR(1024),
			Name VARCHAR(1024),
			Source VARCHAR(1024),
			Value INT,
			Egu VARCHAR(1024),
			RuleName VARCHAR(1024),
			CONSTRAINT TblPumptimeSetpoints_pkey PRIMARY KEY (Id)
		);
			DELETE FROM objects.TblPumptimeSetpoints ;
	
2023-08-07 10:21:07.923 +05 [8416] –û–®–ò–ë–ö–ê:  –æ—Ç–Ω–æ—à–µ–Ω–∏–µ "tblpumptimesetpoints_pkey" —É–∂–µ —Å—É—â–µ—Å—Ç–≤—É–µ—Ç
2023-08-07 10:21:07.923 +05 [8416] –û–ü–ï–†–ê–¢–û–†:  	CREATE SCHEMA IF NOT EXISTS objects;
		CREATE TABLE IF NOT EXISTS objects.TblPumptimeSetpoints(
			Id INT NOT NULL,
			Prefix VARCHAR(1024),
			SetpointGroupId INT,
			Tag VARCHAR(1024),
			Name VARCHAR(1024),
			Source VARCHAR(1024),
			Value INT,
			Egu VARCHAR(1024),
			RuleName VARCHAR(1024),
			CONSTRAINT TblPumptimeSetpoints_pkey PRIMARY KEY (Id)
		);
			DELETE FROM objects.TblPumptimeSetpoints ;
	
2023-08-07 10:21:07.926 +05 [8416] –û–®–ò–ë–ö–ê:  –æ—Ç–Ω–æ—à–µ–Ω–∏–µ "tblpumptimesetpoints_pkey" —É–∂–µ —Å—É—â–µ—Å—Ç–≤—É–µ—Ç
2023-08-07 10:21:07.926 +05 [8416] –û–ü–ï–†–ê–¢–û–†:  	CREATE SCHEMA IF NOT EXISTS objects;
		CREATE TABLE IF NOT EXISTS objects.TblPumptimeSetpoints(
			Id INT NOT NULL,
			Prefix VARCHAR(1024),
			SetpointGroupId INT,
			Tag VARCHAR(1024),
			Name VARCHAR(1024),
			Source VARCHAR(1024),
			Value INT,
			Egu VARCHAR(1024),
			RuleName VARCHAR(1024),
			CONSTRAINT TblPumptimeSetpoints_pkey PRIMARY KEY (Id)
		);
			DELETE FROM objects.TblPumptimeSetpoints ;
	
2023-08-07 10:21:07.928 +05 [8416] –û–®–ò–ë–ö–ê:  –æ—Ç–Ω–æ—à–µ–Ω–∏–µ "tblpumptimesetpoints_pkey" —É–∂–µ —Å—É—â–µ—Å—Ç–≤—É–µ—Ç
2023-08-07 10:21:07.928 +05 [8416] –û–ü–ï–†–ê–¢–û–†:  	CREATE SCHEMA IF NOT EXISTS objects;
		CREATE TABLE IF NOT EXISTS objects.TblPumptimeSetpoints(
			Id INT NOT NULL,
			Prefix VARCHAR(1024),
			SetpointGroupId INT,
			Tag VARCHAR(1024),
			Name VARCHAR(1024),
			Source VARCHAR(1024),
			Value INT,
			Egu VARCHAR(1024),
			RuleName VARCHAR(1024),
			CONSTRAINT TblPumptimeSetpoints_pkey PRIMARY KEY (Id)
		);
			DELETE FROM objects.TblPumptimeSetpoints ;
	
2023-08-07 10:21:07.931 +05 [8416] –û–®–ò–ë–ö–ê:  –æ—Ç–Ω–æ—à–µ–Ω–∏–µ "tblpumptimesetpoints_pkey" —É–∂–µ —Å—É—â–µ—Å—Ç–≤—É–µ—Ç
2023-08-07 10:21:07.931 +05 [8416] –û–ü–ï–†–ê–¢–û–†:  	CREATE SCHEMA IF NOT EXISTS objects;
		CREATE TABLE IF NOT EXISTS objects.TblPumptimeSetpoints(
			Id INT NOT NULL,
			Prefix VARCHAR(1024),
			SetpointGroupId INT,
			Tag VARCHAR(1024),
			Name VARCHAR(1024),
			Source VARCHAR(1024),
			Value INT,
			Egu VARCHAR(1024),
			RuleName VARCHAR(1024),
			CONSTRAINT TblPumptimeSetpoints_pkey PRIMARY KEY (Id)
		);
			DELETE FROM objects.TblPumptimeSetpoints ;
	
2023-08-07 10:21:07.937 +05 [8416] –û–®–ò–ë–ö–ê:  –æ—Ç–Ω–æ—à–µ–Ω–∏–µ "tblpumptimesetpoints_pkey" —É–∂–µ —Å—É—â–µ—Å—Ç–≤—É–µ—Ç
2023-08-07 10:21:07.937 +05 [8416] –û–ü–ï–†–ê–¢–û–†:  	CREATE SCHEMA IF NOT EXISTS objects;
		CREATE TABLE IF NOT EXISTS objects.TblPumptimeSetpoints(
			Id INT NOT NULL,
			Prefix VARCHAR(1024),
			SetpointGroupId INT,
			Tag VARCHAR(1024),
			Name VARCHAR(1024),
			Source VARCHAR(1024),
			Value INT,
			Egu VARCHAR(1024),
			RuleName VARCHAR(1024),
			CONSTRAINT TblPumptimeSetpoints_pkey PRIMARY KEY (Id)
		);
			DELETE FROM objects.TblPumptimeSetpoints ;
	
2023-08-07 10:21:07.940 +05 [8416] –û–®–ò–ë–ö–ê:  –æ—Ç–Ω–æ—à–µ–Ω–∏–µ "tblpumptimesetpoints_pkey" —É–∂–µ —Å—É—â–µ—Å—Ç–≤—É–µ—Ç
2023-08-07 10:21:07.940 +05 [8416] –û–ü–ï–†–ê–¢–û–†:  	CREATE SCHEMA IF NOT EXISTS objects;
		CREATE TABLE IF NOT EXISTS objects.TblPumptimeSetpoints(
			Id INT NOT NULL,
			Prefix VARCHAR(1024),
			SetpointGroupId INT,
			Tag VARCHAR(1024),
			Name VARCHAR(1024),
			Source VARCHAR(1024),
			Value INT,
			Egu VARCHAR(1024),
			RuleName VARCHAR(1024),
			CONSTRAINT TblPumptimeSetpoints_pkey PRIMARY KEY (Id)
		);
			DELETE FROM objects.TblPumptimeSetpoints ;
	
2023-08-07 10:21:07.942 +05 [8416] –û–®–ò–ë–ö–ê:  –æ—Ç–Ω–æ—à–µ–Ω–∏–µ "tblpumptimesetpoints_pkey" —É–∂–µ —Å—É—â–µ—Å—Ç–≤—É–µ—Ç
2023-08-07 10:21:07.942 +05 [8416] –û–ü–ï–†–ê–¢–û–†:  	CREATE SCHEMA IF NOT EXISTS objects;
		CREATE TABLE IF NOT EXISTS objects.TblPumptimeSetpoints(
			Id INT NOT NULL,
			Prefix VARCHAR(1024),
			SetpointGroupId INT,
			Tag VARCHAR(1024),
			Name VARCHAR(1024),
			Source VARCHAR(1024),
			Value INT,
			Egu VARCHAR(1024),
			RuleName VARCHAR(1024),
			CONSTRAINT TblPumptimeSetpoints_pkey PRIMARY KEY (Id)
		);
			DELETE FROM objects.TblPumptimeSetpoints ;
	
2023-08-07 10:21:07.944 +05 [8416] –û–®–ò–ë–ö–ê:  –æ—Ç–Ω–æ—à–µ–Ω–∏–µ "tblpumptimesetpoints_pkey" —É–∂–µ —Å—É—â–µ—Å—Ç–≤—É–µ—Ç
2023-08-07 10:21:07.944 +05 [8416] –û–ü–ï–†–ê–¢–û–†:  	CREATE SCHEMA IF NOT EXISTS objects;
		CREATE TABLE IF NOT EXISTS objects.TblPumptimeSetpoints(
			Id INT NOT NULL,
			Prefix VARCHAR(1024),
			SetpointGroupId INT,
			Tag VARCHAR(1024),
			Name VARCHAR(1024),
			Source VARCHAR(1024),
			Value INT,
			Egu VARCHAR(1024),
			RuleName VARCHAR(1024),
			CONSTRAINT TblPumptimeSetpoints_pkey PRIMARY KEY (Id)
		);
			DELETE FROM objects.TblPumptimeSetpoints ;
	
2023-08-07 10:21:07.947 +05 [8416] –û–®–ò–ë–ö–ê:  –æ—Ç–Ω–æ—à–µ–Ω–∏–µ "tblpumptimesetpoints_pkey" —É–∂–µ —Å—É—â–µ—Å—Ç–≤—É–µ—Ç
2023-08-07 10:21:07.947 +05 [8416] –û–ü–ï–†–ê–¢–û–†:  	CREATE SCHEMA IF NOT EXISTS objects;
		CREATE TABLE IF NOT EXISTS objects.TblPumptimeSetpoints(
			Id INT NOT NULL,
			Prefix VARCHAR(1024),
			SetpointGroupId INT,
			Tag VARCHAR(1024),
			Name VARCHAR(1024),
			Source VARCHAR(1024),
			Value INT,
			Egu VARCHAR(1024),
			RuleName VARCHAR(1024),
			CONSTRAINT TblPumptimeSetpoints_pkey PRIMARY KEY (Id)
		);
			DELETE FROM objects.TblPumptimeSetpoints ;
	
2023-08-07 10:21:07.949 +05 [8416] –û–®–ò–ë–ö–ê:  –æ—Ç–Ω–æ—à–µ–Ω–∏–µ "tblpumptimesetpoints_pkey" —É–∂–µ —Å—É—â–µ—Å—Ç–≤—É–µ—Ç
2023-08-07 10:21:07.949 +05 [8416] –û–ü–ï–†–ê–¢–û–†:  	CREATE SCHEMA IF NOT EXISTS objects;
		CREATE TABLE IF NOT EXISTS objects.TblPumptimeSetpoints(
			Id INT NOT NULL,
			Prefix VARCHAR(1024),
			SetpointGroupId INT,
			Tag VARCHAR(1024),
			Name VARCHAR(1024),
			Source VARCHAR(1024),
			Value INT,
			Egu VARCHAR(1024),
			RuleName VARCHAR(1024),
			CONSTRAINT TblPumptimeSetpoints_pkey PRIMARY KEY (Id)
		);
			DELETE FROM objects.TblPumptimeSetpoints ;
	
2023-08-07 10:21:07.951 +05 [8416] –û–®–ò–ë–ö–ê:  –æ—Ç–Ω–æ—à–µ–Ω–∏–µ "tblpumptimesetpoints_pkey" —É–∂–µ —Å—É—â–µ—Å—Ç–≤—É–µ—Ç
2023-08-07 10:21:07.951 +05 [8416] –û–ü–ï–†–ê–¢–û–†:  	CREATE SCHEMA IF NOT EXISTS objects;
		CREATE TABLE IF NOT EXISTS objects.TblPumptimeSetpoints(
			Id INT NOT NULL,
			Prefix VARCHAR(1024),
			SetpointGroupId INT,
			Tag VARCHAR(1024),
			Name VARCHAR(1024),
			Source VARCHAR(1024),
			Value INT,
			Egu VARCHAR(1024),
			RuleName VARCHAR(1024),
			CONSTRAINT TblPumptimeSetpoints_pkey PRIMARY KEY (Id)
		);
			DELETE FROM objects.TblPumptimeSetpoints ;
	
2023-08-07 10:21:07.954 +05 [8416] –û–®–ò–ë–ö–ê:  –æ—Ç–Ω–æ—à–µ–Ω–∏–µ "tblpumptimesetpoints_pkey" —É–∂–µ —Å—É—â–µ—Å—Ç–≤—É–µ—Ç
2023-08-07 10:21:07.954 +05 [8416] –û–ü–ï–†–ê–¢–û–†:  	CREATE SCHEMA IF NOT EXISTS objects;
		CREATE TABLE IF NOT EXISTS objects.TblPumptimeSetpoints(
			Id INT NOT NULL,
			Prefix VARCHAR(1024),
			SetpointGroupId INT,
			Tag VARCHAR(1024),
			Name VARCHAR(1024),
			Source VARCHAR(1024),
			Value INT,
			Egu VARCHAR(1024),
			RuleName VARCHAR(1024),
			CONSTRAINT TblPumptimeSetpoints_pkey PRIMARY KEY (Id)
		);
			DELETE FROM objects.TblPumptimeSetpoints ;
	
2023-08-07 10:21:07.956 +05 [8416] –û–®–ò–ë–ö–ê:  –æ—Ç–Ω–æ—à–µ–Ω–∏–µ "tblpumptimesetpoints_pkey" —É–∂–µ —Å—É—â–µ—Å—Ç–≤—É–µ—Ç
2023-08-07 10:21:07.956 +05 [8416] –û–ü–ï–†–ê–¢–û–†:  	CREATE SCHEMA IF NOT EXISTS objects;
		CREATE TABLE IF NOT EXISTS objects.TblPumptimeSetpoints(
			Id INT NOT NULL,
			Prefix VARCHAR(1024),
			SetpointGroupId INT,
			Tag VARCHAR(1024),
			Name VARCHAR(1024),
			Source VARCHAR(1024),
			Value INT,
			Egu VARCHAR(1024),
			RuleName VARCHAR(1024),
			CONSTRAINT TblPumptimeSetpoints_pkey PRIMARY KEY (Id)
		);
			DELETE FROM objects.TblPumptimeSetpoints ;
	
2023-08-07 10:21:07.958 +05 [8416] –û–®–ò–ë–ö–ê:  –æ—Ç–Ω–æ—à–µ–Ω–∏–µ "tblpumptimesetpoints_pkey" —É–∂–µ —Å—É—â–µ—Å—Ç–≤—É–µ—Ç
2023-08-07 10:21:07.958 +05 [8416] –û–ü–ï–†–ê–¢–û–†:  	CREATE SCHEMA IF NOT EXISTS objects;
		CREATE TABLE IF NOT EXISTS objects.TblPumptimeSetpoints(
			Id INT NOT NULL,
			Prefix VARCHAR(1024),
			SetpointGroupId INT,
			Tag VARCHAR(1024),
			Name VARCHAR(1024),
			Source VARCHAR(1024),
			Value INT,
			Egu VARCHAR(1024),
			RuleName VARCHAR(1024),
			CONSTRAINT TblPumptimeSetpoints_pkey PRIMARY KEY (Id)
		);
			DELETE FROM objects.TblPumptimeSetpoints ;
	
2023-08-07 10:21:07.960 +05 [8416] –û–®–ò–ë–ö–ê:  –æ—Ç–Ω–æ—à–µ–Ω–∏–µ "tblpumptimesetpoints_pkey" —É–∂–µ —Å—É—â–µ—Å—Ç–≤—É–µ—Ç
2023-08-07 10:21:07.960 +05 [8416] –û–ü–ï–†–ê–¢–û–†:  	CREATE SCHEMA IF NOT EXISTS objects;
		CREATE TABLE IF NOT EXISTS objects.TblPumptimeSetpoints(
			Id INT NOT NULL,
			Prefix VARCHAR(1024),
			SetpointGroupId INT,
			Tag VARCHAR(1024),
			Name VARCHAR(1024),
			Source VARCHAR(1024),
			Value INT,
			Egu VARCHAR(1024),
			RuleName VARCHAR(1024),
			CONSTRAINT TblPumptimeSetpoints_pkey PRIMARY KEY (Id)
		);
			DELETE FROM objects.TblPumptimeSetpoints ;
	
2023-08-07 10:21:07.963 +05 [8416] –û–®–ò–ë–ö–ê:  –æ—Ç–Ω–æ—à–µ–Ω–∏–µ "tblpumptimesetpoints_pkey" —É–∂–µ —Å—É—â–µ—Å—Ç–≤—É–µ—Ç
2023-08-07 10:21:07.963 +05 [8416] –û–ü–ï–†–ê–¢–û–†:  	CREATE SCHEMA IF NOT EXISTS objects;
		CREATE TABLE IF NOT EXISTS objects.TblPumptimeSetpoints(
			Id INT NOT NULL,
			Prefix VARCHAR(1024),
			SetpointGroupId INT,
			Tag VARCHAR(1024),
			Name VARCHAR(1024),
			Source VARCHAR(1024),
			Value INT,
			Egu VARCHAR(1024),
			RuleName VARCHAR(1024),
			CONSTRAINT TblPumptimeSetpoints_pkey PRIMARY KEY (Id)
		);
			DELETE FROM objects.TblPumptimeSetpoints ;
	
2023-08-07 10:21:07.965 +05 [8416] –û–®–ò–ë–ö–ê:  –æ—Ç–Ω–æ—à–µ–Ω–∏–µ "tblpumptimesetpoints_pkey" —É–∂–µ —Å—É—â–µ—Å—Ç–≤—É–µ—Ç
2023-08-07 10:21:07.965 +05 [8416] –û–ü–ï–†–ê–¢–û–†:  	CREATE SCHEMA IF NOT EXISTS objects;
		CREATE TABLE IF NOT EXISTS objects.TblPumptimeSetpoints(
			Id INT NOT NULL,
			Prefix VARCHAR(1024),
			SetpointGroupId INT,
			Tag VARCHAR(1024),
			Name VARCHAR(1024),
			Source VARCHAR(1024),
			Value INT,
			Egu VARCHAR(1024),
			RuleName VARCHAR(1024),
			CONSTRAINT TblPumptimeSetpoints_pkey PRIMARY KEY (Id)
		);
			DELETE FROM objects.TblPumptimeSetpoints ;
	
2023-08-07 10:21:07.968 +05 [8416] –û–®–ò–ë–ö–ê:  –æ—Ç–Ω–æ—à–µ–Ω–∏–µ "tblpumptimesetpoints_pkey" —É–∂–µ —Å—É—â–µ—Å—Ç–≤—É–µ—Ç
2023-08-07 10:21:07.968 +05 [8416] –û–ü–ï–†–ê–¢–û–†:  	CREATE SCHEMA IF NOT EXISTS objects;
		CREATE TABLE IF NOT EXISTS objects.TblPumptimeSetpoints(
			Id INT NOT NULL,
			Prefix VARCHAR(1024),
			SetpointGroupId INT,
			Tag VARCHAR(1024),
			Name VARCHAR(1024),
			Source VARCHAR(1024),
			Value INT,
			Egu VARCHAR(1024),
			RuleName VARCHAR(1024),
			CONSTRAINT TblPumptimeSetpoints_pkey PRIMARY KEY (Id)
		);
			DELETE FROM objects.TblPumptimeSetpoints ;
	
2023-08-07 10:21:07.970 +05 [8416] –û–®–ò–ë–ö–ê:  –æ—Ç–Ω–æ—à–µ–Ω–∏–µ "tblpumptimesetpoints_pkey" —É–∂–µ —Å—É—â–µ—Å—Ç–≤—É–µ—Ç
2023-08-07 10:21:07.970 +05 [8416] –û–ü–ï–†–ê–¢–û–†:  	CREATE SCHEMA IF NOT EXISTS objects;
		CREATE TABLE IF NOT EXISTS objects.TblPumptimeSetpoints(
			Id INT NOT NULL,
			Prefix VARCHAR(1024),
			SetpointGroupId INT,
			Tag VARCHAR(1024),
			Name VARCHAR(1024),
			Source VARCHAR(1024),
			Value INT,
			Egu VARCHAR(1024),
			RuleName VARCHAR(1024),
			CONSTRAINT TblPumptimeSetpoints_pkey PRIMARY KEY (Id)
		);
			DELETE FROM objects.TblPumptimeSetpoints ;
	
2023-08-07 10:21:07.972 +05 [8416] –û–®–ò–ë–ö–ê:  –æ—Ç–Ω–æ—à–µ–Ω–∏–µ "tblpumptimesetpoints_pkey" —É–∂–µ —Å—É—â–µ—Å—Ç–≤—É–µ—Ç
2023-08-07 10:21:07.972 +05 [8416] –û–ü–ï–†–ê–¢–û–†:  	CREATE SCHEMA IF NOT EXISTS objects;
		CREATE TABLE IF NOT EXISTS objects.TblPumptimeSetpoints(
			Id INT NOT NULL,
			Prefix VARCHAR(1024),
			SetpointGroupId INT,
			Tag VARCHAR(1024),
			Name VARCHAR(1024),
			Source VARCHAR(1024),
			Value INT,
			Egu VARCHAR(1024),
			RuleName VARCHAR(1024),
			CONSTRAINT TblPumptimeSetpoints_pkey PRIMARY KEY (Id)
		);
			DELETE FROM objects.TblPumptimeSetpoints ;
	
2023-08-07 10:21:07.975 +05 [8416] –û–®–ò–ë–ö–ê:  –æ—Ç–Ω–æ—à–µ–Ω–∏–µ "tblpumptimesetpoints_pkey" —É–∂–µ —Å—É—â–µ—Å—Ç–≤—É–µ—Ç
2023-08-07 10:21:07.975 +05 [8416] –û–ü–ï–†–ê–¢–û–†:  	CREATE SCHEMA IF NOT EXISTS objects;
		CREATE TABLE IF NOT EXISTS objects.TblPumptimeSetpoints(
			Id INT NOT NULL,
			Prefix VARCHAR(1024),
			SetpointGroupId INT,
			Tag VARCHAR(1024),
			Name VARCHAR(1024),
			Source VARCHAR(1024),
			Value INT,
			Egu VARCHAR(1024),
			RuleName VARCHAR(1024),
			CONSTRAINT TblPumptimeSetpoints_pkey PRIMARY KEY (Id)
		);
			DELETE FROM objects.TblPumptimeSetpoints ;
	
2023-08-07 10:21:07.977 +05 [8416] –û–®–ò–ë–ö–ê:  –æ—Ç–Ω–æ—à–µ–Ω–∏–µ "tblpumptimesetpoints_pkey" —É–∂–µ —Å—É—â–µ—Å—Ç–≤—É–µ—Ç
2023-08-07 10:21:07.977 +05 [8416] –û–ü–ï–†–ê–¢–û–†:  	CREATE SCHEMA IF NOT EXISTS objects;
		CREATE TABLE IF NOT EXISTS objects.TblPumptimeSetpoints(
			Id INT NOT NULL,
			Prefix VARCHAR(1024),
			SetpointGroupId INT,
			Tag VARCHAR(1024),
			Name VARCHAR(1024),
			Source VARCHAR(1024),
			Value INT,
			Egu VARCHAR(1024),
			RuleName VARCHAR(1024),
			CONSTRAINT TblPumptimeSetpoints_pkey PRIMARY KEY (Id)
		);
			DELETE FROM objects.TblPumptimeSetpoints ;
	
2023-08-07 10:21:07.979 +05 [8416] –û–®–ò–ë–ö–ê:  –æ—Ç–Ω–æ—à–µ–Ω–∏–µ "tblpumptimesetpoints_pkey" —É–∂–µ —Å—É—â–µ—Å—Ç–≤—É–µ—Ç
2023-08-07 10:21:07.979 +05 [8416] –û–ü–ï–†–ê–¢–û–†:  	CREATE SCHEMA IF NOT EXISTS objects;
		CREATE TABLE IF NOT EXISTS objects.TblPumptimeSetpoints(
			Id INT NOT NULL,
			Prefix VARCHAR(1024),
			SetpointGroupId INT,
			Tag VARCHAR(1024),
			Name VARCHAR(1024),
			Source VARCHAR(1024),
			Value INT,
			Egu VARCHAR(1024),
			RuleName VARCHAR(1024),
			CONSTRAINT TblPumptimeSetpoints_pkey PRIMARY KEY (Id)
		);
			DELETE FROM objects.TblPumptimeSetpoints ;
	
2023-08-07 10:21:07.986 +05 [8416] –û–®–ò–ë–ö–ê:  –æ—Ç–Ω–æ—à–µ–Ω–∏–µ "tblpumptimesetpoints_pkey" —É–∂–µ —Å—É—â–µ—Å—Ç–≤—É–µ—Ç
2023-08-07 10:21:07.986 +05 [8416] –û–ü–ï–†–ê–¢–û–†:  	CREATE SCHEMA IF NOT EXISTS objects;
		CREATE TABLE IF NOT EXISTS objects.TblPumptimeSetpoints(
			Id INT NOT NULL,
			Prefix VARCHAR(1024),
			SetpointGroupId INT,
			Tag VARCHAR(1024),
			Name VARCHAR(1024),
			Source VARCHAR(1024),
			Value INT,
			Egu VARCHAR(1024),
			RuleName VARCHAR(1024),
			CONSTRAINT TblPumptimeSetpoints_pkey PRIMARY KEY (Id)
		);
			DELETE FROM objects.TblPumptimeSetpoints ;
	
2023-08-07 10:21:07.989 +05 [8416] –û–®–ò–ë–ö–ê:  –æ—Ç–Ω–æ—à–µ–Ω–∏–µ "tblpumptimesetpoints_pkey" —É–∂–µ —Å—É—â–µ—Å—Ç–≤—É–µ—Ç
2023-08-07 10:21:07.989 +05 [8416] –û–ü–ï–†–ê–¢–û–†:  	CREATE SCHEMA IF NOT EXISTS objects;
		CREATE TABLE IF NOT EXISTS objects.TblPumptimeSetpoints(
			Id INT NOT NULL,
			Prefix VARCHAR(1024),
			SetpointGroupId INT,
			Tag VARCHAR(1024),
			Name VARCHAR(1024),
			Source VARCHAR(1024),
			Value INT,
			Egu VARCHAR(1024),
			RuleName VARCHAR(1024),
			CONSTRAINT TblPumptimeSetpoints_pkey PRIMARY KEY (Id)
		);
			DELETE FROM objects.TblPumptimeSetpoints ;
	
2023-08-07 10:21:07.991 +05 [8416] –û–®–ò–ë–ö–ê:  –æ—Ç–Ω–æ—à–µ–Ω–∏–µ "tblpumptimesetpoints_pkey" —É–∂–µ —Å—É—â–µ—Å—Ç–≤—É–µ—Ç
2023-08-07 10:21:07.991 +05 [8416] –û–ü–ï–†–ê–¢–û–†:  	CREATE SCHEMA IF NOT EXISTS objects;
		CREATE TABLE IF NOT EXISTS objects.TblPumptimeSetpoints(
			Id INT NOT NULL,
			Prefix VARCHAR(1024),
			SetpointGroupId INT,
			Tag VARCHAR(1024),
			Name VARCHAR(1024),
			Source VARCHAR(1024),
			Value INT,
			Egu VARCHAR(1024),
			RuleName VARCHAR(1024),
			CONSTRAINT TblPumptimeSetpoints_pkey PRIMARY KEY (Id)
		);
			DELETE FROM objects.TblPumptimeSetpoints ;
	
2023-08-07 10:21:07.993 +05 [8416] –û–®–ò–ë–ö–ê:  –æ—Ç–Ω–æ—à–µ–Ω–∏–µ "tblpumptimesetpoints_pkey" —É–∂–µ —Å—É—â–µ—Å—Ç–≤—É–µ—Ç
2023-08-07 10:21:07.993 +05 [8416] –û–ü–ï–†–ê–¢–û–†:  	CREATE SCHEMA IF NOT EXISTS objects;
		CREATE TABLE IF NOT EXISTS objects.TblPumptimeSetpoints(
			Id INT NOT NULL,
			Prefix VARCHAR(1024),
			SetpointGroupId INT,
			Tag VARCHAR(1024),
			Name VARCHAR(1024),
			Source VARCHAR(1024),
			Value INT,
			Egu VARCHAR(1024),
			RuleName VARCHAR(1024),
			CONSTRAINT TblPumptimeSetpoints_pkey PRIMARY KEY (Id)
		);
			DELETE FROM objects.TblPumptimeSetpoints ;
	
2023-08-07 10:21:07.996 +05 [8416] –û–®–ò–ë–ö–ê:  –æ—Ç–Ω–æ—à–µ–Ω–∏–µ "tblpumptimesetpoints_pkey" —É–∂–µ —Å—É—â–µ—Å—Ç–≤—É–µ—Ç
2023-08-07 10:21:07.996 +05 [8416] –û–ü–ï–†–ê–¢–û–†:  	CREATE SCHEMA IF NOT EXISTS objects;
		CREATE TABLE IF NOT EXISTS objects.TblPumptimeSetpoints(
			Id INT NOT NULL,
			Prefix VARCHAR(1024),
			SetpointGroupId INT,
			Tag VARCHAR(1024),
			Name VARCHAR(1024),
			Source VARCHAR(1024),
			Value INT,
			Egu VARCHAR(1024),
			RuleName VARCHAR(1024),
			CONSTRAINT TblPumptimeSetpoints_pkey PRIMARY KEY (Id)
		);
			DELETE FROM objects.TblPumptimeSetpoints ;
	
2023-08-07 10:21:07.998 +05 [8416] –û–®–ò–ë–ö–ê:  –æ—Ç–Ω–æ—à–µ–Ω–∏–µ "tblpumptimesetpoints_pkey" —É–∂–µ —Å—É—â–µ—Å—Ç–≤—É–µ—Ç
2023-08-07 10:21:07.998 +05 [8416] –û–ü–ï–†–ê–¢–û–†:  	CREATE SCHEMA IF NOT EXISTS objects;
		CREATE TABLE IF NOT EXISTS objects.TblPumptimeSetpoints(
			Id INT NOT NULL,
			Prefix VARCHAR(1024),
			SetpointGroupId INT,
			Tag VARCHAR(1024),
			Name VARCHAR(1024),
			Source VARCHAR(1024),
			Value INT,
			Egu VARCHAR(1024),
			RuleName VARCHAR(1024),
			CONSTRAINT TblPumptimeSetpoints_pkey PRIMARY KEY (Id)
		);
			DELETE FROM objects.TblPumptimeSetpoints ;
	
2023-08-07 10:21:08.000 +05 [8416] –û–®–ò–ë–ö–ê:  –æ—Ç–Ω–æ—à–µ–Ω–∏–µ "tblpumptimesetpoints_pkey" —É–∂–µ —Å—É—â–µ—Å—Ç–≤—É–µ—Ç
2023-08-07 10:21:08.000 +05 [8416] –û–ü–ï–†–ê–¢–û–†:  	CREATE SCHEMA IF NOT EXISTS objects;
		CREATE TABLE IF NOT EXISTS objects.TblPumptimeSetpoints(
			Id INT NOT NULL,
			Prefix VARCHAR(1024),
			SetpointGroupId INT,
			Tag VARCHAR(1024),
			Name VARCHAR(1024),
			Source VARCHAR(1024),
			Value INT,
			Egu VARCHAR(1024),
			RuleName VARCHAR(1024),
			CONSTRAINT TblPumptimeSetpoints_pkey PRIMARY KEY (Id)
		);
			DELETE FROM objects.TblPumptimeSetpoints ;
	
2023-08-07 10:21:08.003 +05 [8416] –û–®–ò–ë–ö–ê:  –æ—Ç–Ω–æ—à–µ–Ω–∏–µ "tblpumptimesetpoints_pkey" —É–∂–µ —Å—É—â–µ—Å—Ç–≤—É–µ—Ç
2023-08-07 10:21:08.003 +05 [8416] –û–ü–ï–†–ê–¢–û–†:  	CREATE SCHEMA IF NOT EXISTS objects;
		CREATE TABLE IF NOT EXISTS objects.TblPumptimeSetpoints(
			Id INT NOT NULL,
			Prefix VARCHAR(1024),
			SetpointGroupId INT,
			Tag VARCHAR(1024),
			Name VARCHAR(1024),
			Source VARCHAR(1024),
			Value INT,
			Egu VARCHAR(1024),
			RuleName VARCHAR(1024),
			CONSTRAINT TblPumptimeSetpoints_pkey PRIMARY KEY (Id)
		);
			DELETE FROM objects.TblPumptimeSetpoints ;
	
2023-08-07 10:21:08.005 +05 [8416] –û–®–ò–ë–ö–ê:  –æ—Ç–Ω–æ—à–µ–Ω–∏–µ "tblpumptimesetpoints_pkey" —É–∂–µ —Å—É—â–µ—Å—Ç–≤—É–µ—Ç
2023-08-07 10:21:08.005 +05 [8416] –û–ü–ï–†–ê–¢–û–†:  	CREATE SCHEMA IF NOT EXISTS objects;
		CREATE TABLE IF NOT EXISTS objects.TblPumptimeSetpoints(
			Id INT NOT NULL,
			Prefix VARCHAR(1024),
			SetpointGroupId INT,
			Tag VARCHAR(1024),
			Name VARCHAR(1024),
			Source VARCHAR(1024),
			Value INT,
			Egu VARCHAR(1024),
			RuleName VARCHAR(1024),
			CONSTRAINT TblPumptimeSetpoints_pkey PRIMARY KEY (Id)
		);
			DELETE FROM objects.TblPumptimeSetpoints ;
	
2023-08-07 10:21:08.007 +05 [8416] –û–®–ò–ë–ö–ê:  –æ—Ç–Ω–æ—à–µ–Ω–∏–µ "tblpumptimesetpoints_pkey" —É–∂–µ —Å—É—â–µ—Å—Ç–≤—É–µ—Ç
2023-08-07 10:21:08.007 +05 [8416] –û–ü–ï–†–ê–¢–û–†:  	CREATE SCHEMA IF NOT EXISTS objects;
		CREATE TABLE IF NOT EXISTS objects.TblPumptimeSetpoints(
			Id INT NOT NULL,
			Prefix VARCHAR(1024),
			SetpointGroupId INT,
			Tag VARCHAR(1024),
			Name VARCHAR(1024),
			Source VARCHAR(1024),
			Value INT,
			Egu VARCHAR(1024),
			RuleName VARCHAR(1024),
			CONSTRAINT TblPumptimeSetpoints_pkey PRIMARY KEY (Id)
		);
			DELETE FROM objects.TblPumptimeSetpoints ;
	
2023-08-07 10:21:08.009 +05 [8416] –û–®–ò–ë–ö–ê:  –æ—Ç–Ω–æ—à–µ–Ω–∏–µ "tblpumptimesetpoints_pkey" —É–∂–µ —Å—É—â–µ—Å—Ç–≤—É–µ—Ç
2023-08-07 10:21:08.009 +05 [8416] –û–ü–ï–†–ê–¢–û–†:  	CREATE SCHEMA IF NOT EXISTS objects;
		CREATE TABLE IF NOT EXISTS objects.TblPumptimeSetpoints(
			Id INT NOT NULL,
			Prefix VARCHAR(1024),
			SetpointGroupId INT,
			Tag VARCHAR(1024),
			Name VARCHAR(1024),
			Source VARCHAR(1024),
			Value INT,
			Egu VARCHAR(1024),
			RuleName VARCHAR(1024),
			CONSTRAINT TblPumptimeSetpoints_pkey PRIMARY KEY (Id)
		);
			DELETE FROM objects.TblPumptimeSetpoints ;
	
2023-08-07 10:21:08.011 +05 [8416] –û–®–ò–ë–ö–ê:  –æ—Ç–Ω–æ—à–µ–Ω–∏–µ "tblpumptimesetpoints_pkey" —É–∂–µ —Å—É—â–µ—Å—Ç–≤—É–µ—Ç
2023-08-07 10:21:08.011 +05 [8416] –û–ü–ï–†–ê–¢–û–†:  	CREATE SCHEMA IF NOT EXISTS objects;
		CREATE TABLE IF NOT EXISTS objects.TblPumptimeSetpoints(
			Id INT NOT NULL,
			Prefix VARCHAR(1024),
			SetpointGroupId INT,
			Tag VARCHAR(1024),
			Name VARCHAR(1024),
			Source VARCHAR(1024),
			Value INT,
			Egu VARCHAR(1024),
			RuleName VARCHAR(1024),
			CONSTRAINT TblPumptimeSetpoints_pkey PRIMARY KEY (Id)
		);
			DELETE FROM objects.TblPumptimeSetpoints ;
	
2023-08-07 10:21:08.014 +05 [8416] –û–®–ò–ë–ö–ê:  –æ—Ç–Ω–æ—à–µ–Ω–∏–µ "tblpumptimesetpoints_pkey" —É–∂–µ —Å—É—â–µ—Å—Ç–≤—É–µ—Ç
2023-08-07 10:21:08.014 +05 [8416] –û–ü–ï–†–ê–¢–û–†:  	CREATE SCHEMA IF NOT EXISTS objects;
		CREATE TABLE IF NOT EXISTS objects.TblPumptimeSetpoints(
			Id INT NOT NULL,
			Prefix VARCHAR(1024),
			SetpointGroupId INT,
			Tag VARCHAR(1024),
			Name VARCHAR(1024),
			Source VARCHAR(1024),
			Value INT,
			Egu VARCHAR(1024),
			RuleName VARCHAR(1024),
			CONSTRAINT TblPumptimeSetpoints_pkey PRIMARY KEY (Id)
		);
			DELETE FROM objects.TblPumptimeSetpoints ;
	
2023-08-07 10:21:08.016 +05 [8416] –û–®–ò–ë–ö–ê:  –æ—Ç–Ω–æ—à–µ–Ω–∏–µ "tblpumptimesetpoints_pkey" —É–∂–µ —Å—É—â–µ—Å—Ç–≤—É–µ—Ç
2023-08-07 10:21:08.016 +05 [8416] –û–ü–ï–†–ê–¢–û–†:  	CREATE SCHEMA IF NOT EXISTS objects;
		CREATE TABLE IF NOT EXISTS objects.TblPumptimeSetpoints(
			Id INT NOT NULL,
			Prefix VARCHAR(1024),
			SetpointGroupId INT,
			Tag VARCHAR(1024),
			Name VARCHAR(1024),
			Source VARCHAR(1024),
			Value INT,
			Egu VARCHAR(1024),
			RuleName VARCHAR(1024),
			CONSTRAINT TblPumptimeSetpoints_pkey PRIMARY KEY (Id)
		);
			DELETE FROM objects.TblPumptimeSetpoints ;
	
2023-08-07 10:21:08.018 +05 [8416] –û–®–ò–ë–ö–ê:  –æ—Ç–Ω–æ—à–µ–Ω–∏–µ "tblpumptimesetpoints_pkey" —É–∂–µ —Å—É—â–µ—Å—Ç–≤—É–µ—Ç
2023-08-07 10:21:08.018 +05 [8416] –û–ü–ï–†–ê–¢–û–†:  	CREATE SCHEMA IF NOT EXISTS objects;
		CREATE TABLE IF NOT EXISTS objects.TblPumptimeSetpoints(
			Id INT NOT NULL,
			Prefix VARCHAR(1024),
			SetpointGroupId INT,
			Tag VARCHAR(1024),
			Name VARCHAR(1024),
			Source VARCHAR(1024),
			Value INT,
			Egu VARCHAR(1024),
			RuleName VARCHAR(1024),
			CONSTRAINT TblPumptimeSetpoints_pkey PRIMARY KEY (Id)
		);
			DELETE FROM objects.TblPumptimeSetpoints ;
	
2023-08-07 10:21:08.021 +05 [8416] –û–®–ò–ë–ö–ê:  –æ—Ç–Ω–æ—à–µ–Ω–∏–µ "tblpumptimesetpoints_pkey" —É–∂–µ —Å—É—â–µ—Å—Ç–≤—É–µ—Ç
2023-08-07 10:21:08.021 +05 [8416] –û–ü–ï–†–ê–¢–û–†:  	CREATE SCHEMA IF NOT EXISTS objects;
		CREATE TABLE IF NOT EXISTS objects.TblPumptimeSetpoints(
			Id INT NOT NULL,
			Prefix VARCHAR(1024),
			SetpointGroupId INT,
			Tag VARCHAR(1024),
			Name VARCHAR(1024),
			Source VARCHAR(1024),
			Value INT,
			Egu VARCHAR(1024),
			RuleName VARCHAR(1024),
			CONSTRAINT TblPumptimeSetpoints_pkey PRIMARY KEY (Id)
		);
			DELETE FROM objects.TblPumptimeSetpoints ;
	
2023-08-07 10:21:08.023 +05 [8416] –û–®–ò–ë–ö–ê:  –æ—Ç–Ω–æ—à–µ–Ω–∏–µ "tblpumptimesetpoints_pkey" —É–∂–µ —Å—É—â–µ—Å—Ç–≤—É–µ—Ç
2023-08-07 10:21:08.023 +05 [8416] –û–ü–ï–†–ê–¢–û–†:  	CREATE SCHEMA IF NOT EXISTS objects;
		CREATE TABLE IF NOT EXISTS objects.TblPumptimeSetpoints(
			Id INT NOT NULL,
			Prefix VARCHAR(1024),
			SetpointGroupId INT,
			Tag VARCHAR(1024),
			Name VARCHAR(1024),
			Source VARCHAR(1024),
			Value INT,
			Egu VARCHAR(1024),
			RuleName VARCHAR(1024),
			CONSTRAINT TblPumptimeSetpoints_pkey PRIMARY KEY (Id)
		);
			DELETE FROM objects.TblPumptimeSetpoints ;
	
2023-08-07 10:21:08.025 +05 [8416] –û–®–ò–ë–ö–ê:  –æ—Ç–Ω–æ—à–µ–Ω–∏–µ "tblpumptimesetpoints_pkey" —É–∂–µ —Å—É—â–µ—Å—Ç–≤—É–µ—Ç
2023-08-07 10:21:08.025 +05 [8416] –û–ü–ï–†–ê–¢–û–†:  	CREATE SCHEMA IF NOT EXISTS objects;
		CREATE TABLE IF NOT EXISTS objects.TblPumptimeSetpoints(
			Id INT NOT NULL,
			Prefix VARCHAR(1024),
			SetpointGroupId INT,
			Tag VARCHAR(1024),
			Name VARCHAR(1024),
			Source VARCHAR(1024),
			Value INT,
			Egu VARCHAR(1024),
			RuleName VARCHAR(1024),
			CONSTRAINT TblPumptimeSetpoints_pkey PRIMARY KEY (Id)
		);
			DELETE FROM objects.TblPumptimeSetpoints ;
	
2023-08-07 10:21:08.027 +05 [8416] –û–®–ò–ë–ö–ê:  –æ—Ç–Ω–æ—à–µ–Ω–∏–µ "tblpumptimesetpoints_pkey" —É–∂–µ —Å—É—â–µ—Å—Ç–≤—É–µ—Ç
2023-08-07 10:21:08.027 +05 [8416] –û–ü–ï–†–ê–¢–û–†:  	CREATE SCHEMA IF NOT EXISTS objects;
		CREATE TABLE IF NOT EXISTS objects.TblPumptimeSetpoints(
			Id INT NOT NULL,
			Prefix VARCHAR(1024),
			SetpointGroupId INT,
			Tag VARCHAR(1024),
			Name VARCHAR(1024),
			Source VARCHAR(1024),
			Value INT,
			Egu VARCHAR(1024),
			RuleName VARCHAR(1024),
			CONSTRAINT TblPumptimeSetpoints_pkey PRIMARY KEY (Id)
		);
			DELETE FROM objects.TblPumptimeSetpoints ;
	
2023-08-07 10:21:08.029 +05 [8416] –û–®–ò–ë–ö–ê:  –æ—Ç–Ω–æ—à–µ–Ω–∏–µ "tblpumptimesetpoints_pkey" —É–∂–µ —Å—É—â–µ—Å—Ç–≤—É–µ—Ç
2023-08-07 10:21:08.029 +05 [8416] –û–ü–ï–†–ê–¢–û–†:  	CREATE SCHEMA IF NOT EXISTS objects;
		CREATE TABLE IF NOT EXISTS objects.TblPumptimeSetpoints(
			Id INT NOT NULL,
			Prefix VARCHAR(1024),
			SetpointGroupId INT,
			Tag VARCHAR(1024),
			Name VARCHAR(1024),
			Source VARCHAR(1024),
			Value INT,
			Egu VARCHAR(1024),
			RuleName VARCHAR(1024),
			CONSTRAINT TblPumptimeSetpoints_pkey PRIMARY KEY (Id)
		);
			DELETE FROM objects.TblPumptimeSetpoints ;
	
2023-08-07 10:21:08.032 +05 [8416] –û–®–ò–ë–ö–ê:  –æ—Ç–Ω–æ—à–µ–Ω–∏–µ "tblpumptimesetpoints_pkey" —É–∂–µ —Å—É—â–µ—Å—Ç–≤—É–µ—Ç
2023-08-07 10:21:08.032 +05 [8416] –û–ü–ï–†–ê–¢–û–†:  	CREATE SCHEMA IF NOT EXISTS objects;
		CREATE TABLE IF NOT EXISTS objects.TblPumptimeSetpoints(
			Id INT NOT NULL,
			Prefix VARCHAR(1024),
			SetpointGroupId INT,
			Tag VARCHAR(1024),
			Name VARCHAR(1024),
			Source VARCHAR(1024),
			Value INT,
			Egu VARCHAR(1024),
			RuleName VARCHAR(1024),
			CONSTRAINT TblPumptimeSetpoints_pkey PRIMARY KEY (Id)
		);
			DELETE FROM objects.TblPumptimeSetpoints ;
	
2023-08-07 10:21:08.034 +05 [8416] –û–®–ò–ë–ö–ê:  –æ—Ç–Ω–æ—à–µ–Ω–∏–µ "tblpumptimesetpoints_pkey" —É–∂–µ —Å—É—â–µ—Å—Ç–≤—É–µ—Ç
2023-08-07 10:21:08.034 +05 [8416] –û–ü–ï–†–ê–¢–û–†:  	CREATE SCHEMA IF NOT EXISTS objects;
		CREATE TABLE IF NOT EXISTS objects.TblPumptimeSetpoints(
			Id INT NOT NULL,
			Prefix VARCHAR(1024),
			SetpointGroupId INT,
			Tag VARCHAR(1024),
			Name VARCHAR(1024),
			Source VARCHAR(1024),
			Value INT,
			Egu VARCHAR(1024),
			RuleName VARCHAR(1024),
			CONSTRAINT TblPumptimeSetpoints_pkey PRIMARY KEY (Id)
		);
			DELETE FROM objects.TblPumptimeSetpoints ;
	
2023-08-07 10:21:08.036 +05 [8416] –û–®–ò–ë–ö–ê:  –æ—Ç–Ω–æ—à–µ–Ω–∏–µ "tblpumptimesetpoints_pkey" —É–∂–µ —Å—É—â–µ—Å—Ç–≤—É–µ—Ç
2023-08-07 10:21:08.036 +05 [8416] –û–ü–ï–†–ê–¢–û–†:  	CREATE SCHEMA IF NOT EXISTS objects;
		CREATE TABLE IF NOT EXISTS objects.TblPumptimeSetpoints(
			Id INT NOT NULL,
			Prefix VARCHAR(1024),
			SetpointGroupId INT,
			Tag VARCHAR(1024),
			Name VARCHAR(1024),
			Source VARCHAR(1024),
			Value INT,
			Egu VARCHAR(1024),
			RuleName VARCHAR(1024),
			CONSTRAINT TblPumptimeSetpoints_pkey PRIMARY KEY (Id)
		);
			DELETE FROM objects.TblPumptimeSetpoints ;
	
2023-08-07 10:21:08.038 +05 [8416] –û–®–ò–ë–ö–ê:  –æ—Ç–Ω–æ—à–µ–Ω–∏–µ "tblpumptimesetpoints_pkey" —É–∂–µ —Å—É—â–µ—Å—Ç–≤—É–µ—Ç
2023-08-07 10:21:08.038 +05 [8416] –û–ü–ï–†–ê–¢–û–†:  	CREATE SCHEMA IF NOT EXISTS objects;
		CREATE TABLE IF NOT EXISTS objects.TblPumptimeSetpoints(
			Id INT NOT NULL,
			Prefix VARCHAR(1024),
			SetpointGroupId INT,
			Tag VARCHAR(1024),
			Name VARCHAR(1024),
			Source VARCHAR(1024),
			Value INT,
			Egu VARCHAR(1024),
			RuleName VARCHAR(1024),
			CONSTRAINT TblPumptimeSetpoints_pkey PRIMARY KEY (Id)
		);
			DELETE FROM objects.TblPumptimeSetpoints ;
	
2023-08-07 10:21:08.040 +05 [8416] –û–®–ò–ë–ö–ê:  –æ—Ç–Ω–æ—à–µ–Ω–∏–µ "tblpumptimesetpoints_pkey" —É–∂–µ —Å—É—â–µ—Å—Ç–≤—É–µ—Ç
2023-08-07 10:21:08.040 +05 [8416] –û–ü–ï–†–ê–¢–û–†:  	CREATE SCHEMA IF NOT EXISTS objects;
		CREATE TABLE IF NOT EXISTS objects.TblPumptimeSetpoints(
			Id INT NOT NULL,
			Prefix VARCHAR(1024),
			SetpointGroupId INT,
			Tag VARCHAR(1024),
			Name VARCHAR(1024),
			Source VARCHAR(1024),
			Value INT,
			Egu VARCHAR(1024),
			RuleName VARCHAR(1024),
			CONSTRAINT TblPumptimeSetpoints_pkey PRIMARY KEY (Id)
		);
			DELETE FROM objects.TblPumptimeSetpoints ;
	
2023-08-07 10:21:08.046 +05 [8416] –û–®–ò–ë–ö–ê:  –æ—Ç–Ω–æ—à–µ–Ω–∏–µ "tblpumptimesetpoints_pkey" —É–∂–µ —Å—É—â–µ—Å—Ç–≤—É–µ—Ç
2023-08-07 10:21:08.046 +05 [8416] –û–ü–ï–†–ê–¢–û–†:  	CREATE SCHEMA IF NOT EXISTS objects;
		CREATE TABLE IF NOT EXISTS objects.TblPumptimeSetpoints(
			Id INT NOT NULL,
			Prefix VARCHAR(1024),
			SetpointGroupId INT,
			Tag VARCHAR(1024),
			Name VARCHAR(1024),
			Source VARCHAR(1024),
			Value INT,
			Egu VARCHAR(1024),
			RuleName VARCHAR(1024),
			CONSTRAINT TblPumptimeSetpoints_pkey PRIMARY KEY (Id)
		);
			DELETE FROM objects.TblPumptimeSetpoints ;
	
2023-08-07 10:21:08.048 +05 [8416] –û–®–ò–ë–ö–ê:  –æ—Ç–Ω–æ—à–µ–Ω–∏–µ "tblpumptimesetpoints_pkey" —É–∂–µ —Å—É—â–µ—Å—Ç–≤—É–µ—Ç
2023-08-07 10:21:08.048 +05 [8416] –û–ü–ï–†–ê–¢–û–†:  	CREATE SCHEMA IF NOT EXISTS objects;
		CREATE TABLE IF NOT EXISTS objects.TblPumptimeSetpoints(
			Id INT NOT NULL,
			Prefix VARCHAR(1024),
			SetpointGroupId INT,
			Tag VARCHAR(1024),
			Name VARCHAR(1024),
			Source VARCHAR(1024),
			Value INT,
			Egu VARCHAR(1024),
			RuleName VARCHAR(1024),
			CONSTRAINT TblPumptimeSetpoints_pkey PRIMARY KEY (Id)
		);
			DELETE FROM objects.TblPumptimeSetpoints ;
	
2023-08-07 10:21:08.050 +05 [8416] –û–®–ò–ë–ö–ê:  –æ—Ç–Ω–æ—à–µ–Ω–∏–µ "tblpumptimesetpoints_pkey" —É–∂–µ —Å—É—â–µ—Å—Ç–≤—É–µ—Ç
2023-08-07 10:21:08.050 +05 [8416] –û–ü–ï–†–ê–¢–û–†:  	CREATE SCHEMA IF NOT EXISTS objects;
		CREATE TABLE IF NOT EXISTS objects.TblPumptimeSetpoints(
			Id INT NOT NULL,
			Prefix VARCHAR(1024),
			SetpointGroupId INT,
			Tag VARCHAR(1024),
			Name VARCHAR(1024),
			Source VARCHAR(1024),
			Value INT,
			Egu VARCHAR(1024),
			RuleName VARCHAR(1024),
			CONSTRAINT TblPumptimeSetpoints_pkey PRIMARY KEY (Id)
		);
			DELETE FROM objects.TblPumptimeSetpoints ;
	
2023-08-07 10:21:08.053 +05 [8416] –û–®–ò–ë–ö–ê:  –æ—Ç–Ω–æ—à–µ–Ω–∏–µ "tblpumptimesetpoints_pkey" —É–∂–µ —Å—É—â–µ—Å—Ç–≤—É–µ—Ç
2023-08-07 10:21:08.053 +05 [8416] –û–ü–ï–†–ê–¢–û–†:  	CREATE SCHEMA IF NOT EXISTS objects;
		CREATE TABLE IF NOT EXISTS objects.TblPumptimeSetpoints(
			Id INT NOT NULL,
			Prefix VARCHAR(1024),
			SetpointGroupId INT,
			Tag VARCHAR(1024),
			Name VARCHAR(1024),
			Source VARCHAR(1024),
			Value INT,
			Egu VARCHAR(1024),
			RuleName VARCHAR(1024),
			CONSTRAINT TblPumptimeSetpoints_pkey PRIMARY KEY (Id)
		);
			DELETE FROM objects.TblPumptimeSetpoints ;
	
2023-08-07 10:21:08.055 +05 [8416] –û–®–ò–ë–ö–ê:  –æ—Ç–Ω–æ—à–µ–Ω–∏–µ "tblpumptimesetpoints_pkey" —É–∂–µ —Å—É—â–µ—Å—Ç–≤—É–µ—Ç
2023-08-07 10:21:08.055 +05 [8416] –û–ü–ï–†–ê–¢–û–†:  	CREATE SCHEMA IF NOT EXISTS objects;
		CREATE TABLE IF NOT EXISTS objects.TblPumptimeSetpoints(
			Id INT NOT NULL,
			Prefix VARCHAR(1024),
			SetpointGroupId INT,
			Tag VARCHAR(1024),
			Name VARCHAR(1024),
			Source VARCHAR(1024),
			Value INT,
			Egu VARCHAR(1024),
			RuleName VARCHAR(1024),
			CONSTRAINT TblPumptimeSetpoints_pkey PRIMARY KEY (Id)
		);
			DELETE FROM objects.TblPumptimeSetpoints ;
	
2023-08-07 10:21:08.057 +05 [8416] –û–®–ò–ë–ö–ê:  –æ—Ç–Ω–æ—à–µ–Ω–∏–µ "tblpumptimesetpoints_pkey" —É–∂–µ —Å—É—â–µ—Å—Ç–≤—É–µ—Ç
2023-08-07 10:21:08.057 +05 [8416] –û–ü–ï–†–ê–¢–û–†:  	CREATE SCHEMA IF NOT EXISTS objects;
		CREATE TABLE IF NOT EXISTS objects.TblPumptimeSetpoints(
			Id INT NOT NULL,
			Prefix VARCHAR(1024),
			SetpointGroupId INT,
			Tag VARCHAR(1024),
			Name VARCHAR(1024),
			Source VARCHAR(1024),
			Value INT,
			Egu VARCHAR(1024),
			RuleName VARCHAR(1024),
			CONSTRAINT TblPumptimeSetpoints_pkey PRIMARY KEY (Id)
		);
			DELETE FROM objects.TblPumptimeSetpoints ;
	
2023-08-07 10:21:08.059 +05 [8416] –û–®–ò–ë–ö–ê:  –æ—Ç–Ω–æ—à–µ–Ω–∏–µ "tblpumptimesetpoints_pkey" —É–∂–µ —Å—É—â–µ—Å—Ç–≤—É–µ—Ç
2023-08-07 10:21:08.059 +05 [8416] –û–ü–ï–†–ê–¢–û–†:  	CREATE SCHEMA IF NOT EXISTS objects;
		CREATE TABLE IF NOT EXISTS objects.TblPumptimeSetpoints(
			Id INT NOT NULL,
			Prefix VARCHAR(1024),
			SetpointGroupId INT,
			Tag VARCHAR(1024),
			Name VARCHAR(1024),
			Source VARCHAR(1024),
			Value INT,
			Egu VARCHAR(1024),
			RuleName VARCHAR(1024),
			CONSTRAINT TblPumptimeSetpoints_pkey PRIMARY KEY (Id)
		);
			DELETE FROM objects.TblPumptimeSetpoints ;
	
2023-08-07 10:21:08.061 +05 [8416] –û–®–ò–ë–ö–ê:  –æ—Ç–Ω–æ—à–µ–Ω–∏–µ "tblpumptimesetpoints_pkey" —É–∂–µ —Å—É—â–µ—Å—Ç–≤—É–µ—Ç
2023-08-07 10:21:08.061 +05 [8416] –û–ü–ï–†–ê–¢–û–†:  	CREATE SCHEMA IF NOT EXISTS objects;
		CREATE TABLE IF NOT EXISTS objects.TblPumptimeSetpoints(
			Id INT NOT NULL,
			Prefix VARCHAR(1024),
			SetpointGroupId INT,
			Tag VARCHAR(1024),
			Name VARCHAR(1024),
			Source VARCHAR(1024),
			Value INT,
			Egu VARCHAR(1024),
			RuleName VARCHAR(1024),
			CONSTRAINT TblPumptimeSetpoints_pkey PRIMARY KEY (Id)
		);
			DELETE FROM objects.TblPumptimeSetpoints ;
	
2023-08-07 10:21:08.064 +05 [8416] –û–®–ò–ë–ö–ê:  –æ—Ç–Ω–æ—à–µ–Ω–∏–µ "tblpumptimesetpoints_pkey" —É–∂–µ —Å—É—â–µ—Å—Ç–≤—É–µ—Ç
2023-08-07 10:21:08.064 +05 [8416] –û–ü–ï–†–ê–¢–û–†:  	CREATE SCHEMA IF NOT EXISTS objects;
		CREATE TABLE IF NOT EXISTS objects.TblPumptimeSetpoints(
			Id INT NOT NULL,
			Prefix VARCHAR(1024),
			SetpointGroupId INT,
			Tag VARCHAR(1024),
			Name VARCHAR(1024),
			Source VARCHAR(1024),
			Value INT,
			Egu VARCHAR(1024),
			RuleName VARCHAR(1024),
			CONSTRAINT TblPumptimeSetpoints_pkey PRIMARY KEY (Id)
		);
			DELETE FROM objects.TblPumptimeSetpoints ;
	
2023-08-07 10:21:08.066 +05 [8416] –û–®–ò–ë–ö–ê:  –æ—Ç–Ω–æ—à–µ–Ω–∏–µ "tblpumptimesetpoints_pkey" —É–∂–µ —Å—É—â–µ—Å—Ç–≤—É–µ—Ç
2023-08-07 10:21:08.066 +05 [8416] –û–ü–ï–†–ê–¢–û–†:  	CREATE SCHEMA IF NOT EXISTS objects;
		CREATE TABLE IF NOT EXISTS objects.TblPumptimeSetpoints(
			Id INT NOT NULL,
			Prefix VARCHAR(1024),
			SetpointGroupId INT,
			Tag VARCHAR(1024),
			Name VARCHAR(1024),
			Source VARCHAR(1024),
			Value INT,
			Egu VARCHAR(1024),
			RuleName VARCHAR(1024),
			CONSTRAINT TblPumptimeSetpoints_pkey PRIMARY KEY (Id)
		);
			DELETE FROM objects.TblPumptimeSetpoints ;
	
2023-08-07 10:21:08.068 +05 [8416] –û–®–ò–ë–ö–ê:  –æ—Ç–Ω–æ—à–µ–Ω–∏–µ "tblpumptimesetpoints_pkey" —É–∂–µ —Å—É—â–µ—Å—Ç–≤—É–µ—Ç
2023-08-07 10:21:08.068 +05 [8416] –û–ü–ï–†–ê–¢–û–†:  	CREATE SCHEMA IF NOT EXISTS objects;
		CREATE TABLE IF NOT EXISTS objects.TblPumptimeSetpoints(
			Id INT NOT NULL,
			Prefix VARCHAR(1024),
			SetpointGroupId INT,
			Tag VARCHAR(1024),
			Name VARCHAR(1024),
			Source VARCHAR(1024),
			Value INT,
			Egu VARCHAR(1024),
			RuleName VARCHAR(1024),
			CONSTRAINT TblPumptimeSetpoints_pkey PRIMARY KEY (Id)
		);
			DELETE FROM objects.TblPumptimeSetpoints ;
	
2023-08-07 10:21:08.070 +05 [8416] –û–®–ò–ë–ö–ê:  –æ—Ç–Ω–æ—à–µ–Ω–∏–µ "tblpumptimesetpoints_pkey" —É–∂–µ —Å—É—â–µ—Å—Ç–≤—É–µ—Ç
2023-08-07 10:21:08.070 +05 [8416] –û–ü–ï–†–ê–¢–û–†:  	CREATE SCHEMA IF NOT EXISTS objects;
		CREATE TABLE IF NOT EXISTS objects.TblPumptimeSetpoints(
			Id INT NOT NULL,
			Prefix VARCHAR(1024),
			SetpointGroupId INT,
			Tag VARCHAR(1024),
			Name VARCHAR(1024),
			Source VARCHAR(1024),
			Value INT,
			Egu VARCHAR(1024),
			RuleName VARCHAR(1024),
			CONSTRAINT TblPumptimeSetpoints_pkey PRIMARY KEY (Id)
		);
			DELETE FROM objects.TblPumptimeSetpoints ;
	
2023-08-07 10:21:08.073 +05 [8416] –û–®–ò–ë–ö–ê:  –æ—Ç–Ω–æ—à–µ–Ω–∏–µ "tblpumptimesetpoints_pkey" —É–∂–µ —Å—É—â–µ—Å—Ç–≤—É–µ—Ç
2023-08-07 10:21:08.073 +05 [8416] –û–ü–ï–†–ê–¢–û–†:  	CREATE SCHEMA IF NOT EXISTS objects;
		CREATE TABLE IF NOT EXISTS objects.TblPumptimeSetpoints(
			Id INT NOT NULL,
			Prefix VARCHAR(1024),
			SetpointGroupId INT,
			Tag VARCHAR(1024),
			Name VARCHAR(1024),
			Source VARCHAR(1024),
			Value INT,
			Egu VARCHAR(1024),
			RuleName VARCHAR(1024),
			CONSTRAINT TblPumptimeSetpoints_pkey PRIMARY KEY (Id)
		);
			DELETE FROM objects.TblPumptimeSetpoints ;
	
2023-08-07 10:21:08.075 +05 [8416] –û–®–ò–ë–ö–ê:  –æ—Ç–Ω–æ—à–µ–Ω–∏–µ "tblpumptimesetpoints_pkey" —É–∂–µ —Å—É—â–µ—Å—Ç–≤—É–µ—Ç
2023-08-07 10:21:08.075 +05 [8416] –û–ü–ï–†–ê–¢–û–†:  	CREATE SCHEMA IF NOT EXISTS objects;
		CREATE TABLE IF NOT EXISTS objects.TblPumptimeSetpoints(
			Id INT NOT NULL,
			Prefix VARCHAR(1024),
			SetpointGroupId INT,
			Tag VARCHAR(1024),
			Name VARCHAR(1024),
			Source VARCHAR(1024),
			Value INT,
			Egu VARCHAR(1024),
			RuleName VARCHAR(1024),
			CONSTRAINT TblPumptimeSetpoints_pkey PRIMARY KEY (Id)
		);
			DELETE FROM objects.TblPumptimeSetpoints ;
	
2023-08-07 10:21:08.077 +05 [8416] –û–®–ò–ë–ö–ê:  –æ—Ç–Ω–æ—à–µ–Ω–∏–µ "tblpumptimesetpoints_pkey" —É–∂–µ —Å—É—â–µ—Å—Ç–≤—É–µ—Ç
2023-08-07 10:21:08.077 +05 [8416] –û–ü–ï–†–ê–¢–û–†:  	CREATE SCHEMA IF NOT EXISTS objects;
		CREATE TABLE IF NOT EXISTS objects.TblPumptimeSetpoints(
			Id INT NOT NULL,
			Prefix VARCHAR(1024),
			SetpointGroupId INT,
			Tag VARCHAR(1024),
			Name VARCHAR(1024),
			Source VARCHAR(1024),
			Value INT,
			Egu VARCHAR(1024),
			RuleName VARCHAR(1024),
			CONSTRAINT TblPumptimeSetpoints_pkey PRIMARY KEY (Id)
		);
			DELETE FROM objects.TblPumptimeSetpoints ;
	
2023-08-07 10:21:08.080 +05 [8416] –û–®–ò–ë–ö–ê:  –æ—Ç–Ω–æ—à–µ–Ω–∏–µ "tblpumptimesetpoints_pkey" —É–∂–µ —Å—É—â–µ—Å—Ç–≤—É–µ—Ç
2023-08-07 10:21:08.080 +05 [8416] –û–ü–ï–†–ê–¢–û–†:  	CREATE SCHEMA IF NOT EXISTS objects;
		CREATE TABLE IF NOT EXISTS objects.TblPumptimeSetpoints(
			Id INT NOT NULL,
			Prefix VARCHAR(1024),
			SetpointGroupId INT,
			Tag VARCHAR(1024),
			Name VARCHAR(1024),
			Source VARCHAR(1024),
			Value INT,
			Egu VARCHAR(1024),
			RuleName VARCHAR(1024),
			CONSTRAINT TblPumptimeSetpoints_pkey PRIMARY KEY (Id)
		);
			DELETE FROM objects.TblPumptimeSetpoints ;
	
2023-08-07 10:21:08.083 +05 [8416] –û–®–ò–ë–ö–ê:  –æ—Ç–Ω–æ—à–µ–Ω–∏–µ "tblpumptimesetpoints_pkey" —É–∂–µ —Å—É—â–µ—Å—Ç–≤—É–µ—Ç
2023-08-07 10:21:08.083 +05 [8416] –û–ü–ï–†–ê–¢–û–†:  	CREATE SCHEMA IF NOT EXISTS objects;
		CREATE TABLE IF NOT EXISTS objects.TblPumptimeSetpoints(
			Id INT NOT NULL,
			Prefix VARCHAR(1024),
			SetpointGroupId INT,
			Tag VARCHAR(1024),
			Name VARCHAR(1024),
			Source VARCHAR(1024),
			Value INT,
			Egu VARCHAR(1024),
			RuleName VARCHAR(1024),
			CONSTRAINT TblPumptimeSetpoints_pkey PRIMARY KEY (Id)
		);
			DELETE FROM objects.TblPumptimeSetpoints ;
	
2023-08-07 10:21:08.085 +05 [8416] –û–®–ò–ë–ö–ê:  –æ—Ç–Ω–æ—à–µ–Ω–∏–µ "tblpumptimesetpoints_pkey" —É–∂–µ —Å—É—â–µ—Å—Ç–≤—É–µ—Ç
2023-08-07 10:21:08.085 +05 [8416] –û–ü–ï–†–ê–¢–û–†:  	CREATE SCHEMA IF NOT EXISTS objects;
		CREATE TABLE IF NOT EXISTS objects.TblPumptimeSetpoints(
			Id INT NOT NULL,
			Prefix VARCHAR(1024),
			SetpointGroupId INT,
			Tag VARCHAR(1024),
			Name VARCHAR(1024),
			Source VARCHAR(1024),
			Value INT,
			Egu VARCHAR(1024),
			RuleName VARCHAR(1024),
			CONSTRAINT TblPumptimeSetpoints_pkey PRIMARY KEY (Id)
		);
			DELETE FROM objects.TblPumptimeSetpoints ;
	
2023-08-07 10:21:08.088 +05 [8416] –û–®–ò–ë–ö–ê:  –æ—Ç–Ω–æ—à–µ–Ω–∏–µ "tblpumptimesetpoints_pkey" —É–∂–µ —Å—É—â–µ—Å—Ç–≤—É–µ—Ç
2023-08-07 10:21:08.088 +05 [8416] –û–ü–ï–†–ê–¢–û–†:  	CREATE SCHEMA IF NOT EXISTS objects;
		CREATE TABLE IF NOT EXISTS objects.TblPumptimeSetpoints(
			Id INT NOT NULL,
			Prefix VARCHAR(1024),
			SetpointGroupId INT,
			Tag VARCHAR(1024),
			Name VARCHAR(1024),
			Source VARCHAR(1024),
			Value INT,
			Egu VARCHAR(1024),
			RuleName VARCHAR(1024),
			CONSTRAINT TblPumptimeSetpoints_pkey PRIMARY KEY (Id)
		);
			DELETE FROM objects.TblPumptimeSetpoints ;
	
2023-08-07 10:21:08.090 +05 [8416] –û–®–ò–ë–ö–ê:  –æ—Ç–Ω–æ—à–µ–Ω–∏–µ "tblpumptimesetpoints_pkey" —É–∂–µ —Å—É—â–µ—Å—Ç–≤—É–µ—Ç
2023-08-07 10:21:08.090 +05 [8416] –û–ü–ï–†–ê–¢–û–†:  	CREATE SCHEMA IF NOT EXISTS objects;
		CREATE TABLE IF NOT EXISTS objects.TblPumptimeSetpoints(
			Id INT NOT NULL,
			Prefix VARCHAR(1024),
			SetpointGroupId INT,
			Tag VARCHAR(1024),
			Name VARCHAR(1024),
			Source VARCHAR(1024),
			Value INT,
			Egu VARCHAR(1024),
			RuleName VARCHAR(1024),
			CONSTRAINT TblPumptimeSetpoints_pkey PRIMARY KEY (Id)
		);
			DELETE FROM objects.TblPumptimeSetpoints ;
	
2023-08-07 10:21:08.092 +05 [8416] –û–®–ò–ë–ö–ê:  –æ—Ç–Ω–æ—à–µ–Ω–∏–µ "tblpumptimesetpoints_pkey" —É–∂–µ —Å—É—â–µ—Å—Ç–≤—É–µ—Ç
2023-08-07 10:21:08.092 +05 [8416] –û–ü–ï–†–ê–¢–û–†:  	CREATE SCHEMA IF NOT EXISTS objects;
		CREATE TABLE IF NOT EXISTS objects.TblPumptimeSetpoints(
			Id INT NOT NULL,
			Prefix VARCHAR(1024),
			SetpointGroupId INT,
			Tag VARCHAR(1024),
			Name VARCHAR(1024),
			Source VARCHAR(1024),
			Value INT,
			Egu VARCHAR(1024),
			RuleName VARCHAR(1024),
			CONSTRAINT TblPumptimeSetpoints_pkey PRIMARY KEY (Id)
		);
			DELETE FROM objects.TblPumptimeSetpoints ;
	
2023-08-07 10:21:08.097 +05 [8416] –û–®–ò–ë–ö–ê:  –æ—Ç–Ω–æ—à–µ–Ω–∏–µ "tblpumptimesetpoints_pkey" —É–∂–µ —Å—É—â–µ—Å—Ç–≤—É–µ—Ç
2023-08-07 10:21:08.097 +05 [8416] –û–ü–ï–†–ê–¢–û–†:  	CREATE SCHEMA IF NOT EXISTS objects;
		CREATE TABLE IF NOT EXISTS objects.TblPumptimeSetpoints(
			Id INT NOT NULL,
			Prefix VARCHAR(1024),
			SetpointGroupId INT,
			Tag VARCHAR(1024),
			Name VARCHAR(1024),
			Source VARCHAR(1024),
			Value INT,
			Egu VARCHAR(1024),
			RuleName VARCHAR(1024),
			CONSTRAINT TblPumptimeSetpoints_pkey PRIMARY KEY (Id)
		);
			DELETE FROM objects.TblPumptimeSetpoints ;
	
2023-08-07 10:21:08.099 +05 [8416] –û–®–ò–ë–ö–ê:  –æ—Ç–Ω–æ—à–µ–Ω–∏–µ "tblpumptimesetpoints_pkey" —É–∂–µ —Å—É—â–µ—Å—Ç–≤—É–µ—Ç
2023-08-07 10:21:08.099 +05 [8416] –û–ü–ï–†–ê–¢–û–†:  	CREATE SCHEMA IF NOT EXISTS objects;
		CREATE TABLE IF NOT EXISTS objects.TblPumptimeSetpoints(
			Id INT NOT NULL,
			Prefix VARCHAR(1024),
			SetpointGroupId INT,
			Tag VARCHAR(1024),
			Name VARCHAR(1024),
			Source VARCHAR(1024),
			Value INT,
			Egu VARCHAR(1024),
			RuleName VARCHAR(1024),
			CONSTRAINT TblPumptimeSetpoints_pkey PRIMARY KEY (Id)
		);
			DELETE FROM objects.TblPumptimeSetpoints ;
	
2023-08-07 10:21:08.102 +05 [8416] –û–®–ò–ë–ö–ê:  –æ—Ç–Ω–æ—à–µ–Ω–∏–µ "tblpumptimesetpoints_pkey" —É–∂–µ —Å—É—â–µ—Å—Ç–≤—É–µ—Ç
2023-08-07 10:21:08.102 +05 [8416] –û–ü–ï–†–ê–¢–û–†:  	CREATE SCHEMA IF NOT EXISTS objects;
		CREATE TABLE IF NOT EXISTS objects.TblPumptimeSetpoints(
			Id INT NOT NULL,
			Prefix VARCHAR(1024),
			SetpointGroupId INT,
			Tag VARCHAR(1024),
			Name VARCHAR(1024),
			Source VARCHAR(1024),
			Value INT,
			Egu VARCHAR(1024),
			RuleName VARCHAR(1024),
			CONSTRAINT TblPumptimeSetpoints_pkey PRIMARY KEY (Id)
		);
			DELETE FROM objects.TblPumptimeSetpoints ;
	
2023-08-07 10:21:08.104 +05 [8416] –û–®–ò–ë–ö–ê:  –æ—Ç–Ω–æ—à–µ–Ω–∏–µ "tblpumptimesetpoints_pkey" —É–∂–µ —Å—É—â–µ—Å—Ç–≤—É–µ—Ç
2023-08-07 10:21:08.104 +05 [8416] –û–ü–ï–†–ê–¢–û–†:  	CREATE SCHEMA IF NOT EXISTS objects;
		CREATE TABLE IF NOT EXISTS objects.TblPumptimeSetpoints(
			Id INT NOT NULL,
			Prefix VARCHAR(1024),
			SetpointGroupId INT,
			Tag VARCHAR(1024),
			Name VARCHAR(1024),
			Source VARCHAR(1024),
			Value INT,
			Egu VARCHAR(1024),
			RuleName VARCHAR(1024),
			CONSTRAINT TblPumptimeSetpoints_pkey PRIMARY KEY (Id)
		);
			DELETE FROM objects.TblPumptimeSetpoints ;
	
2023-08-07 10:22:24.758 +05 [7528] —ŒŒ¡Ÿ≈Õ»≈:  Ì‡˜‡Ú‡ ÍÓÌÚÓÎ¸Ì‡ˇ ÚÓ˜Í‡: time
2023-08-07 10:22:36.768 +05 [7528] —ŒŒ¡Ÿ≈Õ»≈:  ÍÓÌÚÓÎ¸Ì‡ˇ ÚÓ˜Í‡ Á‡‚Â¯ÂÌ‡: Á‡ÔËÒ‡ÌÓ ·ÛÙÂÓ‚: 111 (0.7%); ‰Ó·‡‚ÎÂÌÓ Ù‡ÈÎÓ‚ WAL 0, Û‰‡ÎÂÌÓ: 0, ÔÂÂ‡·ÓÚ‡ÌÓ: 0; Á‡ÔËÒ¸=11.959 ÒÂÍ., ÒËÌı.=0.025 ÒÂÍ., ‚ÒÂ„Ó=12.011 ÒÂÍ.; ÒËÌıÓÌËÁËÓ‚‡ÌÓ_Ù‡ÈÎÓ‚=41, Ò‡Ï‡ˇ_‰ÓÎ„‡ˇ_ÒËÌı.=0.003 ÒÂÍ., ÒÂ‰Ìˇˇ=0.001 ÒÂÍ.; ‡ÒÒÚÓˇÌËÂ=1334 kB, ÓÊË‰‡ÎÓÒ¸=1334 kB
2023-08-07 10:27:24.779 +05 [7528] —ŒŒ¡Ÿ≈Õ»≈:  Ì‡˜‡Ú‡ ÍÓÌÚÓÎ¸Ì‡ˇ ÚÓ˜Í‡: time
2023-08-07 10:27:28.267 +05 [7528] —ŒŒ¡Ÿ≈Õ»≈:  ÍÓÌÚÓÎ¸Ì‡ˇ ÚÓ˜Í‡ Á‡‚Â¯ÂÌ‡: Á‡ÔËÒ‡ÌÓ ·ÛÙÂÓ‚: 33 (0.2%); ‰Ó·‡‚ÎÂÌÓ Ù‡ÈÎÓ‚ WAL 0, Û‰‡ÎÂÌÓ: 0, ÔÂÂ‡·ÓÚ‡ÌÓ: 0; Á‡ÔËÒ¸=3.468 ÒÂÍ., ÒËÌı.=0.015 ÒÂÍ., ‚ÒÂ„Ó=3.488 ÒÂÍ.; ÒËÌıÓÌËÁËÓ‚‡ÌÓ_Ù‡ÈÎÓ‚=15, Ò‡Ï‡ˇ_‰ÓÎ„‡ˇ_ÒËÌı.=0.004 ÒÂÍ., ÒÂ‰Ìˇˇ=0.001 ÒÂÍ.; ‡ÒÒÚÓˇÌËÂ=202 kB, ÓÊË‰‡ÎÓÒ¸=1221 kB
2023-08-07 10:28:27.551 +05 [8412] –û–®–ò–ë–ö–ê:  –±–∞–∑–∞ –¥–∞–Ω–Ω—ã—Ö "asutp" –∑–∞–Ω—è—Ç–∞ –¥—Ä—É–≥–∏–º–∏ –ø–æ–ª—å–∑–æ–≤–∞—Ç–µ–ª—è–º–∏
2023-08-07 10:28:27.551 +05 [8412] –ü–û–î–†–û–ë–ù–û–°–¢–ò:  –≠—Ç–∞ –±–∞–∑–∞ –¥–∞–Ω–Ω—ã—Ö –∏—Å–ø–æ–ª—å–∑—É–µ—Ç—Å—è –µ—â—ë –≤ 2 —Å–µ–∞–Ω—Å–∞—Ö.
2023-08-07 10:28:27.551 +05 [8412] –û–ü–ï–†–ê–¢–û–†:  DROP DATABASE IF EXISTS asutp;
	
2023-08-07 10:28:54.150 +05 [8412] –û–®–ò–ë–ö–ê:  –±–∞–∑–∞ –¥–∞–Ω–Ω—ã—Ö "asutp" –∑–∞–Ω—è—Ç–∞ –¥—Ä—É–≥–∏–º–∏ –ø–æ–ª—å–∑–æ–≤–∞—Ç–µ–ª—è–º–∏
2023-08-07 10:28:54.150 +05 [8412] –ü–û–î–†–û–ë–ù–û–°–¢–ò:  –≠—Ç–∞ –±–∞–∑–∞ –¥–∞–Ω–Ω—ã—Ö –∏—Å–ø–æ–ª—å–∑—É–µ—Ç—Å—è –µ—â—ë –≤ 1 —Å–µ–∞–Ω—Å–µ.
2023-08-07 10:28:54.150 +05 [8412] –û–ü–ï–†–ê–¢–û–†:  DROP DATABASE IF EXISTS asutp;
	
2023-08-07 10:29:09.110 +05 [9516] –û–®–ò–ë–ö–ê:  –±–∞–∑–∞ –¥–∞–Ω–Ω—ã—Ö "asutp" –∑–∞–Ω—è—Ç–∞ –¥—Ä—É–≥–∏–º–∏ –ø–æ–ª—å–∑–æ–≤–∞—Ç–µ–ª—è–º–∏
2023-08-07 10:29:09.110 +05 [9516] –ü–û–î–†–û–ë–ù–û–°–¢–ò:  –≠—Ç–∞ –±–∞–∑–∞ –¥–∞–Ω–Ω—ã—Ö –∏—Å–ø–æ–ª—å–∑—É–µ—Ç—Å—è –µ—â—ë –≤ 1 —Å–µ–∞–Ω—Å–µ.
2023-08-07 10:29:09.110 +05 [9516] –û–ü–ï–†–ê–¢–û–†:  drop database asutp
2023-08-07 10:29:27.414 +05 [7528] —ŒŒ¡Ÿ≈Õ»≈:  Ì‡˜‡Ú‡ ÍÓÌÚÓÎ¸Ì‡ˇ ÚÓ˜Í‡: immediate force wait
2023-08-07 10:29:27.430 +05 [7528] —ŒŒ¡Ÿ≈Õ»≈:  ÍÓÌÚÓÎ¸Ì‡ˇ ÚÓ˜Í‡ Á‡‚Â¯ÂÌ‡: Á‡ÔËÒ‡ÌÓ ·ÛÙÂÓ‚: 21 (0.1%); ‰Ó·‡‚ÎÂÌÓ Ù‡ÈÎÓ‚ WAL 0, Û‰‡ÎÂÌÓ: 0, ÔÂÂ‡·ÓÚ‡ÌÓ: 0; Á‡ÔËÒ¸=0.002 ÒÂÍ., ÒËÌı.=0.010 ÒÂÍ., ‚ÒÂ„Ó=0.017 ÒÂÍ.; ÒËÌıÓÌËÁËÓ‚‡ÌÓ_Ù‡ÈÎÓ‚=11, Ò‡Ï‡ˇ_‰ÓÎ„‡ˇ_ÒËÌı.=0.002 ÒÂÍ., ÒÂ‰Ìˇˇ=0.001 ÒÂÍ.; ‡ÒÒÚÓˇÌËÂ=64 kB, ÓÊË‰‡ÎÓÒ¸=1105 kB
2023-08-07 10:30:49.244 +05 [18484] –û–®–ò–ë–ö–ê:  OID –≤–Ω–µ –¥–∏–∞–ø–∞–∑–æ–Ω–∞
2023-08-07 10:30:49.244 +05 [18484] –û–ü–ï–†–ê–¢–û–†:  select T.oid as object_id,
	                 T.relacl as acl
	          from pg_catalog.pg_class T
	          where relnamespace = $1::oid 
	          union all
	          select T.oid as object_id,
	                 T.proacl as acl
	          from pg_catalog.pg_proc T
	          where pronamespace = $2::oid 
	          union all
	          select T.oid as object_id,
	                 T.typacl as acl
	          from pg_catalog.pg_type T
	          where typnamespace = $3::oid 
	          order by object_id
2023-08-07 10:34:27.431 +05 [7528] —ŒŒ¡Ÿ≈Õ»≈:  Ì‡˜‡Ú‡ ÍÓÌÚÓÎ¸Ì‡ˇ ÚÓ˜Í‡: time
2023-08-07 10:38:57.177 +05 [7528] —ŒŒ¡Ÿ≈Õ»≈:  ÍÓÌÚÓÎ¸Ì‡ˇ ÚÓ˜Í‡ Á‡‚Â¯ÂÌ‡: Á‡ÔËÒ‡ÌÓ ·ÛÙÂÓ‚: 4990 (30.5%); ‰Ó·‡‚ÎÂÌÓ Ù‡ÈÎÓ‚ WAL 0, Û‰‡ÎÂÌÓ: 0, ÔÂÂ‡·ÓÚ‡ÌÓ: 2; Á‡ÔËÒ¸=269.582 ÒÂÍ., ÒËÌı.=0.144 ÒÂÍ., ‚ÒÂ„Ó=269.746 ÒÂÍ.; ÒËÌıÓÌËÁËÓ‚‡ÌÓ_Ù‡ÈÎÓ‚=285, Ò‡Ï‡ˇ_‰ÓÎ„‡ˇ_ÒËÌı.=0.004 ÒÂÍ., ÒÂ‰Ìˇˇ=0.001 ÒÂÍ.; ‡ÒÒÚÓˇÌËÂ=36533 kB, ÓÊË‰‡ÎÓÒ¸=36533 kB
2023-08-07 10:49:27.205 +05 [7528] —ŒŒ¡Ÿ≈Õ»≈:  Ì‡˜‡Ú‡ ÍÓÌÚÓÎ¸Ì‡ˇ ÚÓ˜Í‡: time
2023-08-07 10:49:40.183 +05 [7528] —ŒŒ¡Ÿ≈Õ»≈:  ÍÓÌÚÓÎ¸Ì‡ˇ ÚÓ˜Í‡ Á‡‚Â¯ÂÌ‡: Á‡ÔËÒ‡ÌÓ ·ÛÙÂÓ‚: 119 (0.7%); ‰Ó·‡‚ÎÂÌÓ Ù‡ÈÎÓ‚ WAL 0, Û‰‡ÎÂÌÓ: 0, ÔÂÂ‡·ÓÚ‡ÌÓ: 0; Á‡ÔËÒ¸=12.923 ÒÂÍ., ÒËÌı.=0.045 ÒÂÍ., ‚ÒÂ„Ó=12.978 ÒÂÍ.; ÒËÌıÓÌËÁËÓ‚‡ÌÓ_Ù‡ÈÎÓ‚=68, Ò‡Ï‡ˇ_‰ÓÎ„‡ˇ_ÒËÌı.=0.001 ÒÂÍ., ÒÂ‰Ìˇˇ=0.001 ÒÂÍ.; ‡ÒÒÚÓˇÌËÂ=699 kB, ÓÊË‰‡ÎÓÒ¸=32949 kB
2023-08-07 10:54:27.195 +05 [7528] —ŒŒ¡Ÿ≈Õ»≈:  Ì‡˜‡Ú‡ ÍÓÌÚÓÎ¸Ì‡ˇ ÚÓ˜Í‡: time
2023-08-07 10:54:34.084 +05 [7528] —ŒŒ¡Ÿ≈Õ»≈:  ÍÓÌÚÓÎ¸Ì‡ˇ ÚÓ˜Í‡ Á‡‚Â¯ÂÌ‡: Á‡ÔËÒ‡ÌÓ ·ÛÙÂÓ‚: 64 (0.4%); ‰Ó·‡‚ÎÂÌÓ Ù‡ÈÎÓ‚ WAL 0, Û‰‡ÎÂÌÓ: 0, ÔÂÂ‡·ÓÚ‡ÌÓ: 0; Á‡ÔËÒ¸=6.856 ÒÂÍ., ÒËÌı.=0.024 ÒÂÍ., ‚ÒÂ„Ó=6.890 ÒÂÍ.; ÒËÌıÓÌËÁËÓ‚‡ÌÓ_Ù‡ÈÎÓ‚=31, Ò‡Ï‡ˇ_‰ÓÎ„‡ˇ_ÒËÌı.=0.006 ÒÂÍ., ÒÂ‰Ìˇˇ=0.001 ÒÂÍ.; ‡ÒÒÚÓˇÌËÂ=401 kB, ÓÊË‰‡ÎÓÒ¸=29695 kB
2023-08-07 11:14:27.106 +05 [7528] —ŒŒ¡Ÿ≈Õ»≈:  Ì‡˜‡Ú‡ ÍÓÌÚÓÎ¸Ì‡ˇ ÚÓ˜Í‡: time
2023-08-07 11:14:27.118 +05 [7528] —ŒŒ¡Ÿ≈Õ»≈:  ÍÓÌÚÓÎ¸Ì‡ˇ ÚÓ˜Í‡ Á‡‚Â¯ÂÌ‡: Á‡ÔËÒ‡ÌÓ ·ÛÙÂÓ‚: 1 (0.0%); ‰Ó·‡‚ÎÂÌÓ Ù‡ÈÎÓ‚ WAL 0, Û‰‡ÎÂÌÓ: 0, ÔÂÂ‡·ÓÚ‡ÌÓ: 0; Á‡ÔËÒ¸=0.002 ÒÂÍ., ÒËÌı.=0.002 ÒÂÍ., ‚ÒÂ„Ó=0.013 ÒÂÍ.; ÒËÌıÓÌËÁËÓ‚‡ÌÓ_Ù‡ÈÎÓ‚=1, Ò‡Ï‡ˇ_‰ÓÎ„‡ˇ_ÒËÌı.=0.002 ÒÂÍ., ÒÂ‰Ìˇˇ=0.002 ÒÂÍ.; ‡ÒÒÚÓˇÌËÂ=0 kB, ÓÊË‰‡ÎÓÒ¸=26725 kB
2023-08-07 12:47:15.552 +05 [3628] –°–û–û–ë–©–ï–ù–ò–ï:  –Ω–µ —É–¥–∞–ª–æ—Å—å –ø–æ–ª—É—á–∏—Ç—å –¥–∞–Ω–Ω—ã–µ –æ—Ç –∫–ª–∏–µ–Ω—Ç–∞: An existing connection was forcibly closed by the remote host.
	
2023-08-07 12:47:15.552 +05 [18108] –°–û–û–ë–©–ï–ù–ò–ï:  –Ω–µ —É–¥–∞–ª–æ—Å—å –ø–æ–ª—É—á–∏—Ç—å –¥–∞–Ω–Ω—ã–µ –æ—Ç –∫–ª–∏–µ–Ω—Ç–∞: An existing connection was forcibly closed by the remote host.
	
2023-08-07 12:47:15.553 +05 [8664] –°–û–û–ë–©–ï–ù–ò–ï:  –Ω–µ —É–¥–∞–ª–æ—Å—å –ø–æ–ª—É—á–∏—Ç—å –¥–∞–Ω–Ω—ã–µ –æ—Ç –∫–ª–∏–µ–Ω—Ç–∞: An existing connection was forcibly closed by the remote host.
	
2023-08-07 12:47:15.553 +05 [9060] –°–û–û–ë–©–ï–ù–ò–ï:  –Ω–µ —É–¥–∞–ª–æ—Å—å –ø–æ–ª—É—á–∏—Ç—å –¥–∞–Ω–Ω—ã–µ –æ—Ç –∫–ª–∏–µ–Ω—Ç–∞: An existing connection was forcibly closed by the remote host.
	
2023-08-07 13:12:05.954 +05 [7528] —ŒŒ¡Ÿ≈Õ»≈:  Ì‡˜‡Ú‡ ÍÓÌÚÓÎ¸Ì‡ˇ ÚÓ˜Í‡: time
2023-08-07 13:12:07.175 +05 [7528] —ŒŒ¡Ÿ≈Õ»≈:  ÍÓÌÚÓÎ¸Ì‡ˇ ÚÓ˜Í‡ Á‡‚Â¯ÂÌ‡: Á‡ÔËÒ‡ÌÓ ·ÛÙÂÓ‚: 12 (0.1%); ‰Ó·‡‚ÎÂÌÓ Ù‡ÈÎÓ‚ WAL 0, Û‰‡ÎÂÌÓ: 0, ÔÂÂ‡·ÓÚ‡ÌÓ: 0; Á‡ÔËÒ¸=1.204 ÒÂÍ., ÒËÌı.=0.010 ÒÂÍ., ‚ÒÂ„Ó=1.222 ÒÂÍ.; ÒËÌıÓÌËÁËÓ‚‡ÌÓ_Ù‡ÈÎÓ‚=7, Ò‡Ï‡ˇ_‰ÓÎ„‡ˇ_ÒËÌı.=0.004 ÒÂÍ., ÒÂ‰Ìˇˇ=0.002 ÒÂÍ.; ‡ÒÒÚÓˇÌËÂ=6 kB, ÓÊË‰‡ÎÓÒ¸=24053 kB
2023-08-07 13:12:50.784 +05 [19084] –û–®–ò–ë–ö–ê:  –Ω–µ–≤–µ—Ä–Ω—ã–π —Å–∏–Ω—Ç–∞–∫—Å–∏—Å –¥–ª—è —Ç–∏–ø–∞ double precision: "None" (—Å–∏–º–≤–æ–ª 65)
2023-08-07 13:12:50.784 +05 [19084] –û–ü–ï–†–ê–¢–û–†:  UPDATE umpna_tm
	                           SET "value_real_ust"='None' 
	                           WHERE "id"=7
2023-08-07 13:15:43.375 +05 [15608] –û–®–ò–ë–ö–ê:  –Ω–µ–≤–µ—Ä–Ω—ã–π —Å–∏–Ω—Ç–∞–∫—Å–∏—Å –¥–ª—è —Ç–∏–ø–∞ double precision: "None" (—Å–∏–º–≤–æ–ª 65)
2023-08-07 13:15:43.375 +05 [15608] –û–ü–ï–†–ê–¢–û–†:  UPDATE umpna_tm
	                           SET "value_real_ust"='None' 
	                           WHERE "id"=8
2023-08-07 13:17:05.181 +05 [7528] —ŒŒ¡Ÿ≈Õ»≈:  Ì‡˜‡Ú‡ ÍÓÌÚÓÎ¸Ì‡ˇ ÚÓ˜Í‡: time
2023-08-07 13:17:06.393 +05 [7528] —ŒŒ¡Ÿ≈Õ»≈:  ÍÓÌÚÓÎ¸Ì‡ˇ ÚÓ˜Í‡ Á‡‚Â¯ÂÌ‡: Á‡ÔËÒ‡ÌÓ ·ÛÙÂÓ‚: 12 (0.1%); ‰Ó·‡‚ÎÂÌÓ Ù‡ÈÎÓ‚ WAL 0, Û‰‡ÎÂÌÓ: 0, ÔÂÂ‡·ÓÚ‡ÌÓ: 0; Á‡ÔËÒ¸=1.198 ÒÂÍ., ÒËÌı.=0.008 ÒÂÍ., ‚ÒÂ„Ó=1.213 ÒÂÍ.; ÒËÌıÓÌËÁËÓ‚‡ÌÓ_Ù‡ÈÎÓ‚=8, Ò‡Ï‡ˇ_‰ÓÎ„‡ˇ_ÒËÌı.=0.003 ÒÂÍ., ÒÂ‰Ìˇˇ=0.001 ÒÂÍ.; ‡ÒÒÚÓˇÌËÂ=29 kB, ÓÊË‰‡ÎÓÒ¸=21651 kB
2023-08-07 13:21:47.520 +05 [15060] –°–û–û–ë–©–ï–ù–ò–ï:  –Ω–µ —É–¥–∞–ª–æ—Å—å –ø–æ–ª—É—á–∏—Ç—å –¥–∞–Ω–Ω—ã–µ –æ—Ç –∫–ª–∏–µ–Ω—Ç–∞: An existing connection was forcibly closed by the remote host.
	
2023-08-07 13:21:47.520 +05 [13776] –°–û–û–ë–©–ï–ù–ò–ï:  –Ω–µ —É–¥–∞–ª–æ—Å—å –ø–æ–ª—É—á–∏—Ç—å –¥–∞–Ω–Ω—ã–µ –æ—Ç –∫–ª–∏–µ–Ω—Ç–∞: An existing connection was forcibly closed by the remote host.
	
2023-08-07 13:23:58.179 +05 [5612] –û–®–ò–ë–ö–ê:  –Ω–µ–≤–µ—Ä–Ω—ã–π —Å–∏–Ω—Ç–∞–∫—Å–∏—Å –¥–ª—è —Ç–∏–ø–∞ double precision: "None" (—Å–∏–º–≤–æ–ª 65)
2023-08-07 13:23:58.179 +05 [5612] –û–ü–ï–†–ê–¢–û–†:  UPDATE umpna_tm
	                           SET "value_real_ust"='None' 
	                           WHERE "id"=7
2023-08-07 13:27:05.415 +05 [7528] —ŒŒ¡Ÿ≈Õ»≈:  Ì‡˜‡Ú‡ ÍÓÌÚÓÎ¸Ì‡ˇ ÚÓ˜Í‡: time
2023-08-07 13:27:05.763 +05 [7528] —ŒŒ¡Ÿ≈Õ»≈:  ÍÓÌÚÓÎ¸Ì‡ˇ ÚÓ˜Í‡ Á‡‚Â¯ÂÌ‡: Á‡ÔËÒ‡ÌÓ ·ÛÙÂÓ‚: 5 (0.0%); ‰Ó·‡‚ÎÂÌÓ Ù‡ÈÎÓ‚ WAL 0, Û‰‡ÎÂÌÓ: 0, ÔÂÂ‡·ÓÚ‡ÌÓ: 0; Á‡ÔËÒ¸=0.334 ÒÂÍ., ÒËÌı.=0.004 ÒÂÍ., ‚ÒÂ„Ó=0.349 ÒÂÍ.; ÒËÌıÓÌËÁËÓ‚‡ÌÓ_Ù‡ÈÎÓ‚=3, Ò‡Ï‡ˇ_‰ÓÎ„‡ˇ_ÒËÌı.=0.002 ÒÂÍ., ÒÂ‰Ìˇˇ=0.002 ÒÂÍ.; ‡ÒÒÚÓˇÌËÂ=16 kB, ÓÊË‰‡ÎÓÒ¸=19487 kB
2023-08-07 13:47:30.673 +05 [16820] –°–û–û–ë–©–ï–ù–ò–ï:  –Ω–µ —É–¥–∞–ª–æ—Å—å –ø–æ–ª—É—á–∏—Ç—å –¥–∞–Ω–Ω—ã–µ –æ—Ç –∫–ª–∏–µ–Ω—Ç–∞: An existing connection was forcibly closed by the remote host.
	
2023-08-07 13:47:30.673 +05 [3112] –°–û–û–ë–©–ï–ù–ò–ï:  –Ω–µ —É–¥–∞–ª–æ—Å—å –ø–æ–ª—É—á–∏—Ç—å –¥–∞–Ω–Ω—ã–µ –æ—Ç –∫–ª–∏–µ–Ω—Ç–∞: An existing connection was forcibly closed by the remote host.
	
2023-08-07 13:48:08.100 +05 [7528] —ŒŒ¡Ÿ≈Õ»≈:  Ì‡˜‡Ú‡ ÍÓÌÚÓÎ¸Ì‡ˇ ÚÓ˜Í‡: time
2023-08-07 13:48:08.230 +05 [7528] —ŒŒ¡Ÿ≈Õ»≈:  ÍÓÌÚÓÎ¸Ì‡ˇ ÚÓ˜Í‡ Á‡‚Â¯ÂÌ‡: Á‡ÔËÒ‡ÌÓ ·ÛÙÂÓ‚: 2 (0.0%); ‰Ó·‡‚ÎÂÌÓ Ù‡ÈÎÓ‚ WAL 0, Û‰‡ÎÂÌÓ: 0, ÔÂÂ‡·ÓÚ‡ÌÓ: 0; Á‡ÔËÒ¸=0.116 ÒÂÍ., ÒËÌı.=0.005 ÒÂÍ., ‚ÒÂ„Ó=0.130 ÒÂÍ.; ÒËÌıÓÌËÁËÓ‚‡ÌÓ_Ù‡ÈÎÓ‚=2, Ò‡Ï‡ˇ_‰ÓÎ„‡ˇ_ÒËÌı.=0.004 ÒÂÍ., ÒÂ‰Ìˇˇ=0.002 ÒÂÍ.; ‡ÒÒÚÓˇÌËÂ=8 kB, ÓÊË‰‡ÎÓÒ¸=17539 kB
2023-08-07 13:53:08.238 +05 [7528] —ŒŒ¡Ÿ≈Õ»≈:  Ì‡˜‡Ú‡ ÍÓÌÚÓÎ¸Ì‡ˇ ÚÓ˜Í‡: time
2023-08-07 13:53:08.678 +05 [7528] —ŒŒ¡Ÿ≈Õ»≈:  ÍÓÌÚÓÎ¸Ì‡ˇ ÚÓ˜Í‡ Á‡‚Â¯ÂÌ‡: Á‡ÔËÒ‡ÌÓ ·ÛÙÂÓ‚: 5 (0.0%); ‰Ó·‡‚ÎÂÌÓ Ù‡ÈÎÓ‚ WAL 0, Û‰‡ÎÂÌÓ: 0, ÔÂÂ‡·ÓÚ‡ÌÓ: 0; Á‡ÔËÒ¸=0.428 ÒÂÍ., ÒËÌı.=0.004 ÒÂÍ., ‚ÒÂ„Ó=0.441 ÒÂÍ.; ÒËÌıÓÌËÁËÓ‚‡ÌÓ_Ù‡ÈÎÓ‚=3, Ò‡Ï‡ˇ_‰ÓÎ„‡ˇ_ÒËÌı.=0.003 ÒÂÍ., ÒÂ‰Ìˇˇ=0.002 ÒÂÍ.; ‡ÒÒÚÓˇÌËÂ=20 kB, ÓÊË‰‡ÎÓÒ¸=15787 kB
2023-08-07 14:08:08.706 +05 [7528] —ŒŒ¡Ÿ≈Õ»≈:  Ì‡˜‡Ú‡ ÍÓÌÚÓÎ¸Ì‡ˇ ÚÓ˜Í‡: time
2023-08-07 14:08:14.947 +05 [7528] —ŒŒ¡Ÿ≈Õ»≈:  ÍÓÌÚÓÎ¸Ì‡ˇ ÚÓ˜Í‡ Á‡‚Â¯ÂÌ‡: Á‡ÔËÒ‡ÌÓ ·ÛÙÂÓ‚: 58 (0.4%); ‰Ó·‡‚ÎÂÌÓ Ù‡ÈÎÓ‚ WAL 0, Û‰‡ÎÂÌÓ: 0, ÔÂÂ‡·ÓÚ‡ÌÓ: 0; Á‡ÔËÒ¸=6.208 ÒÂÍ., ÒËÌı.=0.025 ÒÂÍ., ‚ÒÂ„Ó=6.242 ÒÂÍ.; ÒËÌıÓÌËÁËÓ‚‡ÌÓ_Ù‡ÈÎÓ‚=37, Ò‡Ï‡ˇ_‰ÓÎ„‡ˇ_ÒËÌı.=0.004 ÒÂÍ., ÒÂ‰Ìˇˇ=0.001 ÒÂÍ.; ‡ÒÒÚÓˇÌËÂ=273 kB, ÓÊË‰‡ÎÓÒ¸=14236 kB
2023-08-07 14:12:18.304 +05 [8412] –û–®–ò–ë–ö–ê:  –±–∞–∑–∞ –¥–∞–Ω–Ω—ã—Ö "asupt_temp" –∑–∞–Ω—è—Ç–∞ –¥—Ä—É–≥–∏–º–∏ –ø–æ–ª—å–∑–æ–≤–∞—Ç–µ–ª—è–º–∏
2023-08-07 14:12:18.304 +05 [8412] –ü–û–î–†–û–ë–ù–û–°–¢–ò:  –≠—Ç–∞ –±–∞–∑–∞ –¥–∞–Ω–Ω—ã—Ö –∏—Å–ø–æ–ª—å–∑—É–µ—Ç—Å—è –µ—â—ë –≤ 1 —Å–µ–∞–Ω—Å–µ.
2023-08-07 14:12:18.304 +05 [8412] –û–ü–ï–†–ê–¢–û–†:  DROP DATABASE IF EXISTS asupt_temp;
	
2023-08-07 14:12:28.532 +05 [8412] –û–®–ò–ë–ö–ê:  –±–∞–∑–∞ –¥–∞–Ω–Ω—ã—Ö "asupt_temp" –∑–∞–Ω—è—Ç–∞ –¥—Ä—É–≥–∏–º–∏ –ø–æ–ª—å–∑–æ–≤–∞—Ç–µ–ª—è–º–∏
2023-08-07 14:12:28.532 +05 [8412] –ü–û–î–†–û–ë–ù–û–°–¢–ò:  –≠—Ç–∞ –±–∞–∑–∞ –¥–∞–Ω–Ω—ã—Ö –∏—Å–ø–æ–ª—å–∑—É–µ—Ç—Å—è –µ—â—ë –≤ 1 —Å–µ–∞–Ω—Å–µ.
2023-08-07 14:12:28.532 +05 [8412] –û–ü–ï–†–ê–¢–û–†:  DROP DATABASE IF EXISTS asupt_temp;
	
2023-08-07 14:12:34.053 +05 [7528] —ŒŒ¡Ÿ≈Õ»≈:  Ì‡˜‡Ú‡ ÍÓÌÚÓÎ¸Ì‡ˇ ÚÓ˜Í‡: immediate force wait
2023-08-07 14:12:34.061 +05 [7528] —ŒŒ¡Ÿ≈Õ»≈:  ÍÓÌÚÓÎ¸Ì‡ˇ ÚÓ˜Í‡ Á‡‚Â¯ÂÌ‡: Á‡ÔËÒ‡ÌÓ ·ÛÙÂÓ‚: 1 (0.0%); ‰Ó·‡‚ÎÂÌÓ Ù‡ÈÎÓ‚ WAL 0, Û‰‡ÎÂÌÓ: 0, ÔÂÂ‡·ÓÚ‡ÌÓ: 0; Á‡ÔËÒ¸=0.001 ÒÂÍ., ÒËÌı.=0.002 ÒÂÍ., ‚ÒÂ„Ó=0.009 ÒÂÍ.; ÒËÌıÓÌËÁËÓ‚‡ÌÓ_Ù‡ÈÎÓ‚=1, Ò‡Ï‡ˇ_‰ÓÎ„‡ˇ_ÒËÌı.=0.001 ÒÂÍ., ÒÂ‰Ìˇˇ=0.001 ÒÂÍ.; ‡ÒÒÚÓˇÌËÂ=2 kB, ÓÊË‰‡ÎÓÒ¸=12813 kB
2023-08-07 14:13:43.914 +05 [13656] –û–®–ò–ë–ö–ê:  –Ω–µ–≤–µ—Ä–Ω—ã–π —Å–∏–Ω—Ç–∞–∫—Å–∏—Å –¥–ª—è —Ç–∏–ø–∞ integer: "countsErrDiag[1]" (—Å–∏–º–≤–æ–ª 930)
2023-08-07 14:13:43.914 +05 [13656] –û–ü–ï–†–ê–¢–û–†:  INSERT INTO "hardware" ("variable", "tag", "uso", "basket", "powerLink_ID", "Pic", "type_0", "variable_0", "type_1", "variable_1", "type_2", "variable_2", "type_3", "variable_3", "type_4", "variable_4", "type_5", "variable_5", "type_6", "variable_6", "type_7", "variable_7", "type_8", "variable_8", "type_9", "variable_9", "type_10", "variable_10", "type_11", "variable_11", "type_12", "variable_12", "type_13", "variable_13", "type_14", "variable_14", "type_15", "variable_15", "type_16", "variable_16", "type_17", "variable_17", "type_18", "variable_18", "type_19", "variable_19", "type_20", "variable_20", "type_21", "variable_21", "type_22", "variable_22", "type_23", "variable_23", "type_24", "variable_24", "type_25", "variable_25", "type_26", "variable_26", "type_27", "variable_27", "type_28", "variable_28", "type_29", "variable_29", "type_30", "variable_30", "type_31", "variable_31", "type_32", "variable_32") VALUES ('countsErrDiag[1]', '', '–ü–¢.–ö–¶', 1, '', '', 'MK-550-024', 'PSU', 'MK-546-010', 'MN;3', 'MK-504-120', 'CPU;7', '', '', '', '', '', '', '', '', '', '', '', '', '', '', '', '', '', '', '', '', '', '', '', '', '', '', '', '', '', '', '', '', '', '', '', '', '', '', '', '', '', '', '', '', '', '', '', '', '', '', '', '', '', '', '', '', '', '', '', ''), ('countsErrDiag[2]', '', '–ü–¢.–ö–¶', 2, '', '', 'MK-550-024', 'PSU', 'MK-546-010', 'MN;3', 'MK-504-120', 'CPU;7', '', '', '', '', '', '', '', '', '', '', '', '', '', '', '', '', '', '', '', '', '', '', '', '', '', '', '', '', '', '', '', '', '', '', '', '', '', '', '', '', '', '', '', '', '', '', '', '', '', '', '', '', '', '', '', '', '', '', '', ''), ('countsErrDiag[]', '', '–ü–¢.–ö–¶', 3, '1', NULL, 'MK-550-024', 'PSU', 'MK-545-010', 'CN;3', 'MK-516-008A', 'AI[1]', 'MK-521-032', 'DI[1]', 'MK-541-002', 'RS[1];3', NULL, NULL, NULL, NULL, NULL, NULL, NULL, NULL, NULL, NULL, NULL, NULL, NULL, NULL, NULL, NULL, NULL, NULL, NULL, NULL, NULL, NULL, NULL, NULL, NULL, NULL, NULL, NULL, NULL, NULL, NULL, NULL, NULL, NULL, NULL, NULL, NULL, NULL, NULL, NULL, NULL, NULL, NULL, NULL, NULL, NULL, NULL, NULL, NULL, NULL, NULL, NULL, NULL, NULL, NULL, NULL), ('countsErrDiag[]', '', '–ü–¢.–£–°–û.1', 1, '2', NULL, 'MK-550-024', 'PSU', 'MK-545-010', 'CN;3', 'MK-516-008A', 'AI[2]', 'MK-516-008A', 'AI[3]', 'MK-516-008A', 'AI[4]', 'MK-516-008A', 'AI[5]', 'MK-521-032', 'DI[2]', 'MK-531-032', 'DO[1]', 'MK-541-002', 'RS[2];3', 'MK-541-002', 'RS[3];3', NULL, NULL, NULL, NULL, NULL, NULL, NULL, NULL, NULL, NULL, NULL, NULL, NULL, NULL, NULL, NULL, NULL, NULL, NULL, NULL, NULL, NULL, NULL, NULL, NULL, NULL, NULL, NULL, NULL, NULL, NULL, NULL, NULL, NULL, NULL, NULL, NULL, NULL, NULL, NULL, NULL, NULL, NULL, NULL, NULL, NULL), ('countsErrDiag[]', '', '–ü–¢.–£–°–û.1', 2, '3', NULL, 'MK-550-024', 'PSU', 'MK-545-010', 'CN;3', 'MK-516-008A', 'AI[6]', 'MK-516-008A', 'AI[7]', 'MK-516-008A', 'AI[8]', 'MK-521-032', 'DI[3]', 'MK-531-032', 'DO[2]', 'MK-541-002', 'RS[4];3', 'MK-541-002', 'RS[5];3', NULL, NULL, NULL, NULL, NULL, NULL, NULL, NULL, NULL, NULL, NULL, NULL, NULL, NULL, NULL, NULL, NULL, NULL, NULL, NULL, NULL, NULL, NULL, NULL, NULL, NULL, NULL, NULL, NULL, NULL, NULL, NULL, NULL, NULL, NULL, NULL, NULL, NULL, NULL, NULL, NULL, NULL, NULL, NULL, NULL, NULL, NULL, NULL), ('countsErrDiag[]', '', '–ü–¢.–£–°–û.2', 1, '4', NULL, 'MK-550-024', 'PSU', 'MK-545-010', 'CN;3', 'MK-516-008A', 'AI[9]', 'MK-516-008A', 'AI[10]', 'MK-516-008A', 'AI[11]', 'MK-516-008A', 'AI[12]', 'MK-521-032', 'DI[4]', 'MK-521-032', 'DI[5]', 'MK-521-032', 'DI[6]', 'MK-531-032', 'DO[3]', NULL, NULL, 'MK-541-002', 'RS[6];3', NULL, NULL, NULL, NULL, NULL, NULL, NULL, NULL, NULL, NULL, NULL, NULL, NULL, NULL, NULL, NULL, NULL, NULL, NULL, NULL, NULL, NULL, NULL, NULL, NULL, NULL, NULL, NULL, NULL, NULL, NULL, NULL, NULL, NULL, NULL, NULL, NULL, NULL, NULL, NULL, NULL, NULL), ('countsErrDiag[]', '', '–ü–¢.–£–°–û.2', 2, '5', NULL, 'MK-550-024', 'PSU', 'MK-545-010', 'CN;3', 'MK-516-008A', 'AI[13]', 'MK-516-008A', 'AI[14]', 'MK-516-008A', 'AI[15]', 'MK-516-008A', 'AI[16]', 'MK-521-032', 'DI[7]', 'MK-521-032', 'DI[8]', 'MK-521-032', 'DI[9]', 'MK-531-032', 'DO[4]', 'MK-531-032', 'DO[5]', 'MK-541-002', 'RS[7];3', NULL, NULL, NULL, NULL, NULL, NULL, NULL, NULL, NULL, NULL, NULL, NULL, NULL, NULL, NULL, NULL, NULL, NULL, NULL, NULL, NULL, NULL, NULL, NULL, NULL, NULL, NULL, NULL, NULL, NULL, NULL, NULL, NULL, NULL, NULL, NULL, NULL, NULL, NULL, NULL, NULL, NULL) RETURNING "hardware"."id"
2023-08-07 14:17:34.071 +05 [7528] —ŒŒ¡Ÿ≈Õ»≈:  Ì‡˜‡Ú‡ ÍÓÌÚÓÎ¸Ì‡ˇ ÚÓ˜Í‡: time
2023-08-07 14:19:36.822 +05 [7528] —ŒŒ¡Ÿ≈Õ»≈:  ÍÓÌÚÓÎ¸Ì‡ˇ ÚÓ˜Í‡ Á‡‚Â¯ÂÌ‡: Á‡ÔËÒ‡ÌÓ ·ÛÙÂÓ‚: 1123 (6.9%); ‰Ó·‡‚ÎÂÌÓ Ù‡ÈÎÓ‚ WAL 0, Û‰‡ÎÂÌÓ: 0, ÔÂÂ‡·ÓÚ‡ÌÓ: 1; Á‡ÔËÒ¸=122.532 ÒÂÍ., ÒËÌı.=0.209 ÒÂÍ., ‚ÒÂ„Ó=122.751 ÒÂÍ.; ÒËÌıÓÌËÁËÓ‚‡ÌÓ_Ù‡ÈÎÓ‚=335, Ò‡Ï‡ˇ_‰ÓÎ„‡ˇ_ÒËÌı.=0.003 ÒÂÍ., ÒÂ‰Ìˇˇ=0.001 ÒÂÍ.; ‡ÒÒÚÓˇÌËÂ=5781 kB, ÓÊË‰‡ÎÓÒ¸=12109 kB
2023-08-07 14:22:34.842 +05 [7528] —ŒŒ¡Ÿ≈Õ»≈:  Ì‡˜‡Ú‡ ÍÓÌÚÓÎ¸Ì‡ˇ ÚÓ˜Í‡: time
2023-08-07 14:22:40.956 +05 [7528] —ŒŒ¡Ÿ≈Õ»≈:  ÍÓÌÚÓÎ¸Ì‡ˇ ÚÓ˜Í‡ Á‡‚Â¯ÂÌ‡: Á‡ÔËÒ‡ÌÓ ·ÛÙÂÓ‚: 57 (0.3%); ‰Ó·‡‚ÎÂÌÓ Ù‡ÈÎÓ‚ WAL 0, Û‰‡ÎÂÌÓ: 0, ÔÂÂ‡·ÓÚ‡ÌÓ: 0; Á‡ÔËÒ¸=6.089 ÒÂÍ., ÒËÌı.=0.018 ÒÂÍ., ‚ÒÂ„Ó=6.114 ÒÂÍ.; ÒËÌıÓÌËÁËÓ‚‡ÌÓ_Ù‡ÈÎÓ‚=19, Ò‡Ï‡ˇ_‰ÓÎ„‡ˇ_ÒËÌı.=0.004 ÒÂÍ., ÒÂ‰Ìˇˇ=0.001 ÒÂÍ.; ‡ÒÒÚÓˇÌËÂ=583 kB, ÓÊË‰‡ÎÓÒ¸=10957 kB
