2023-07-06 19:14:52.165 +05 [7864] СООБЩЕНИЕ:  работа системы БД была прервана; последний момент работы: 2023-07-06 15:39:03 +05
2023-07-06 19:14:52.851 +05 [7864] СООБЩЕНИЕ:  система БД была остановлена нештатно; производится автоматическое восстановление
2023-07-06 19:14:52.857 +05 [7864] СООБЩЕНИЕ:  запись REDO начинается со смещения 0/210BAB60
2023-07-06 19:14:52.858 +05 [7864] СООБЩЕНИЕ:  неверная длина записи по смещению 0/210BAC48: ожидалось 24, получено 0
2023-07-06 19:14:52.858 +05 [7864] СООБЩЕНИЕ:  записи REDO обработаны до смещения 0/210BAC10, нагрузка системы: CPU: пользов.: 0.00 с, система: 0.00 с, прошло: 0.00 с
2023-07-06 19:14:52.866 +05 [7844] СООБЩЕНИЕ:  начата контрольная точка: end-of-recovery immediate wait
2023-07-06 19:14:52.875 +05 [7844] СООБЩЕНИЕ:  контрольная точка завершена: записано буферов: 3 (0.0%); добавлено файлов WAL 0, удалено: 0, переработано: 0; запись=0.002 сек., синхр.=0.002 сек., всего=0.011 сек.; синхронизировано_файлов=2, самая_долгая_синхр.=0.001 сек., средняя=0.001 сек.; расстояние=0 kB, ожидалось=0 kB
2023-07-06 20:02:30.939 +05 [8444] РЎРћРћР‘Р©Р•РќРР•:  РЅРµ СѓРґР°Р»РѕСЃСЊ РїРѕР»СѓС‡РёС‚СЊ РґР°РЅРЅС‹Рµ РѕС‚ РєР»РёРµРЅС‚Р°: An existing connection was forcibly closed by the remote host.
	
2023-07-06 20:07:42.575 +05 [11452] РЎРћРћР‘Р©Р•РќРР•:  РЅРµ СѓРґР°Р»РѕСЃСЊ РїРѕР»СѓС‡РёС‚СЊ РґР°РЅРЅС‹Рµ РѕС‚ РєР»РёРµРЅС‚Р°: An existing connection was forcibly closed by the remote host.
	
2023-07-06 20:09:50.057 +05 [12444] РЎРћРћР‘Р©Р•РќРР•:  РЅРµ СѓРґР°Р»РѕСЃСЊ РїРѕР»СѓС‡РёС‚СЊ РґР°РЅРЅС‹Рµ РѕС‚ РєР»РёРµРЅС‚Р°: An existing connection was forcibly closed by the remote host.
	
2023-07-06 20:14:52.948 +05 [7844] СООБЩЕНИЕ:  начата контрольная точка: time
2023-07-06 20:14:53.071 +05 [7844] СООБЩЕНИЕ:  контрольная точка завершена: записано буферов: 2 (0.0%); добавлено файлов WAL 0, удалено: 0, переработано: 0; запись=0.108 сек., синхр.=0.005 сек., всего=0.124 сек.; синхронизировано_файлов=2, самая_долгая_синхр.=0.004 сек., средняя=0.003 сек.; расстояние=8 kB, ожидалось=8 kB
2023-07-06 20:18:09.532 +05 [10796] РЎРћРћР‘Р©Р•РќРР•:  РЅРµ СѓРґР°Р»РѕСЃСЊ РїРѕР»СѓС‡РёС‚СЊ РґР°РЅРЅС‹Рµ РѕС‚ РєР»РёРµРЅС‚Р°: An existing connection was forcibly closed by the remote host.
	
2023-07-06 20:19:16.972 +05 [11720] РЎРћРћР‘Р©Р•РќРР•:  РЅРµ СѓРґР°Р»РѕСЃСЊ РїРѕР»СѓС‡РёС‚СЊ РґР°РЅРЅС‹Рµ РѕС‚ РєР»РёРµРЅС‚Р°: An existing connection was forcibly closed by the remote host.
	
2023-07-06 20:25:16.290 +05 [3056] РЎРћРћР‘Р©Р•РќРР•:  РЅРµ СѓРґР°Р»РѕСЃСЊ РїРѕР»СѓС‡РёС‚СЊ РґР°РЅРЅС‹Рµ РѕС‚ РєР»РёРµРЅС‚Р°: An existing connection was forcibly closed by the remote host.
	
2023-07-06 20:27:54.300 +05 [11204] РЎРћРћР‘Р©Р•РќРР•:  РЅРµ СѓРґР°Р»РѕСЃСЊ РїРѕР»СѓС‡РёС‚СЊ РґР°РЅРЅС‹Рµ РѕС‚ РєР»РёРµРЅС‚Р°: An existing connection was forcibly closed by the remote host.
	
2023-07-06 20:29:52.113 +05 [7844] СООБЩЕНИЕ:  начата контрольная точка: time
2023-07-06 20:29:52.250 +05 [7844] СООБЩЕНИЕ:  контрольная точка завершена: записано буферов: 2 (0.0%); добавлено файлов WAL 0, удалено: 0, переработано: 0; запись=0.123 сек., синхр.=0.005 сек., всего=0.138 сек.; синхронизировано_файлов=2, самая_долгая_синхр.=0.004 сек., средняя=0.003 сек.; расстояние=8 kB, ожидалось=8 kB
2023-07-06 20:34:52.266 +05 [7844] СООБЩЕНИЕ:  начата контрольная точка: time
2023-07-06 20:34:52.497 +05 [7844] СООБЩЕНИЕ:  контрольная точка завершена: записано буферов: 3 (0.0%); добавлено файлов WAL 0, удалено: 0, переработано: 0; запись=0.218 сек., синхр.=0.005 сек., всего=0.233 сек.; синхронизировано_файлов=2, самая_долгая_синхр.=0.004 сек., средняя=0.003 сек.; расстояние=17 kB, ожидалось=17 kB
2023-07-06 20:39:36.163 +05 [14188] РЎРћРћР‘Р©Р•РќРР•:  РЅРµ СѓРґР°Р»РѕСЃСЊ РїРѕР»СѓС‡РёС‚СЊ РґР°РЅРЅС‹Рµ РѕС‚ РєР»РёРµРЅС‚Р°: An existing connection was forcibly closed by the remote host.
	
2023-07-06 20:39:52.494 +05 [7844] СООБЩЕНИЕ:  начата контрольная точка: time
2023-07-06 20:39:52.619 +05 [7844] СООБЩЕНИЕ:  контрольная точка завершена: записано буферов: 1 (0.0%); добавлено файлов WAL 0, удалено: 0, переработано: 0; запись=0.113 сек., синхр.=0.004 сек., всего=0.126 сек.; синхронизировано_файлов=1, самая_долгая_синхр.=0.004 сек., средняя=0.004 сек.; расстояние=7 kB, ожидалось=16 kB
2023-07-06 20:43:26.406 +05 [1644] РЎРћРћР‘Р©Р•РќРР•:  РЅРµ СѓРґР°Р»РѕСЃСЊ РїРѕР»СѓС‡РёС‚СЊ РґР°РЅРЅС‹Рµ РѕС‚ РєР»РёРµРЅС‚Р°: An existing connection was forcibly closed by the remote host.
	
2023-07-06 20:44:52.616 +05 [7844] СООБЩЕНИЕ:  начата контрольная точка: time
2023-07-06 20:44:52.741 +05 [7844] СООБЩЕНИЕ:  контрольная точка завершена: записано буферов: 2 (0.0%); добавлено файлов WAL 0, удалено: 0, переработано: 0; запись=0.111 сек., синхр.=0.005 сек., всего=0.125 сек.; синхронизировано_файлов=2, самая_долгая_синхр.=0.004 сек., средняя=0.003 сек.; расстояние=8 kB, ожидалось=15 kB
2023-07-06 20:54:52.755 +05 [7844] СООБЩЕНИЕ:  начата контрольная точка: time
2023-07-06 20:54:52.862 +05 [7844] СООБЩЕНИЕ:  контрольная точка завершена: записано буферов: 2 (0.0%); добавлено файлов WAL 0, удалено: 0, переработано: 0; запись=0.100 сек., синхр.=0.002 сек., всего=0.108 сек.; синхронизировано_файлов=2, самая_долгая_синхр.=0.001 сек., средняя=0.001 сек.; расстояние=8 kB, ожидалось=14 kB
2023-07-06 21:04:52.891 +05 [7844] СООБЩЕНИЕ:  начата контрольная точка: time
2023-07-06 21:04:53.005 +05 [7844] СООБЩЕНИЕ:  контрольная точка завершена: записано буферов: 1 (0.0%); добавлено файлов WAL 0, удалено: 0, переработано: 0; запись=0.104 сек., синхр.=0.004 сек., всего=0.115 сек.; синхронизировано_файлов=1, самая_долгая_синхр.=0.003 сек., средняя=0.003 сек.; расстояние=7 kB, ожидалось=14 kB
2023-07-07 09:51:27.509 +05 [14964] РћРЁРР‘РљРђ:  СЃС‚РѕР»Р±РµС† "tag" РЅРµ СЃСѓС‰РµСЃС‚РІСѓРµС‚ (СЃРёРјРІРѕР» 12)
2023-07-07 09:51:27.509 +05 [14964] РћРџР•Р РђРўРћР :  SELECT id, tag, name FROM "vs" ORDER BY id
2023-07-07 09:52:36.602 +05 [14964] РћРЁРР‘РљРђ:  СЃС‚РѕР»Р±РµС† "tag" РЅРµ СЃСѓС‰РµСЃС‚РІСѓРµС‚ (СЃРёРјРІРѕР» 12)
2023-07-07 09:52:36.602 +05 [14964] РћРџР•Р РђРўРћР :  SELECT id, tag, name FROM "vs" ORDER BY id
2023-07-07 09:52:39.730 +05 [14964] РћРЁРР‘РљРђ:  СЃС‚РѕР»Р±РµС† "tag" РЅРµ СЃСѓС‰РµСЃС‚РІСѓРµС‚ (СЃРёРјРІРѕР» 12)
2023-07-07 09:52:39.730 +05 [14964] РћРџР•Р РђРўРћР :  SELECT id, tag, name FROM "vs" ORDER BY id
2023-07-07 09:52:40.746 +05 [14964] РћРЁРР‘РљРђ:  СЃС‚РѕР»Р±РµС† "tag" РЅРµ СЃСѓС‰РµСЃС‚РІСѓРµС‚ (СЃРёРјРІРѕР» 12)
2023-07-07 09:52:40.746 +05 [14964] РћРџР•Р РђРўРћР :  SELECT id, tag, name FROM "vs" ORDER BY id
2023-07-07 09:52:41.338 +05 [14964] РћРЁРР‘РљРђ:  СЃС‚РѕР»Р±РµС† "tag" РЅРµ СЃСѓС‰РµСЃС‚РІСѓРµС‚ (СЃРёРјРІРѕР» 12)
2023-07-07 09:52:41.338 +05 [14964] РћРџР•Р РђРўРћР :  SELECT id, tag, name FROM "vs" ORDER BY id
2023-07-07 09:53:28.123 +05 [7844] СООБЩЕНИЕ:  начата контрольная точка: time
2023-07-07 09:53:28.250 +05 [7844] СООБЩЕНИЕ:  контрольная точка завершена: записано буферов: 2 (0.0%); добавлено файлов WAL 0, удалено: 0, переработано: 0; запись=0.113 сек., синхр.=0.006 сек., всего=0.127 сек.; синхронизировано_файлов=2, самая_долгая_синхр.=0.004 сек., средняя=0.003 сек.; расстояние=8 kB, ожидалось=13 kB
2023-07-07 09:58:28.245 +05 [7844] СООБЩЕНИЕ:  начата контрольная точка: time
2023-07-07 09:58:34.792 +05 [7844] СООБЩЕНИЕ:  контрольная точка завершена: записано буферов: 57 (0.3%); добавлено файлов WAL 0, удалено: 0, переработано: 0; запись=6.515 сек., синхр.=0.023 сек., всего=6.547 сек.; синхронизировано_файлов=35, самая_долгая_синхр.=0.001 сек., средняя=0.001 сек.; расстояние=302 kB, ожидалось=302 kB
2023-07-07 10:03:28.803 +05 [7844] СООБЩЕНИЕ:  начата контрольная точка: time
2023-07-07 10:03:28.919 +05 [7844] СООБЩЕНИЕ:  контрольная точка завершена: записано буферов: 2 (0.0%); добавлено файлов WAL 0, удалено: 0, переработано: 0; запись=0.102 сек., синхр.=0.005 сек., всего=0.116 сек.; синхронизировано_файлов=2, самая_долгая_синхр.=0.004 сек., средняя=0.003 сек.; расстояние=4 kB, ожидалось=272 kB
2023-07-07 10:35:27.836 +05 [11656] РћРЁРР‘РљРђ:  СЃС‚РѕР»Р±РµС† "tag" РЅРµ СЃСѓС‰РµСЃС‚РІСѓРµС‚ (СЃРёРјРІРѕР» 12)
2023-07-07 10:35:27.836 +05 [11656] РћРџР•Р РђРўРћР :  SELECT id, tag, name FROM "umpna" ORDER BY id
2023-07-07 10:35:34.674 +05 [11656] РћРЁРР‘РљРђ:  СЃС‚РѕР»Р±РµС† "tag" РЅРµ СЃСѓС‰РµСЃС‚РІСѓРµС‚ (СЃРёРјРІРѕР» 12)
2023-07-07 10:35:34.674 +05 [11656] РћРџР•Р РђРўРћР :  SELECT id, tag, name FROM "zd" ORDER BY id
2023-07-07 10:36:55.244 +05 [11656] РћРЁРР‘РљРђ:  РїСѓСЃС‚РѕР№ РёРґРµРЅС‚РёС„РёРєР°С‚РѕСЂ РІ РєР°РІС‹С‡РєР°С… (РїСЂРёРјРµСЂРЅРѕРµ РїРѕР»РѕР¶РµРЅРёРµ: """") (СЃРёРјРІРѕР» 27)
2023-07-07 10:36:55.244 +05 [11656] РћРџР•Р РђРўРћР :  SELECT id, tag, name FROM "" ORDER BY id
2023-07-07 10:38:28.974 +05 [7844] СООБЩЕНИЕ:  начата контрольная точка: time
2023-07-07 10:38:29.105 +05 [7844] СООБЩЕНИЕ:  контрольная точка завершена: записано буферов: 1 (0.0%); добавлено файлов WAL 0, удалено: 0, переработано: 0; запись=0.116 сек., синхр.=0.004 сек., всего=0.131 сек.; синхронизировано_файлов=1, самая_долгая_синхр.=0.004 сек., средняя=0.004 сек.; расстояние=8 kB, ожидалось=246 kB
2023-07-07 10:40:14.463 +05 [11656] РЎРћРћР‘Р©Р•РќРР•:  РЅРµ СѓРґР°Р»РѕСЃСЊ РїРѕР»СѓС‡РёС‚СЊ РґР°РЅРЅС‹Рµ РѕС‚ РєР»РёРµРЅС‚Р°: An existing connection was forcibly closed by the remote host.
	
2023-07-07 10:40:26.555 +05 [9456] РћРЁРР‘РљРђ:  РїСѓСЃС‚РѕР№ РёРґРµРЅС‚РёС„РёРєР°С‚РѕСЂ РІ РєР°РІС‹С‡РєР°С… (РїСЂРёРјРµСЂРЅРѕРµ РїРѕР»РѕР¶РµРЅРёРµ: """") (СЃРёРјРІРѕР» 27)
2023-07-07 10:40:26.555 +05 [9456] РћРџР•Р РђРўРћР :  SELECT id, tag, name FROM "" ORDER BY id
2023-07-07 11:00:05.468 +05 [8960] РћРЁРР‘РљРђ:  РїСѓСЃС‚РѕР№ РёРґРµРЅС‚РёС„РёРєР°С‚РѕСЂ РІ РєР°РІС‹С‡РєР°С… (РїСЂРёРјРµСЂРЅРѕРµ РїРѕР»РѕР¶РµРЅРёРµ: """") (СЃРёРјРІРѕР» 27)
2023-07-07 11:00:05.468 +05 [8960] РћРџР•Р РђРўРћР :  SELECT id, tag, name FROM "" ORDER BY id
2023-07-07 11:00:45.428 +05 [144] РћРЁРР‘РљРђ:  РїСѓСЃС‚РѕР№ РёРґРµРЅС‚РёС„РёРєР°С‚РѕСЂ РІ РєР°РІС‹С‡РєР°С… (РїСЂРёРјРµСЂРЅРѕРµ РїРѕР»РѕР¶РµРЅРёРµ: """") (СЃРёРјРІРѕР» 27)
2023-07-07 11:00:45.428 +05 [144] РћРџР•Р РђРўРћР :  SELECT id, tag, name FROM "" ORDER BY id
2023-07-07 11:01:07.925 +05 [8080] РћРЁРР‘РљРђ:  РїСѓСЃС‚РѕР№ РёРґРµРЅС‚РёС„РёРєР°С‚РѕСЂ РІ РєР°РІС‹С‡РєР°С… (РїСЂРёРјРµСЂРЅРѕРµ РїРѕР»РѕР¶РµРЅРёРµ: """") (СЃРёРјРІРѕР» 27)
2023-07-07 11:01:07.925 +05 [8080] РћРџР•Р РђРўРћР :  SELECT id, tag, name FROM "" ORDER BY id
2023-07-07 11:10:27.779 +05 [11560] РћРЁРР‘РљРђ:  РїСѓСЃС‚РѕР№ РёРґРµРЅС‚РёС„РёРєР°С‚РѕСЂ РІ РєР°РІС‹С‡РєР°С… (РїСЂРёРјРµСЂРЅРѕРµ РїРѕР»РѕР¶РµРЅРёРµ: """") (СЃРёРјРІРѕР» 27)
2023-07-07 11:10:27.779 +05 [11560] РћРџР•Р РђРўРћР :  SELECT id, tag, name FROM "" ORDER BY id
2023-07-07 11:14:41.755 +05 [13968] РћРЁРР‘РљРђ:  РїСѓСЃС‚РѕР№ РёРґРµРЅС‚РёС„РёРєР°С‚РѕСЂ РІ РєР°РІС‹С‡РєР°С… (РїСЂРёРјРµСЂРЅРѕРµ РїРѕР»РѕР¶РµРЅРёРµ: """") (СЃРёРјРІРѕР» 27)
2023-07-07 11:14:41.755 +05 [13968] РћРџР•Р РђРўРћР :  SELECT id, tag, name FROM "" ORDER BY id
2023-07-07 11:14:45.546 +05 [13968] РЎРћРћР‘Р©Р•РќРР•:  РЅРµ СѓРґР°Р»РѕСЃСЊ РїРѕР»СѓС‡РёС‚СЊ РґР°РЅРЅС‹Рµ РѕС‚ РєР»РёРµРЅС‚Р°: An existing connection was forcibly closed by the remote host.
	
2023-07-07 11:17:27.043 +05 [14684] РћРЁРР‘РљРђ:  РїСѓСЃС‚РѕР№ РёРґРµРЅС‚РёС„РёРєР°С‚РѕСЂ РІ РєР°РІС‹С‡РєР°С… (РїСЂРёРјРµСЂРЅРѕРµ РїРѕР»РѕР¶РµРЅРёРµ: """") (СЃРёРјРІРѕР» 27)
2023-07-07 11:17:27.043 +05 [14684] РћРџР•Р РђРўРћР :  SELECT id, tag, name FROM "" ORDER BY id
2023-07-07 11:19:48.972 +05 [12904] РћРЁРР‘РљРђ:  РїСѓСЃС‚РѕР№ РёРґРµРЅС‚РёС„РёРєР°С‚РѕСЂ РІ РєР°РІС‹С‡РєР°С… (РїСЂРёРјРµСЂРЅРѕРµ РїРѕР»РѕР¶РµРЅРёРµ: """") (СЃРёРјРІРѕР» 27)
2023-07-07 11:19:48.972 +05 [12904] РћРџР•Р РђРўРћР :  SELECT id, tag, name FROM "" ORDER BY id
2023-07-07 11:20:08.139 +05 [12904] РЎРћРћР‘Р©Р•РќРР•:  РЅРµ СѓРґР°Р»РѕСЃСЊ РїРѕР»СѓС‡РёС‚СЊ РґР°РЅРЅС‹Рµ РѕС‚ РєР»РёРµРЅС‚Р°: An existing connection was forcibly closed by the remote host.
	
2023-07-07 11:20:30.379 +05 [6892] РћРЁРР‘РљРђ:  РїСѓСЃС‚РѕР№ РёРґРµРЅС‚РёС„РёРєР°С‚РѕСЂ РІ РєР°РІС‹С‡РєР°С… (РїСЂРёРјРµСЂРЅРѕРµ РїРѕР»РѕР¶РµРЅРёРµ: """") (СЃРёРјРІРѕР» 27)
2023-07-07 11:20:30.379 +05 [6892] РћРџР•Р РђРўРћР :  SELECT id, tag, name FROM "" ORDER BY id
2023-07-07 11:23:54.851 +05 [16224] РћРЁРР‘РљРђ:  РїСѓСЃС‚РѕР№ РёРґРµРЅС‚РёС„РёРєР°С‚РѕСЂ РІ РєР°РІС‹С‡РєР°С… (РїСЂРёРјРµСЂРЅРѕРµ РїРѕР»РѕР¶РµРЅРёРµ: """") (СЃРёРјРІРѕР» 27)
2023-07-07 11:23:54.851 +05 [16224] РћРџР•Р РђРўРћР :  SELECT id, tag, name FROM "" ORDER BY id
2023-07-07 11:25:34.019 +05 [16312] РћРЁРР‘РљРђ:  РїСѓСЃС‚РѕР№ РёРґРµРЅС‚РёС„РёРєР°С‚РѕСЂ РІ РєР°РІС‹С‡РєР°С… (РїСЂРёРјРµСЂРЅРѕРµ РїРѕР»РѕР¶РµРЅРёРµ: """") (СЃРёРјРІРѕР» 27)
2023-07-07 11:25:34.019 +05 [16312] РћРџР•Р РђРўРћР :  SELECT id, tag, name FROM "" ORDER BY id
2023-07-07 11:27:54.571 +05 [5640] РћРЁРР‘РљРђ:  РїСѓСЃС‚РѕР№ РёРґРµРЅС‚РёС„РёРєР°С‚РѕСЂ РІ РєР°РІС‹С‡РєР°С… (РїСЂРёРјРµСЂРЅРѕРµ РїРѕР»РѕР¶РµРЅРёРµ: """") (СЃРёРјРІРѕР» 27)
2023-07-07 11:27:54.571 +05 [5640] РћРџР•Р РђРўРћР :  SELECT id, tag, name FROM "" ORDER BY id
2023-07-07 12:49:48.596 +05 [14016] РЎРћРћР‘Р©Р•РќРР•:  РЅРµ СѓРґР°Р»РѕСЃСЊ РїРѕР»СѓС‡РёС‚СЊ РґР°РЅРЅС‹Рµ РѕС‚ РєР»РёРµРЅС‚Р°: An existing connection was forcibly closed by the remote host.
	
